<?xml version="1.0" encoding="utf-8"?>
<CoverageSession xmlns:xsd="http://www.w3.org/2001/XMLSchema" xmlns:xsi="http://www.w3.org/2001/XMLSchema-instance" Version="0.0.0.0">
  <Summary numSequencePoints="1330" visitedSequencePoints="998" numBranchPoints="0" visitedBranchPoints="0" sequenceCoverage="75.04" branchCoverage="0.0" maxCyclomaticComplexity="43" minCyclomaticComplexity="1" maxCrapScore="1051.33" minCrapScore="1" visitedClasses="29" numClasses="32" visitedMethods="119" numMethods="135" />
  <Modules>
    <Module>
      <Summary numSequencePoints="321" visitedSequencePoints="94" numBranchPoints="0" visitedBranchPoints="0" sequenceCoverage="29.28" branchCoverage="0.0" maxCyclomaticComplexity="43" minCyclomaticComplexity="1" maxCrapScore="1051.33" minCrapScore="1" visitedClasses="8" numClasses="10" visitedMethods="14" numMethods="19" />
      <ModuleTime>0001-01-01T00:00:00</ModuleTime>
      <ModuleName>Meryel.CodeAssist.Editor</ModuleName>
      <Files>
        <File uid="1" fullPath="/github/workspace/Assets/Plugins/CodeAssist/Editor/AboutWindow.cs" />
        <File uid="2" fullPath="/github/workspace/Assets/Plugins/CodeAssist/Editor/Assister.cs" />
        <File uid="3" fullPath="/github/workspace/Assets/Plugins/CodeAssist/Editor/FeedbackWindow.cs" />
        <File uid="4" fullPath="/github/workspace/Assets/Plugins/CodeAssist/Editor/Logger/CommonTools.cs" />
        <File uid="5" fullPath="/github/workspace/Assets/Plugins/CodeAssist/Editor/MainThreadDispatcher.cs" />
        <File uid="6" fullPath="/github/workspace/Assets/Plugins/CodeAssist/Editor/Monitor.cs" />
        <File uid="7" fullPath="/github/workspace/Assets/Plugins/CodeAssist/Editor/NetMQInitializer.cs" />
        <File uid="8" fullPath="/github/workspace/Assets/Plugins/CodeAssist/Editor/NetMQPublisher.cs" />
        <File uid="9" fullPath="/github/workspace/Assets/Plugins/CodeAssist/Editor/ScriptFinder.cs" />
        <File uid="10" fullPath="/github/workspace/Assets/Plugins/CodeAssist/Editor/StatusWindow.cs" />
        <File uid="11" fullPath="/github/workspace/Assets/Plugins/CodeAssist/Editor/UnityClassExtensions.cs" />
        <File uid="12" fullPath="/github/workspace/Assets/Plugins/CodeAssist/Editor/TinyJson/JsonParser.cs" />
        <File uid="13" fullPath="/github/workspace/Assets/Plugins/CodeAssist/Editor/TinyJson/JsonWriter.cs" />
        <File uid="14" fullPath="/github/workspace/Assets/Plugins/CodeAssist/Editor/Preferences/PreferenceEntryHolder.cs" />
        <File uid="15" fullPath="/github/workspace/Assets/Plugins/CodeAssist/Editor/Preferences/PreferenceMonitor.cs" />
        <File uid="16" fullPath="/github/workspace/Assets/Plugins/CodeAssist/Editor/Preferences/PreferenceStorageAccessor.cs" />
        <File uid="17" fullPath="/github/workspace/Assets/Plugins/CodeAssist/Editor/Preferences/RegistryMonitor.cs" />
        <File uid="18" fullPath="/github/workspace/Assets/Plugins/CodeAssist/Editor/Logger/DomainHashEnricher.cs" />
        <File uid="19" fullPath="/github/workspace/Assets/Plugins/CodeAssist/Editor/Logger/ELogger.cs" />
        <File uid="20" fullPath="/github/workspace/Assets/Plugins/CodeAssist/Editor/Logger/MemorySink.cs" />
        <File uid="21" fullPath="/github/workspace/Assets/Plugins/CodeAssist/Editor/Logger/UnitySink.cs" />
        <File uid="22" fullPath="/github/workspace/Assets/Plugins/CodeAssist/Editor/Input/Binary2TextExec.cs" />
        <File uid="23" fullPath="/github/workspace/Assets/Plugins/CodeAssist/Editor/Input/InputManagerMonitor.cs" />
        <File uid="24" fullPath="/github/workspace/Assets/Plugins/CodeAssist/Editor/Input/Text2Yaml.cs" />
        <File uid="25" fullPath="/github/workspace/Assets/Plugins/CodeAssist/Editor/Input/UnityInputManager.cs" />
        <File uid="26" fullPath="/github/workspace/Assets/Plugins/CodeAssist/Editor/EditorCoroutines/EditorCoroutine.cs" />
        <File uid="27" fullPath="/github/workspace/Assets/Plugins/CodeAssist/Editor/EditorCoroutines/EditorCoroutineUtility.cs" />
        <File uid="28" fullPath="/github/workspace/Assets/Plugins/CodeAssist/Editor/EditorCoroutines/EditorWaitForSeconds.cs" />
        <File uid="29" fullPath="/github/workspace/Assets/Plugins/CodeAssist/Editor/EditorCoroutines/EditorWindowCoroutineExtension.cs" />
      </Files>
      <Classes>
        <Class>
          <Summary numSequencePoints="6" visitedSequencePoints="3" numBranchPoints="0" visitedBranchPoints="0" sequenceCoverage="50.00" branchCoverage="0.0" maxCyclomaticComplexity="2" minCyclomaticComplexity="2" maxCrapScore="2.50" minCrapScore="2.50" visitedClasses="1" numClasses="1" visitedMethods="1" numMethods="1" />
          <FullName>Meryel.UnityCodeAssist.Editor.MainThreadDispatcher</FullName>
          <Methods>
            <Method visited="true" cyclomaticComplexity="2" nPathComplexity="0" sequenceCoverage="50.00" branchCoverage="0" crapScore="2.50" isConstructor="false" isStatic="true" isGetter="false" isSetter="false">
              <Summary numSequencePoints="6" visitedSequencePoints="3" numBranchPoints="0" visitedBranchPoints="0" sequenceCoverage="50.00" branchCoverage="0" maxCyclomaticComplexity="2" minCyclomaticComplexity="2" maxCrapScore="2.50" minCrapScore="2.50" visitedClasses="0" numClasses="0" visitedMethods="1" numMethods="1" />
              <MetadataToken>100663346</MetadataToken>
              <Name>static System.Void Meryel.UnityCodeAssist.Editor.MainThreadDispatcher::Update()</Name>
              <FileRef uid="5" />
              <SequencePoints>
                <SequencePoint vc="13" uspid="5004" ordinal="0" offset="0" sl="26" sc="9" el="26" ec="9" bec="0" bev="0" fileid="5" />
                <SequencePoint vc="13" uspid="5005" ordinal="0" offset="1" sl="27" sc="13" el="27" ec="13" bec="0" bev="0" fileid="5" />
                <SequencePoint vc="0" uspid="5006" ordinal="0" offset="17" sl="28" sc="13" el="28" ec="13" bec="0" bev="0" fileid="5" />
                <SequencePoint vc="0" uspid="5007" ordinal="0" offset="18" sl="29" sc="17" el="29" ec="17" bec="0" bev="0" fileid="5" />
                <SequencePoint vc="0" uspid="5008" ordinal="0" offset="25" sl="30" sc="13" el="30" ec="13" bec="0" bev="0" fileid="5" />
                <SequencePoint vc="13" uspid="5009" ordinal="0" offset="28" sl="31" sc="9" el="31" ec="9" bec="0" bev="0" fileid="5" />
              </SequencePoints>
              <BranchPoints />
            </Method>
          </Methods>
        </Class>
        <Class>
          <Summary numSequencePoints="42" visitedSequencePoints="20" numBranchPoints="0" visitedBranchPoints="0" sequenceCoverage="47.62" branchCoverage="0.0" maxCyclomaticComplexity="6" minCyclomaticComplexity="4" maxCrapScore="10.59" minCrapScore="4.07" visitedClasses="1" numClasses="1" visitedMethods="3" numMethods="3" />
          <FullName>Meryel.UnityCodeAssist.Editor.Monitor</FullName>
          <Methods>
            <Method visited="true" cyclomaticComplexity="5" nPathComplexity="0" sequenceCoverage="39.29" branchCoverage="0" crapScore="10.59" isConstructor="false" isStatic="true" isGetter="false" isSetter="false">
              <Summary numSequencePoints="28" visitedSequencePoints="11" numBranchPoints="0" visitedBranchPoints="0" sequenceCoverage="39.29" branchCoverage="0" maxCyclomaticComplexity="5" minCyclomaticComplexity="5" maxCrapScore="10.59" minCrapScore="10.59" visitedClasses="0" numClasses="0" visitedMethods="1" numMethods="1" />
              <MetadataToken>100663351</MetadataToken>
              <Name>static System.Void Meryel.UnityCodeAssist.Editor.Monitor::OnUpdate()</Name>
              <FileRef uid="6" />
              <SequencePoints>
                <SequencePoint vc="13" uspid="5022" ordinal="0" offset="0" sl="68" sc="9" el="68" ec="9" bec="0" bev="0" fileid="6" />
                <SequencePoint vc="13" uspid="5023" ordinal="0" offset="1" sl="69" sc="13" el="69" ec="13" bec="0" bev="0" fileid="6" />
                <SequencePoint vc="13" uspid="5024" ordinal="0" offset="3" sl="70" sc="13" el="70" ec="13" bec="0" bev="0" fileid="6" />
                <SequencePoint vc="0" uspid="5025" ordinal="0" offset="17" sl="71" sc="17" el="71" ec="17" bec="0" bev="0" fileid="6" />
                <SequencePoint vc="13" uspid="5026" ordinal="0" offset="33" sl="73" sc="13" el="73" ec="13" bec="0" bev="0" fileid="6" />
                <SequencePoint vc="13" uspid="5027" ordinal="0" offset="39" sl="75" sc="13" el="75" ec="13" bec="0" bev="0" fileid="6" />
                <SequencePoint vc="13" uspid="5028" ordinal="0" offset="40" sl="76" sc="17" el="76" ec="17" bec="0" bev="0" fileid="6" />
                <SequencePoint vc="13" uspid="5029" ordinal="0" offset="51" sl="77" sc="13" el="77" ec="13" bec="0" bev="0" fileid="6" />
                <SequencePoint vc="0" uspid="5030" ordinal="0" offset="54" sl="78" sc="13" el="78" ec="13" bec="0" bev="0" fileid="6" />
                <SequencePoint vc="0" uspid="5031" ordinal="0" offset="55" sl="79" sc="13" el="79" ec="13" bec="0" bev="0" fileid="6" />
                <SequencePoint vc="0" uspid="5032" ordinal="0" offset="56" sl="80" sc="17" el="80" ec="17" bec="0" bev="0" fileid="6" />
                <SequencePoint vc="0" uspid="5033" ordinal="0" offset="73" sl="81" sc="13" el="81" ec="13" bec="0" bev="0" fileid="6" />
                <SequencePoint vc="13" uspid="5034" ordinal="0" offset="76" sl="82" sc="13" el="82" ec="13" bec="0" bev="0" fileid="6" />
                <SequencePoint vc="0" uspid="5035" ordinal="0" offset="93" sl="83" sc="13" el="83" ec="13" bec="0" bev="0" fileid="6" />
                <SequencePoint vc="0" uspid="5036" ordinal="0" offset="94" sl="84" sc="17" el="84" ec="17" bec="0" bev="0" fileid="6" />
                <SequencePoint vc="0" uspid="5037" ordinal="0" offset="100" sl="85" sc="17" el="85" ec="17" bec="0" bev="0" fileid="6" />
                <SequencePoint vc="0" uspid="5038" ordinal="0" offset="106" sl="86" sc="13" el="86" ec="13" bec="0" bev="0" fileid="6" />
                <SequencePoint vc="13" uspid="5039" ordinal="0" offset="109" sl="87" sc="18" el="87" ec="18" bec="0" bev="0" fileid="6" />
                <SequencePoint vc="0" uspid="5040" ordinal="0" offset="126" sl="88" sc="13" el="88" ec="13" bec="0" bev="0" fileid="6" />
                <SequencePoint vc="0" uspid="5041" ordinal="0" offset="127" sl="90" sc="17" el="90" ec="17" bec="0" bev="0" fileid="6" />
                <SequencePoint vc="0" uspid="5042" ordinal="0" offset="133" sl="91" sc="13" el="91" ec="13" bec="0" bev="0" fileid="6" />
                <SequencePoint vc="13" uspid="5043" ordinal="0" offset="134" sl="94" sc="13" el="94" ec="13" bec="0" bev="0" fileid="6" />
                <SequencePoint vc="0" uspid="5044" ordinal="0" offset="155" sl="95" sc="13" el="95" ec="13" bec="0" bev="0" fileid="6" />
                <SequencePoint vc="0" uspid="5045" ordinal="0" offset="156" sl="96" sc="17" el="96" ec="17" bec="0" bev="0" fileid="6" />
                <SequencePoint vc="0" uspid="5046" ordinal="0" offset="166" sl="97" sc="17" el="97" ec="17" bec="0" bev="0" fileid="6" />
                <SequencePoint vc="0" uspid="5047" ordinal="0" offset="177" sl="98" sc="17" el="98" ec="17" bec="0" bev="0" fileid="6" />
                <SequencePoint vc="0" uspid="5048" ordinal="0" offset="193" sl="99" sc="13" el="99" ec="13" bec="0" bev="0" fileid="6" />
                <SequencePoint vc="13" uspid="5049" ordinal="0" offset="194" sl="100" sc="9" el="100" ec="9" bec="0" bev="0" fileid="6" />
              </SequencePoints>
              <BranchPoints />
            </Method>
            <Method visited="true" cyclomaticComplexity="4" nPathComplexity="0" sequenceCoverage="83.33" branchCoverage="0" crapScore="4.07" isConstructor="false" isStatic="true" isGetter="false" isSetter="false">
              <Summary numSequencePoints="6" visitedSequencePoints="5" numBranchPoints="0" visitedBranchPoints="0" sequenceCoverage="83.33" branchCoverage="0" maxCyclomaticComplexity="4" minCyclomaticComplexity="4" maxCrapScore="4.07" minCrapScore="4.07" visitedClasses="0" numClasses="0" visitedMethods="1" numMethods="1" />
              <MetadataToken>100663353</MetadataToken>
              <Name>static System.Void Meryel.UnityCodeAssist.Editor.Monitor::OnHierarchyChanged()</Name>
              <FileRef uid="6" />
              <SequencePoints>
                <SequencePoint vc="3" uspid="5054" ordinal="0" offset="0" sl="110" sc="9" el="110" ec="9" bec="0" bev="0" fileid="6" />
                <SequencePoint vc="3" uspid="5055" ordinal="0" offset="1" sl="111" sc="13" el="111" ec="13" bec="0" bev="0" fileid="6" />
                <SequencePoint vc="3" uspid="5056" ordinal="0" offset="17" sl="114" sc="13" el="114" ec="13" bec="0" bev="0" fileid="6" />
                <SequencePoint vc="3" uspid="5057" ordinal="0" offset="34" sl="116" sc="13" el="116" ec="13" bec="0" bev="0" fileid="6" />
                <SequencePoint vc="0" uspid="5058" ordinal="0" offset="45" sl="117" sc="17" el="117" ec="17" bec="0" bev="0" fileid="6" />
                <SequencePoint vc="3" uspid="5059" ordinal="0" offset="63" sl="119" sc="9" el="119" ec="9" bec="0" bev="0" fileid="6" />
              </SequencePoints>
              <BranchPoints />
            </Method>
            <Method visited="true" cyclomaticComplexity="6" nPathComplexity="0" sequenceCoverage="50.00" branchCoverage="0" crapScore="10.50" isConstructor="false" isStatic="true" isGetter="false" isSetter="false">
              <Summary numSequencePoints="8" visitedSequencePoints="4" numBranchPoints="0" visitedBranchPoints="0" sequenceCoverage="50.00" branchCoverage="0" maxCyclomaticComplexity="6" minCyclomaticComplexity="6" maxCrapScore="10.50" minCrapScore="10.50" visitedClasses="0" numClasses="0" visitedMethods="1" numMethods="1" />
              <MetadataToken>100663361</MetadataToken>
              <Name>static System.Void Meryel.UnityCodeAssist.Editor.Monitor::Application_logMessageReceived(System.String, System.String, UnityEngine.LogType)</Name>
              <FileRef uid="6" />
              <SequencePoints>
                <SequencePoint vc="1" uspid="5125" ordinal="0" offset="0" sl="222" sc="9" el="222" ec="9" bec="0" bev="0" fileid="6" />
                <SequencePoint vc="1" uspid="5126" ordinal="0" offset="1" sl="223" sc="13" el="223" ec="13" bec="0" bev="0" fileid="6" />
                <SequencePoint vc="1" uspid="5127" ordinal="0" offset="22" sl="224" sc="17" el="224" ec="17" bec="0" bev="0" fileid="6" />
                <SequencePoint vc="0" uspid="5128" ordinal="0" offset="24" sl="226" sc="13" el="226" ec="13" bec="0" bev="0" fileid="6" />
                <SequencePoint vc="0" uspid="5129" ordinal="0" offset="42" sl="227" sc="17" el="227" ec="17" bec="0" bev="0" fileid="6" />
                <SequencePoint vc="0" uspid="5130" ordinal="0" offset="44" sl="229" sc="13" el="229" ec="13" bec="0" bev="0" fileid="6" />
                <SequencePoint vc="0" uspid="5131" ordinal="0" offset="58" sl="231" sc="13" el="231" ec="13" bec="0" bev="0" fileid="6" />
                <SequencePoint vc="1" uspid="5132" ordinal="0" offset="78" sl="232" sc="9" el="232" ec="9" bec="0" bev="0" fileid="6" />
              </SequencePoints>
              <BranchPoints />
            </Method>
          </Methods>
        </Class>
        <Class>
          <Summary numSequencePoints="28" visitedSequencePoints="19" numBranchPoints="0" visitedBranchPoints="0" sequenceCoverage="67.86" branchCoverage="0.0" maxCyclomaticComplexity="3" minCyclomaticComplexity="1" maxCrapScore="3.10" minCrapScore="1" visitedClasses="1" numClasses="1" visitedMethods="4" numMethods="6" />
          <FullName>Meryel.UnityCodeAssist.Editor.NetMQPublisher</FullName>
          <Methods>
            <Method visited="true" cyclomaticComplexity="1" nPathComplexity="0" sequenceCoverage="100.0" branchCoverage="0" crapScore="1" isConstructor="false" isStatic="false" isGetter="false" isSetter="false">
              <Summary numSequencePoints="4" visitedSequencePoints="4" numBranchPoints="0" visitedBranchPoints="0" sequenceCoverage="100.0" branchCoverage="0" maxCyclomaticComplexity="1" minCyclomaticComplexity="1" maxCrapScore="1" minCrapScore="1" visitedClasses="0" numClasses="0" visitedMethods="1" numMethods="1" />
              <MetadataToken>100663379</MetadataToken>
              <Name>System.String Meryel.UnityCodeAssist.Editor.NetMQPublisher::SerializeObject[T](T)</Name>
              <FileRef uid="8" />
              <SequencePoints>
                <SequencePoint vc="3" uspid="5297" ordinal="0" offset="0" sl="301" sc="0" el="301" ec="0" bec="0" bev="0" fileid="8" />
                <SequencePoint vc="3" uspid="5298" ordinal="0" offset="1" sl="315" sc="0" el="315" ec="0" bec="0" bev="0" fileid="8" />
                <SequencePoint vc="3" uspid="5299" ordinal="0" offset="13" sl="317" sc="0" el="317" ec="0" bec="0" bev="0" fileid="8" />
                <SequencePoint vc="3" uspid="5300" ordinal="0" offset="17" sl="318" sc="0" el="318" ec="0" bec="0" bev="0" fileid="8" />
              </SequencePoints>
              <BranchPoints />
            </Method>
            <Method visited="true" cyclomaticComplexity="2" nPathComplexity="0" sequenceCoverage="80.00" branchCoverage="0" crapScore="2.03" isConstructor="false" isStatic="false" isGetter="false" isSetter="false">
              <Summary numSequencePoints="5" visitedSequencePoints="4" numBranchPoints="0" visitedBranchPoints="0" sequenceCoverage="80.00" branchCoverage="0" maxCyclomaticComplexity="2" minCyclomaticComplexity="2" maxCrapScore="2.03" minCrapScore="2.03" visitedClasses="0" numClasses="0" visitedMethods="1" numMethods="1" />
              <MetadataToken>100663380</MetadataToken>
              <Name>System.Void Meryel.UnityCodeAssist.Editor.NetMQPublisher::SendAux(Meryel.UnityCodeAssist.Synchronizer.Model.IMessage, System.Boolean)</Name>
              <FileRef uid="8" />
              <SequencePoints>
                <SequencePoint vc="3" uspid="5301" ordinal="0" offset="0" sl="321" sc="9" el="321" ec="9" bec="0" bev="0" fileid="8" />
                <SequencePoint vc="3" uspid="5302" ordinal="0" offset="1" sl="322" sc="13" el="322" ec="13" bec="0" bev="0" fileid="8" />
                <SequencePoint vc="0" uspid="5303" ordinal="0" offset="9" sl="323" sc="17" el="323" ec="17" bec="0" bev="0" fileid="8" />
                <SequencePoint vc="3" uspid="5304" ordinal="0" offset="11" sl="325" sc="13" el="325" ec="13" bec="0" bev="0" fileid="8" />
                <SequencePoint vc="3" uspid="5305" ordinal="0" offset="31" sl="326" sc="9" el="326" ec="9" bec="0" bev="0" fileid="8" />
              </SequencePoints>
              <BranchPoints />
            </Method>
            <Method visited="true" cyclomaticComplexity="3" nPathComplexity="0" sequenceCoverage="77.78" branchCoverage="0" crapScore="3.10" isConstructor="false" isStatic="false" isGetter="false" isSetter="false">
              <Summary numSequencePoints="9" visitedSequencePoints="7" numBranchPoints="0" visitedBranchPoints="0" sequenceCoverage="77.78" branchCoverage="0" maxCyclomaticComplexity="3" minCyclomaticComplexity="3" maxCrapScore="3.10" minCrapScore="3.10" visitedClasses="0" numClasses="0" visitedMethods="1" numMethods="1" />
              <MetadataToken>100663381</MetadataToken>
              <Name>System.Void Meryel.UnityCodeAssist.Editor.NetMQPublisher::SendAux(System.String, System.Object, System.Boolean)</Name>
              <FileRef uid="8" />
              <SequencePoints>
                <SequencePoint vc="3" uspid="5306" ordinal="0" offset="0" sl="329" sc="9" el="329" ec="9" bec="0" bev="0" fileid="8" />
                <SequencePoint vc="3" uspid="5307" ordinal="0" offset="1" sl="330" sc="13" el="330" ec="13" bec="0" bev="0" fileid="8" />
                <SequencePoint vc="3" uspid="5308" ordinal="0" offset="6" sl="331" sc="17" el="331" ec="17" bec="0" bev="0" fileid="8" />
                <SequencePoint vc="0" uspid="5309" ordinal="0" offset="21" sl="333" sc="17" el="333" ec="17" bec="0" bev="0" fileid="8" />
                <SequencePoint vc="3" uspid="5310" ordinal="0" offset="33" sl="335" sc="13" el="335" ec="13" bec="0" bev="0" fileid="8" />
                <SequencePoint vc="3" uspid="5311" ordinal="0" offset="40" sl="336" sc="13" el="336" ec="13" bec="0" bev="0" fileid="8" />
                <SequencePoint vc="3" uspid="5312" ordinal="0" offset="48" sl="337" sc="17" el="337" ec="17" bec="0" bev="0" fileid="8" />
                <SequencePoint vc="0" uspid="5313" ordinal="0" offset="71" sl="339" sc="17" el="339" ec="17" bec="0" bev="0" fileid="8" />
                <SequencePoint vc="3" uspid="5314" ordinal="0" offset="82" sl="340" sc="9" el="340" ec="9" bec="0" bev="0" fileid="8" />
              </SequencePoints>
              <BranchPoints />
            </Method>
            <Method visited="true" cyclomaticComplexity="1" nPathComplexity="0" sequenceCoverage="100.0" branchCoverage="0" crapScore="1" isConstructor="false" isStatic="false" isGetter="false" isSetter="false">
              <Summary numSequencePoints="4" visitedSequencePoints="4" numBranchPoints="0" visitedBranchPoints="0" sequenceCoverage="100.0" branchCoverage="0" maxCyclomaticComplexity="1" minCyclomaticComplexity="1" maxCrapScore="1" minCrapScore="1" visitedClasses="0" numClasses="0" visitedMethods="1" numMethods="1" />
              <MetadataToken>100663385</MetadataToken>
              <Name>System.Void Meryel.UnityCodeAssist.Editor.NetMQPublisher::SendHandshake()</Name>
              <FileRef uid="8" />
              <SequencePoints>
                <SequencePoint vc="3" uspid="5327" ordinal="0" offset="0" sl="378" sc="9" el="378" ec="9" bec="0" bev="0" fileid="8" />
                <SequencePoint vc="3" uspid="5328" ordinal="0" offset="1" sl="379" sc="13" el="379" ec="13" bec="0" bev="0" fileid="8" />
                <SequencePoint vc="3" uspid="5329" ordinal="0" offset="7" sl="381" sc="13" el="381" ec="13" bec="0" bev="0" fileid="8" />
                <SequencePoint vc="3" uspid="5330" ordinal="0" offset="16" sl="382" sc="9" el="382" ec="9" bec="0" bev="0" fileid="8" />
              </SequencePoints>
              <BranchPoints />
            </Method>
            <Method visited="false" cyclomaticComplexity="1" nPathComplexity="0" sequenceCoverage="0.0" branchCoverage="0" crapScore="2" isConstructor="false" isStatic="false" isGetter="false" isSetter="false">
              <Summary numSequencePoints="3" visitedSequencePoints="0" numBranchPoints="0" visitedBranchPoints="0" sequenceCoverage="0.0" branchCoverage="0" maxCyclomaticComplexity="1" minCyclomaticComplexity="1" maxCrapScore="2" minCrapScore="2" visitedClasses="0" numClasses="0" visitedMethods="0" numMethods="1" />
              <MetadataToken>100663402</MetadataToken>
              <Name>System.String Meryel.UnityCodeAssist.Editor.NetMQPublisher.Meryel.UnityCodeAssist.Synchronizer.Model.IProcessor::Serialize[T](T)</Name>
              <FileRef uid="8" />
              <SequencePoints>
                <SequencePoint vc="0" uspid="5417" ordinal="0" offset="0" sl="602" sc="0" el="602" ec="0" bec="0" bev="0" fileid="8" />
                <SequencePoint vc="0" uspid="5418" ordinal="0" offset="1" sl="605" sc="0" el="605" ec="0" bec="0" bev="0" fileid="8" />
                <SequencePoint vc="0" uspid="5419" ordinal="0" offset="11" sl="606" sc="0" el="606" ec="0" bec="0" bev="0" fileid="8" />
              </SequencePoints>
              <BranchPoints />
            </Method>
            <Method visited="false" cyclomaticComplexity="1" nPathComplexity="0" sequenceCoverage="0.0" branchCoverage="0" crapScore="2" isConstructor="false" isStatic="false" isGetter="false" isSetter="false">
              <Summary numSequencePoints="3" visitedSequencePoints="0" numBranchPoints="0" visitedBranchPoints="0" sequenceCoverage="0.0" branchCoverage="0" maxCyclomaticComplexity="1" minCyclomaticComplexity="1" maxCrapScore="2" minCrapScore="2" visitedClasses="0" numClasses="0" visitedMethods="0" numMethods="1" />
              <MetadataToken>100663403</MetadataToken>
              <Name>T Meryel.UnityCodeAssist.Editor.NetMQPublisher.Meryel.UnityCodeAssist.Synchronizer.Model.IProcessor::Deserialize[T](System.String)</Name>
              <FileRef uid="8" />
              <SequencePoints>
                <SequencePoint vc="0" uspid="5420" ordinal="0" offset="0" sl="608" sc="0" el="608" ec="0" bec="0" bev="0" fileid="8" />
                <SequencePoint vc="0" uspid="5421" ordinal="0" offset="1" sl="611" sc="0" el="611" ec="0" bec="0" bev="0" fileid="8" />
                <SequencePoint vc="0" uspid="5422" ordinal="0" offset="10" sl="616" sc="0" el="616" ec="0" bec="0" bev="0" fileid="8" />
              </SequencePoints>
              <BranchPoints />
            </Method>
          </Methods>
        </Class>
        <Class>
          <Summary numSequencePoints="4" visitedSequencePoints="4" numBranchPoints="0" visitedBranchPoints="0" sequenceCoverage="100.0" branchCoverage="0.0" maxCyclomaticComplexity="3" minCyclomaticComplexity="3" maxCrapScore="3" minCrapScore="3" visitedClasses="1" numClasses="1" visitedMethods="1" numMethods="1" />
          <FullName>Meryel.UnityCodeAssist.Editor.ScriptFinder</FullName>
          <Methods>
            <Method visited="true" cyclomaticComplexity="3" nPathComplexity="0" sequenceCoverage="100.0" branchCoverage="0" crapScore="3" isConstructor="false" isStatic="true" isGetter="false" isSetter="false">
              <Summary numSequencePoints="4" visitedSequencePoints="4" numBranchPoints="0" visitedBranchPoints="0" sequenceCoverage="100.0" branchCoverage="0" maxCyclomaticComplexity="3" minCyclomaticComplexity="3" maxCrapScore="3" minCrapScore="3" visitedClasses="0" numClasses="0" visitedMethods="1" numMethods="1" />
              <MetadataToken>100663427</MetadataToken>
              <Name>static System.Boolean Meryel.UnityCodeAssist.Editor.ScriptFinder::GetActiveGameObject(UnityEngine.GameObject&amp;)</Name>
              <FileRef uid="9" />
              <SequencePoints>
                <SequencePoint vc="3" uspid="5712" ordinal="0" offset="0" sl="299" sc="9" el="299" ec="9" bec="0" bev="0" fileid="9" />
                <SequencePoint vc="3" uspid="5713" ordinal="0" offset="1" sl="300" sc="13" el="300" ec="13" bec="0" bev="0" fileid="9" />
                <SequencePoint vc="3" uspid="5714" ordinal="0" offset="8" sl="301" sc="13" el="301" ec="13" bec="0" bev="0" fileid="9" />
                <SequencePoint vc="3" uspid="5715" ordinal="0" offset="24" sl="302" sc="9" el="302" ec="9" bec="0" bev="0" fileid="9" />
              </SequencePoints>
              <BranchPoints />
            </Method>
          </Methods>
        </Class>
        <Class>
          <Summary numSequencePoints="41" visitedSequencePoints="0" numBranchPoints="0" visitedBranchPoints="0" sequenceCoverage="0.0" branchCoverage="0.0" maxCyclomaticComplexity="8" minCyclomaticComplexity="5" maxCrapScore="72" minCrapScore="30" visitedClasses="0" numClasses="1" visitedMethods="0" numMethods="2" />
          <FullName>Meryel.UnityCodeAssist.Editor.TinyJson.JsonParser</FullName>
          <Methods>
            <Method visited="false" cyclomaticComplexity="8" nPathComplexity="0" sequenceCoverage="0.0" branchCoverage="0" crapScore="72" isConstructor="false" isStatic="true" isGetter="false" isSetter="false">
              <Summary numSequencePoints="21" visitedSequencePoints="0" numBranchPoints="0" visitedBranchPoints="0" sequenceCoverage="0.0" branchCoverage="0" maxCyclomaticComplexity="8" minCyclomaticComplexity="8" maxCrapScore="72" minCrapScore="72" visitedClasses="0" numClasses="0" visitedMethods="0" numMethods="1" />
              <MetadataToken>100663447</MetadataToken>
              <Name>static T Meryel.UnityCodeAssist.Editor.TinyJson.JsonParser::FromJson[T](System.String)</Name>
              <FileRef uid="12" />
              <SequencePoints>
                <SequencePoint vc="0" uspid="5948" ordinal="0" offset="0" sl="40" sc="0" el="40" ec="0" bec="0" bev="0" fileid="12" />
                <SequencePoint vc="0" uspid="5949" ordinal="0" offset="1" sl="42" sc="0" el="42" ec="0" bec="0" bev="0" fileid="12" />
                <SequencePoint vc="0" uspid="5950" ordinal="0" offset="18" sl="43" sc="0" el="43" ec="0" bec="0" bev="0" fileid="12" />
                <SequencePoint vc="0" uspid="5951" ordinal="0" offset="35" sl="44" sc="0" el="44" ec="0" bec="0" bev="0" fileid="12" />
                <SequencePoint vc="0" uspid="5952" ordinal="0" offset="52" sl="45" sc="0" el="45" ec="0" bec="0" bev="0" fileid="12" />
                <SequencePoint vc="0" uspid="5953" ordinal="0" offset="69" sl="48" sc="0" el="48" ec="0" bec="0" bev="0" fileid="12" />
                <SequencePoint vc="0" uspid="5954" ordinal="0" offset="81" sl="49" sc="0" el="49" ec="0" bec="0" bev="0" fileid="12" />
                <SequencePoint vc="0" uspid="5955" ordinal="0" offset="85" sl="50" sc="0" el="50" ec="0" bec="0" bev="0" fileid="12" />
                <SequencePoint vc="0" uspid="5956" ordinal="0" offset="86" sl="51" sc="0" el="51" ec="0" bec="0" bev="0" fileid="12" />
                <SequencePoint vc="0" uspid="5957" ordinal="0" offset="94" sl="52" sc="0" el="52" ec="0" bec="0" bev="0" fileid="12" />
                <SequencePoint vc="0" uspid="5958" ordinal="0" offset="103" sl="53" sc="0" el="53" ec="0" bec="0" bev="0" fileid="12" />
                <SequencePoint vc="0" uspid="5959" ordinal="0" offset="104" sl="54" sc="0" el="54" ec="0" bec="0" bev="0" fileid="12" />
                <SequencePoint vc="0" uspid="5960" ordinal="0" offset="113" sl="55" sc="0" el="55" ec="0" bec="0" bev="0" fileid="12" />
                <SequencePoint vc="0" uspid="5961" ordinal="0" offset="115" sl="57" sc="0" el="57" ec="0" bec="0" bev="0" fileid="12" />
                <SequencePoint vc="0" uspid="5962" ordinal="0" offset="125" sl="58" sc="0" el="58" ec="0" bec="0" bev="0" fileid="12" />
                <SequencePoint vc="0" uspid="5963" ordinal="0" offset="127" sl="60" sc="0" el="60" ec="0" bec="0" bev="0" fileid="12" />
                <SequencePoint vc="0" uspid="5964" ordinal="0" offset="139" sl="61" sc="0" el="61" ec="0" bec="0" bev="0" fileid="12" />
                <SequencePoint vc="0" uspid="5965" ordinal="0" offset="140" sl="49" sc="0" el="49" ec="0" bec="0" bev="0" fileid="12" />
                <SequencePoint vc="0" uspid="5966" ordinal="0" offset="144" sl="49" sc="0" el="49" ec="0" bec="0" bev="0" fileid="12" />
                <SequencePoint vc="0" uspid="5967" ordinal="0" offset="159" sl="64" sc="0" el="64" ec="0" bec="0" bev="0" fileid="12" />
                <SequencePoint vc="0" uspid="5968" ordinal="0" offset="193" sl="65" sc="0" el="65" ec="0" bec="0" bev="0" fileid="12" />
              </SequencePoints>
              <BranchPoints />
            </Method>
            <Method visited="false" cyclomaticComplexity="5" nPathComplexity="0" sequenceCoverage="0.0" branchCoverage="0" crapScore="30" isConstructor="false" isStatic="true" isGetter="false" isSetter="false">
              <Summary numSequencePoints="20" visitedSequencePoints="0" numBranchPoints="0" visitedBranchPoints="0" sequenceCoverage="0.0" branchCoverage="0" maxCyclomaticComplexity="5" minCyclomaticComplexity="5" maxCrapScore="30" minCrapScore="30" visitedClasses="0" numClasses="0" visitedMethods="0" numMethods="1" />
              <MetadataToken>100663452</MetadataToken>
              <Name>static System.Collections.Generic.Dictionary[String,T] Meryel.UnityCodeAssist.Editor.TinyJson.JsonParser::CreateMemberNameDictionary[T]()</Name>
              <FileRef uid="12" />
              <SequencePoints>
                <SequencePoint vc="0" uspid="6175" ordinal="0" offset="0" sl="316" sc="0" el="316" ec="0" bec="0" bev="0" fileid="12" />
                <SequencePoint vc="0" uspid="6176" ordinal="0" offset="1" sl="317" sc="0" el="317" ec="0" bec="0" bev="0" fileid="12" />
                <SequencePoint vc="0" uspid="6177" ordinal="0" offset="12" sl="318" sc="0" el="318" ec="0" bec="0" bev="0" fileid="12" />
                <SequencePoint vc="0" uspid="6178" ordinal="0" offset="19" sl="319" sc="0" el="319" ec="0" bec="0" bev="0" fileid="12" />
                <SequencePoint vc="0" uspid="6179" ordinal="0" offset="20" sl="320" sc="0" el="320" ec="0" bec="0" bev="0" fileid="12" />
                <SequencePoint vc="0" uspid="6180" ordinal="0" offset="28" sl="321" sc="0" el="321" ec="0" bec="0" bev="0" fileid="12" />
                <SequencePoint vc="0" uspid="6181" ordinal="0" offset="56" sl="322" sc="0" el="322" ec="0" bec="0" bev="0" fileid="12" />
                <SequencePoint vc="0" uspid="6182" ordinal="0" offset="58" sl="324" sc="0" el="324" ec="0" bec="0" bev="0" fileid="12" />
                <SequencePoint vc="0" uspid="6183" ordinal="0" offset="70" sl="325" sc="0" el="325" ec="0" bec="0" bev="0" fileid="12" />
                <SequencePoint vc="0" uspid="6184" ordinal="0" offset="98" sl="326" sc="0" el="326" ec="0" bec="0" bev="0" fileid="12" />
                <SequencePoint vc="0" uspid="6185" ordinal="0" offset="99" sl="327" sc="0" el="327" ec="0" bec="0" bev="0" fileid="12" />
                <SequencePoint vc="0" uspid="6186" ordinal="0" offset="128" sl="328" sc="0" el="328" ec="0" bec="0" bev="0" fileid="12" />
                <SequencePoint vc="0" uspid="6187" ordinal="0" offset="149" sl="329" sc="0" el="329" ec="0" bec="0" bev="0" fileid="12" />
                <SequencePoint vc="0" uspid="6188" ordinal="0" offset="157" sl="330" sc="0" el="330" ec="0" bec="0" bev="0" fileid="12" />
                <SequencePoint vc="0" uspid="6189" ordinal="0" offset="158" sl="332" sc="0" el="332" ec="0" bec="0" bev="0" fileid="12" />
                <SequencePoint vc="0" uspid="6190" ordinal="0" offset="167" sl="333" sc="0" el="333" ec="0" bec="0" bev="0" fileid="12" />
                <SequencePoint vc="0" uspid="6191" ordinal="0" offset="168" sl="318" sc="0" el="318" ec="0" bec="0" bev="0" fileid="12" />
                <SequencePoint vc="0" uspid="6192" ordinal="0" offset="172" sl="318" sc="0" el="318" ec="0" bec="0" bev="0" fileid="12" />
                <SequencePoint vc="0" uspid="6193" ordinal="0" offset="187" sl="335" sc="0" el="335" ec="0" bec="0" bev="0" fileid="12" />
                <SequencePoint vc="0" uspid="6194" ordinal="0" offset="192" sl="336" sc="0" el="336" ec="0" bec="0" bev="0" fileid="12" />
              </SequencePoints>
              <BranchPoints />
            </Method>
          </Methods>
        </Class>
        <Class>
          <Summary numSequencePoints="158" visitedSequencePoints="33" numBranchPoints="0" visitedBranchPoints="0" sequenceCoverage="20.89" branchCoverage="0.0" maxCyclomaticComplexity="43" minCyclomaticComplexity="1" maxCrapScore="1051.33" minCrapScore="1" visitedClasses="1" numClasses="1" visitedMethods="2" numMethods="2" />
          <FullName>Meryel.UnityCodeAssist.Editor.TinyJson.JsonWriter</FullName>
          <Methods>
            <Method visited="true" cyclomaticComplexity="1" nPathComplexity="0" sequenceCoverage="100.0" branchCoverage="0" crapScore="1" isConstructor="false" isStatic="true" isGetter="false" isSetter="false">
              <Summary numSequencePoints="5" visitedSequencePoints="5" numBranchPoints="0" visitedBranchPoints="0" sequenceCoverage="100.0" branchCoverage="0" maxCyclomaticComplexity="1" minCyclomaticComplexity="1" maxCrapScore="1" minCrapScore="1" visitedClasses="0" numClasses="0" visitedMethods="1" numMethods="1" />
              <MetadataToken>100663454</MetadataToken>
              <Name>static System.String Meryel.UnityCodeAssist.Editor.TinyJson.JsonWriter::ToJson(System.Object)</Name>
              <FileRef uid="13" />
              <SequencePoints>
                <SequencePoint vc="3" uspid="6225" ordinal="0" offset="0" sl="23" sc="9" el="23" ec="9" bec="0" bev="0" fileid="13" />
                <SequencePoint vc="3" uspid="6226" ordinal="0" offset="1" sl="24" sc="13" el="24" ec="13" bec="0" bev="0" fileid="13" />
                <SequencePoint vc="3" uspid="6227" ordinal="0" offset="7" sl="25" sc="13" el="25" ec="13" bec="0" bev="0" fileid="13" />
                <SequencePoint vc="3" uspid="6228" ordinal="0" offset="15" sl="26" sc="13" el="26" ec="13" bec="0" bev="0" fileid="13" />
                <SequencePoint vc="3" uspid="6229" ordinal="0" offset="24" sl="27" sc="9" el="27" ec="9" bec="0" bev="0" fileid="13" />
              </SequencePoints>
              <BranchPoints />
            </Method>
            <Method visited="true" cyclomaticComplexity="43" nPathComplexity="0" sequenceCoverage="18.30" branchCoverage="0" crapScore="1051.33" isConstructor="false" isStatic="true" isGetter="false" isSetter="false">
              <Summary numSequencePoints="153" visitedSequencePoints="28" numBranchPoints="0" visitedBranchPoints="0" sequenceCoverage="18.30" branchCoverage="0" maxCyclomaticComplexity="43" minCyclomaticComplexity="43" maxCrapScore="1051.33" minCrapScore="1051.33" visitedClasses="0" numClasses="0" visitedMethods="1" numMethods="1" />
              <MetadataToken>100663455</MetadataToken>
              <Name>static System.Void Meryel.UnityCodeAssist.Editor.TinyJson.JsonWriter::AppendValue(System.Text.StringBuilder, System.Object)</Name>
              <FileRef uid="13" />
              <SequencePoints>
                <SequencePoint vc="3" uspid="6230" ordinal="0" offset="0" sl="30" sc="9" el="30" ec="9" bec="0" bev="0" fileid="13" />
                <SequencePoint vc="3" uspid="6231" ordinal="0" offset="1" sl="31" sc="13" el="31" ec="13" bec="0" bev="0" fileid="13" />
                <SequencePoint vc="0" uspid="6232" ordinal="0" offset="9" sl="32" sc="13" el="32" ec="13" bec="0" bev="0" fileid="13" />
                <SequencePoint vc="0" uspid="6233" ordinal="0" offset="10" sl="33" sc="17" el="33" ec="17" bec="0" bev="0" fileid="13" />
                <SequencePoint vc="0" uspid="6234" ordinal="0" offset="22" sl="34" sc="17" el="34" ec="17" bec="0" bev="0" fileid="13" />
                <SequencePoint vc="3" uspid="6235" ordinal="0" offset="27" sl="37" sc="13" el="37" ec="13" bec="0" bev="0" fileid="13" />
                <SequencePoint vc="3" uspid="6236" ordinal="0" offset="34" sl="38" sc="13" el="38" ec="13" bec="0" bev="0" fileid="13" />
                <SequencePoint vc="0" uspid="6237" ordinal="0" offset="78" sl="39" sc="13" el="39" ec="13" bec="0" bev="0" fileid="13" />
                <SequencePoint vc="0" uspid="6238" ordinal="0" offset="79" sl="40" sc="17" el="40" ec="17" bec="0" bev="0" fileid="13" />
                <SequencePoint vc="0" uspid="6239" ordinal="0" offset="88" sl="41" sc="17" el="41" ec="17" bec="0" bev="0" fileid="13" />
                <SequencePoint vc="0" uspid="6240" ordinal="0" offset="95" sl="42" sc="22" el="42" ec="22" bec="0" bev="0" fileid="13" />
                <SequencePoint vc="0" uspid="6241" ordinal="0" offset="103" sl="43" sc="21" el="43" ec="21" bec="0" bev="0" fileid="13" />
                <SequencePoint vc="0" uspid="6242" ordinal="0" offset="148" sl="44" sc="21" el="44" ec="21" bec="0" bev="0" fileid="13" />
                <SequencePoint vc="0" uspid="6243" ordinal="0" offset="149" sl="45" sc="25" el="45" ec="25" bec="0" bev="0" fileid="13" />
                <SequencePoint vc="0" uspid="6244" ordinal="0" offset="158" sl="46" sc="25" el="46" ec="25" bec="0" bev="0" fileid="13" />
                <SequencePoint vc="0" uspid="6245" ordinal="0" offset="178" sl="47" sc="25" el="47" ec="25" bec="0" bev="0" fileid="13" />
                <SequencePoint vc="0" uspid="6246" ordinal="0" offset="192" sl="48" sc="29" el="48" ec="29" bec="0" bev="0" fileid="13" />
                <SequencePoint vc="0" uspid="6247" ordinal="0" offset="213" sl="50" sc="29" el="50" ec="29" bec="0" bev="0" fileid="13" />
                <SequencePoint vc="0" uspid="6248" ordinal="0" offset="238" sl="51" sc="21" el="51" ec="21" bec="0" bev="0" fileid="13" />
                <SequencePoint vc="0" uspid="6249" ordinal="0" offset="241" sl="53" sc="25" el="53" ec="25" bec="0" bev="0" fileid="13" />
                <SequencePoint vc="0" uspid="6250" ordinal="0" offset="256" sl="42" sc="49" el="42" ec="49" bec="0" bev="0" fileid="13" />
                <SequencePoint vc="0" uspid="6251" ordinal="0" offset="262" sl="42" sc="33" el="42" ec="33" bec="0" bev="0" fileid="13" />
                <SequencePoint vc="0" uspid="6252" ordinal="0" offset="281" sl="54" sc="17" el="54" ec="17" bec="0" bev="0" fileid="13" />
                <SequencePoint vc="0" uspid="6253" ordinal="0" offset="290" sl="55" sc="13" el="55" ec="13" bec="0" bev="0" fileid="13" />
                <SequencePoint vc="3" uspid="6254" ordinal="0" offset="296" sl="56" sc="18" el="56" ec="18" bec="0" bev="0" fileid="13" />
                <SequencePoint vc="0" uspid="6255" ordinal="0" offset="339" sl="57" sc="13" el="57" ec="13" bec="0" bev="0" fileid="13" />
                <SequencePoint vc="0" uspid="6256" ordinal="0" offset="340" sl="58" sc="17" el="58" ec="17" bec="0" bev="0" fileid="13" />
                <SequencePoint vc="0" uspid="6257" ordinal="0" offset="353" sl="59" sc="13" el="59" ec="13" bec="0" bev="0" fileid="13" />
                <SequencePoint vc="3" uspid="6258" ordinal="0" offset="359" sl="60" sc="18" el="60" ec="18" bec="0" bev="0" fileid="13" />
                <SequencePoint vc="0" uspid="6259" ordinal="0" offset="402" sl="61" sc="13" el="61" ec="13" bec="0" bev="0" fileid="13" />
                <SequencePoint vc="0" uspid="6260" ordinal="0" offset="403" sl="62" sc="17" el="62" ec="17" bec="0" bev="0" fileid="13" />
                <SequencePoint vc="0" uspid="6261" ordinal="0" offset="416" sl="63" sc="13" el="63" ec="13" bec="0" bev="0" fileid="13" />
                <SequencePoint vc="3" uspid="6262" ordinal="0" offset="422" sl="64" sc="18" el="64" ec="18" bec="0" bev="0" fileid="13" />
                <SequencePoint vc="0" uspid="6263" ordinal="0" offset="465" sl="65" sc="13" el="65" ec="13" bec="0" bev="0" fileid="13" />
                <SequencePoint vc="0" uspid="6264" ordinal="0" offset="466" sl="66" sc="17" el="66" ec="17" bec="0" bev="0" fileid="13" />
                <SequencePoint vc="0" uspid="6265" ordinal="0" offset="479" sl="67" sc="13" el="67" ec="13" bec="0" bev="0" fileid="13" />
                <SequencePoint vc="3" uspid="6266" ordinal="0" offset="485" sl="68" sc="18" el="68" ec="18" bec="0" bev="0" fileid="13" />
                <SequencePoint vc="0" uspid="6267" ordinal="0" offset="528" sl="69" sc="13" el="69" ec="13" bec="0" bev="0" fileid="13" />
                <SequencePoint vc="0" uspid="6268" ordinal="0" offset="529" sl="70" sc="17" el="70" ec="17" bec="0" bev="0" fileid="13" />
                <SequencePoint vc="0" uspid="6269" ordinal="0" offset="542" sl="71" sc="13" el="71" ec="13" bec="0" bev="0" fileid="13" />
                <SequencePoint vc="3" uspid="6270" ordinal="0" offset="548" sl="72" sc="18" el="72" ec="18" bec="0" bev="0" fileid="13" />
                <SequencePoint vc="0" uspid="6271" ordinal="0" offset="570" sl="73" sc="13" el="73" ec="13" bec="0" bev="0" fileid="13" />
                <SequencePoint vc="0" uspid="6272" ordinal="0" offset="571" sl="74" sc="17" el="74" ec="17" bec="0" bev="0" fileid="13" />
                <SequencePoint vc="0" uspid="6273" ordinal="0" offset="598" sl="75" sc="13" el="75" ec="13" bec="0" bev="0" fileid="13" />
                <SequencePoint vc="3" uspid="6274" ordinal="0" offset="604" sl="76" sc="18" el="76" ec="18" bec="0" bev="0" fileid="13" />
                <SequencePoint vc="0" uspid="6275" ordinal="0" offset="626" sl="77" sc="13" el="77" ec="13" bec="0" bev="0" fileid="13" />
                <SequencePoint vc="0" uspid="6276" ordinal="0" offset="627" sl="78" sc="17" el="78" ec="17" bec="0" bev="0" fileid="13" />
                <SequencePoint vc="0" uspid="6277" ordinal="0" offset="654" sl="79" sc="13" el="79" ec="13" bec="0" bev="0" fileid="13" />
                <SequencePoint vc="3" uspid="6278" ordinal="0" offset="660" sl="80" sc="18" el="80" ec="18" bec="0" bev="0" fileid="13" />
                <SequencePoint vc="0" uspid="6279" ordinal="0" offset="682" sl="81" sc="13" el="81" ec="13" bec="0" bev="0" fileid="13" />
                <SequencePoint vc="0" uspid="6280" ordinal="0" offset="683" sl="82" sc="17" el="82" ec="17" bec="0" bev="0" fileid="13" />
                <SequencePoint vc="0" uspid="6281" ordinal="0" offset="710" sl="83" sc="13" el="83" ec="13" bec="0" bev="0" fileid="13" />
                <SequencePoint vc="3" uspid="6282" ordinal="0" offset="716" sl="84" sc="18" el="84" ec="18" bec="0" bev="0" fileid="13" />
                <SequencePoint vc="0" uspid="6283" ordinal="0" offset="738" sl="85" sc="13" el="85" ec="13" bec="0" bev="0" fileid="13" />
                <SequencePoint vc="0" uspid="6284" ordinal="0" offset="739" sl="86" sc="17" el="86" ec="17" bec="0" bev="0" fileid="13" />
                <SequencePoint vc="0" uspid="6285" ordinal="0" offset="766" sl="87" sc="13" el="87" ec="13" bec="0" bev="0" fileid="13" />
                <SequencePoint vc="3" uspid="6286" ordinal="0" offset="772" sl="88" sc="18" el="88" ec="18" bec="0" bev="0" fileid="13" />
                <SequencePoint vc="0" uspid="6287" ordinal="0" offset="794" sl="89" sc="13" el="89" ec="13" bec="0" bev="0" fileid="13" />
                <SequencePoint vc="0" uspid="6288" ordinal="0" offset="795" sl="90" sc="17" el="90" ec="17" bec="0" bev="0" fileid="13" />
                <SequencePoint vc="0" uspid="6289" ordinal="0" offset="804" sl="91" sc="17" el="91" ec="17" bec="0" bev="0" fileid="13" />
                <SequencePoint vc="0" uspid="6290" ordinal="0" offset="831" sl="92" sc="17" el="92" ec="17" bec="0" bev="0" fileid="13" />
                <SequencePoint vc="0" uspid="6291" ordinal="0" offset="840" sl="93" sc="13" el="93" ec="13" bec="0" bev="0" fileid="13" />
                <SequencePoint vc="3" uspid="6292" ordinal="0" offset="846" sl="94" sc="18" el="94" ec="18" bec="0" bev="0" fileid="13" />
                <SequencePoint vc="0" uspid="6293" ordinal="0" offset="858" sl="95" sc="13" el="95" ec="13" bec="0" bev="0" fileid="13" />
                <SequencePoint vc="0" uspid="6294" ordinal="0" offset="859" sl="96" sc="17" el="96" ec="17" bec="0" bev="0" fileid="13" />
                <SequencePoint vc="0" uspid="6295" ordinal="0" offset="868" sl="97" sc="17" el="97" ec="17" bec="0" bev="0" fileid="13" />
                <SequencePoint vc="0" uspid="6296" ordinal="0" offset="881" sl="98" sc="17" el="98" ec="17" bec="0" bev="0" fileid="13" />
                <SequencePoint vc="0" uspid="6297" ordinal="0" offset="890" sl="99" sc="13" el="99" ec="13" bec="0" bev="0" fileid="13" />
                <SequencePoint vc="3" uspid="6298" ordinal="0" offset="896" sl="100" sc="18" el="100" ec="18" bec="0" bev="0" fileid="13" />
                <SequencePoint vc="0" uspid="6299" ordinal="0" offset="911" sl="101" sc="13" el="101" ec="13" bec="0" bev="0" fileid="13" />
                <SequencePoint vc="0" uspid="6300" ordinal="0" offset="912" sl="102" sc="17" el="102" ec="17" bec="0" bev="0" fileid="13" />
                <SequencePoint vc="0" uspid="6301" ordinal="0" offset="921" sl="103" sc="17" el="103" ec="17" bec="0" bev="0" fileid="13" />
                <SequencePoint vc="0" uspid="6302" ordinal="0" offset="924" sl="104" sc="17" el="104" ec="17" bec="0" bev="0" fileid="13" />
                <SequencePoint vc="0" uspid="6303" ordinal="0" offset="932" sl="105" sc="22" el="105" ec="22" bec="0" bev="0" fileid="13" />
                <SequencePoint vc="0" uspid="6304" ordinal="0" offset="937" sl="106" sc="17" el="106" ec="17" bec="0" bev="0" fileid="13" />
                <SequencePoint vc="0" uspid="6305" ordinal="0" offset="938" sl="107" sc="21" el="107" ec="21" bec="0" bev="0" fileid="13" />
                <SequencePoint vc="0" uspid="6306" ordinal="0" offset="946" sl="108" sc="25" el="108" ec="25" bec="0" bev="0" fileid="13" />
                <SequencePoint vc="0" uspid="6307" ordinal="0" offset="951" sl="110" sc="25" el="110" ec="25" bec="0" bev="0" fileid="13" />
                <SequencePoint vc="0" uspid="6308" ordinal="0" offset="960" sl="111" sc="21" el="111" ec="21" bec="0" bev="0" fileid="13" />
                <SequencePoint vc="0" uspid="6309" ordinal="0" offset="976" sl="112" sc="17" el="112" ec="17" bec="0" bev="0" fileid="13" />
                <SequencePoint vc="0" uspid="6310" ordinal="0" offset="977" sl="105" sc="49" el="105" ec="49" bec="0" bev="0" fileid="13" />
                <SequencePoint vc="0" uspid="6311" ordinal="0" offset="983" sl="105" sc="33" el="105" ec="33" bec="0" bev="0" fileid="13" />
                <SequencePoint vc="0" uspid="6312" ordinal="0" offset="1000" sl="113" sc="17" el="113" ec="17" bec="0" bev="0" fileid="13" />
                <SequencePoint vc="0" uspid="6313" ordinal="0" offset="1009" sl="114" sc="13" el="114" ec="13" bec="0" bev="0" fileid="13" />
                <SequencePoint vc="3" uspid="6314" ordinal="0" offset="1015" sl="115" sc="18" el="115" ec="18" bec="0" bev="0" fileid="13" />
                <SequencePoint vc="0" uspid="6315" ordinal="0" offset="1056" sl="116" sc="13" el="116" ec="13" bec="0" bev="0" fileid="13" />
                <SequencePoint vc="0" uspid="6316" ordinal="0" offset="1057" sl="117" sc="17" el="117" ec="17" bec="0" bev="0" fileid="13" />
                <SequencePoint vc="0" uspid="6317" ordinal="0" offset="1067" sl="120" sc="17" el="120" ec="17" bec="0" bev="0" fileid="13" />
                <SequencePoint vc="0" uspid="6318" ordinal="0" offset="1090" sl="121" sc="17" el="121" ec="17" bec="0" bev="0" fileid="13" />
                <SequencePoint vc="0" uspid="6319" ordinal="0" offset="1091" sl="122" sc="21" el="122" ec="21" bec="0" bev="0" fileid="13" />
                <SequencePoint vc="0" uspid="6320" ordinal="0" offset="1103" sl="123" sc="21" el="123" ec="21" bec="0" bev="0" fileid="13" />
                <SequencePoint vc="0" uspid="6321" ordinal="0" offset="1108" sl="126" sc="17" el="126" ec="17" bec="0" bev="0" fileid="13" />
                <SequencePoint vc="0" uspid="6322" ordinal="0" offset="1117" sl="127" sc="17" el="127" ec="17" bec="0" bev="0" fileid="13" />
                <SequencePoint vc="0" uspid="6323" ordinal="0" offset="1125" sl="128" sc="17" el="128" ec="17" bec="0" bev="0" fileid="13" />
                <SequencePoint vc="0" uspid="6324" ordinal="0" offset="1128" sl="129" sc="17" el="129" ec="17" bec="0" bev="0" fileid="13" />
                <SequencePoint vc="0" uspid="6325" ordinal="0" offset="1129" sl="129" sc="40" el="129" ec="40" bec="0" bev="0" fileid="13" />
                <SequencePoint vc="0" uspid="6326" ordinal="0" offset="1145" sl="129" sc="26" el="129" ec="26" bec="0" bev="0" fileid="13" />
                <SequencePoint vc="0" uspid="6327" ordinal="0" offset="1154" sl="130" sc="17" el="130" ec="17" bec="0" bev="0" fileid="13" />
                <SequencePoint vc="0" uspid="6328" ordinal="0" offset="1155" sl="131" sc="21" el="131" ec="21" bec="0" bev="0" fileid="13" />
                <SequencePoint vc="0" uspid="6329" ordinal="0" offset="1163" sl="132" sc="25" el="132" ec="25" bec="0" bev="0" fileid="13" />
                <SequencePoint vc="0" uspid="6330" ordinal="0" offset="1168" sl="134" sc="25" el="134" ec="25" bec="0" bev="0" fileid="13" />
                <SequencePoint vc="0" uspid="6331" ordinal="0" offset="1177" sl="135" sc="21" el="135" ec="21" bec="0" bev="0" fileid="13" />
                <SequencePoint vc="0" uspid="6332" ordinal="0" offset="1186" sl="136" sc="21" el="136" ec="21" bec="0" bev="0" fileid="13" />
                <SequencePoint vc="0" uspid="6333" ordinal="0" offset="1200" sl="137" sc="21" el="137" ec="21" bec="0" bev="0" fileid="13" />
                <SequencePoint vc="0" uspid="6334" ordinal="0" offset="1212" sl="138" sc="21" el="138" ec="21" bec="0" bev="0" fileid="13" />
                <SequencePoint vc="0" uspid="6335" ordinal="0" offset="1228" sl="139" sc="17" el="139" ec="17" bec="0" bev="0" fileid="13" />
                <SequencePoint vc="0" uspid="6336" ordinal="0" offset="1229" sl="129" sc="37" el="129" ec="37" bec="0" bev="0" fileid="13" />
                <SequencePoint vc="0" uspid="6337" ordinal="0" offset="1262" sl="140" sc="17" el="140" ec="17" bec="0" bev="0" fileid="13" />
                <SequencePoint vc="0" uspid="6338" ordinal="0" offset="1271" sl="141" sc="13" el="141" ec="13" bec="0" bev="0" fileid="13" />
                <SequencePoint vc="3" uspid="6339" ordinal="0" offset="1277" sl="143" sc="13" el="143" ec="13" bec="0" bev="0" fileid="13" />
                <SequencePoint vc="3" uspid="6340" ordinal="0" offset="1278" sl="144" sc="17" el="144" ec="17" bec="0" bev="0" fileid="13" />
                <SequencePoint vc="3" uspid="6341" ordinal="0" offset="1287" sl="146" sc="17" el="146" ec="17" bec="0" bev="0" fileid="13" />
                <SequencePoint vc="3" uspid="6342" ordinal="0" offset="1290" sl="147" sc="17" el="147" ec="17" bec="0" bev="0" fileid="13" />
                <SequencePoint vc="3" uspid="6343" ordinal="0" offset="1300" sl="148" sc="22" el="148" ec="22" bec="0" bev="0" fileid="13" />
                <SequencePoint vc="0" uspid="6344" ordinal="0" offset="1308" sl="149" sc="17" el="149" ec="17" bec="0" bev="0" fileid="13" />
                <SequencePoint vc="0" uspid="6345" ordinal="0" offset="1309" sl="150" sc="21" el="150" ec="21" bec="0" bev="0" fileid="13" />
                <SequencePoint vc="0" uspid="6346" ordinal="0" offset="1336" sl="151" sc="25" el="151" ec="25" bec="0" bev="0" fileid="13" />
                <SequencePoint vc="0" uspid="6347" ordinal="0" offset="1338" sl="153" sc="21" el="153" ec="21" bec="0" bev="0" fileid="13" />
                <SequencePoint vc="0" uspid="6348" ordinal="0" offset="1351" sl="154" sc="21" el="154" ec="21" bec="0" bev="0" fileid="13" />
                <SequencePoint vc="0" uspid="6349" ordinal="0" offset="1362" sl="155" sc="21" el="155" ec="21" bec="0" bev="0" fileid="13" />
                <SequencePoint vc="0" uspid="6350" ordinal="0" offset="1363" sl="156" sc="25" el="156" ec="25" bec="0" bev="0" fileid="13" />
                <SequencePoint vc="0" uspid="6351" ordinal="0" offset="1371" sl="157" sc="29" el="157" ec="29" bec="0" bev="0" fileid="13" />
                <SequencePoint vc="0" uspid="6352" ordinal="0" offset="1376" sl="159" sc="29" el="159" ec="29" bec="0" bev="0" fileid="13" />
                <SequencePoint vc="0" uspid="6353" ordinal="0" offset="1385" sl="160" sc="25" el="160" ec="25" bec="0" bev="0" fileid="13" />
                <SequencePoint vc="0" uspid="6354" ordinal="0" offset="1394" sl="161" sc="25" el="161" ec="25" bec="0" bev="0" fileid="13" />
                <SequencePoint vc="0" uspid="6355" ordinal="0" offset="1411" sl="162" sc="25" el="162" ec="25" bec="0" bev="0" fileid="13" />
                <SequencePoint vc="0" uspid="6356" ordinal="0" offset="1423" sl="163" sc="25" el="163" ec="25" bec="0" bev="0" fileid="13" />
                <SequencePoint vc="0" uspid="6357" ordinal="0" offset="1432" sl="164" sc="21" el="164" ec="21" bec="0" bev="0" fileid="13" />
                <SequencePoint vc="0" uspid="6358" ordinal="0" offset="1433" sl="165" sc="17" el="165" ec="17" bec="0" bev="0" fileid="13" />
                <SequencePoint vc="0" uspid="6359" ordinal="0" offset="1434" sl="148" sc="56" el="148" ec="56" bec="0" bev="0" fileid="13" />
                <SequencePoint vc="3" uspid="6360" ordinal="0" offset="1440" sl="148" sc="33" el="148" ec="33" bec="0" bev="0" fileid="13" />
                <SequencePoint vc="3" uspid="6361" ordinal="0" offset="1457" sl="166" sc="17" el="166" ec="17" bec="0" bev="0" fileid="13" />
                <SequencePoint vc="3" uspid="6362" ordinal="0" offset="1467" sl="167" sc="22" el="167" ec="22" bec="0" bev="0" fileid="13" />
                <SequencePoint vc="0" uspid="6363" ordinal="0" offset="1475" sl="168" sc="17" el="168" ec="17" bec="0" bev="0" fileid="13" />
                <SequencePoint vc="0" uspid="6364" ordinal="0" offset="1476" sl="169" sc="21" el="169" ec="21" bec="0" bev="0" fileid="13" />
                <SequencePoint vc="0" uspid="6365" ordinal="0" offset="1518" sl="170" sc="25" el="170" ec="25" bec="0" bev="0" fileid="13" />
                <SequencePoint vc="0" uspid="6366" ordinal="0" offset="1520" sl="172" sc="21" el="172" ec="21" bec="0" bev="0" fileid="13" />
                <SequencePoint vc="0" uspid="6367" ordinal="0" offset="1534" sl="173" sc="21" el="173" ec="21" bec="0" bev="0" fileid="13" />
                <SequencePoint vc="0" uspid="6368" ordinal="0" offset="1545" sl="174" sc="21" el="174" ec="21" bec="0" bev="0" fileid="13" />
                <SequencePoint vc="0" uspid="6369" ordinal="0" offset="1546" sl="175" sc="25" el="175" ec="25" bec="0" bev="0" fileid="13" />
                <SequencePoint vc="0" uspid="6370" ordinal="0" offset="1554" sl="176" sc="29" el="176" ec="29" bec="0" bev="0" fileid="13" />
                <SequencePoint vc="0" uspid="6371" ordinal="0" offset="1559" sl="178" sc="29" el="178" ec="29" bec="0" bev="0" fileid="13" />
                <SequencePoint vc="0" uspid="6372" ordinal="0" offset="1568" sl="179" sc="25" el="179" ec="25" bec="0" bev="0" fileid="13" />
                <SequencePoint vc="0" uspid="6373" ordinal="0" offset="1577" sl="180" sc="25" el="180" ec="25" bec="0" bev="0" fileid="13" />
                <SequencePoint vc="0" uspid="6374" ordinal="0" offset="1594" sl="181" sc="25" el="181" ec="25" bec="0" bev="0" fileid="13" />
                <SequencePoint vc="0" uspid="6375" ordinal="0" offset="1606" sl="182" sc="25" el="182" ec="25" bec="0" bev="0" fileid="13" />
                <SequencePoint vc="0" uspid="6376" ordinal="0" offset="1615" sl="183" sc="21" el="183" ec="21" bec="0" bev="0" fileid="13" />
                <SequencePoint vc="0" uspid="6377" ordinal="0" offset="1616" sl="184" sc="17" el="184" ec="17" bec="0" bev="0" fileid="13" />
                <SequencePoint vc="0" uspid="6378" ordinal="0" offset="1617" sl="167" sc="58" el="167" ec="58" bec="0" bev="0" fileid="13" />
                <SequencePoint vc="3" uspid="6379" ordinal="0" offset="1623" sl="167" sc="33" el="167" ec="33" bec="0" bev="0" fileid="13" />
                <SequencePoint vc="3" uspid="6380" ordinal="0" offset="1640" sl="186" sc="17" el="186" ec="17" bec="0" bev="0" fileid="13" />
                <SequencePoint vc="3" uspid="6381" ordinal="0" offset="1649" sl="187" sc="13" el="187" ec="13" bec="0" bev="0" fileid="13" />
                <SequencePoint vc="3" uspid="6382" ordinal="0" offset="1650" sl="188" sc="9" el="188" ec="9" bec="0" bev="0" fileid="13" />
              </SequencePoints>
              <BranchPoints />
            </Method>
          </Methods>
        </Class>
        <Class>
          <Summary numSequencePoints="3" visitedSequencePoints="3" numBranchPoints="0" visitedBranchPoints="0" sequenceCoverage="100.0" branchCoverage="0.0" maxCyclomaticComplexity="1" minCyclomaticComplexity="1" maxCrapScore="1" minCrapScore="1" visitedClasses="1" numClasses="1" visitedMethods="1" numMethods="1" />
          <FullName>Meryel.UnityCodeAssist.Editor.Logger.DomainHashEnricher</FullName>
          <Methods>
            <Method visited="true" cyclomaticComplexity="1" nPathComplexity="0" sequenceCoverage="100.0" branchCoverage="0" crapScore="1" isConstructor="false" isStatic="false" isGetter="false" isSetter="false">
              <Summary numSequencePoints="3" visitedSequencePoints="3" numBranchPoints="0" visitedBranchPoints="0" sequenceCoverage="100.0" branchCoverage="0" maxCyclomaticComplexity="1" minCyclomaticComplexity="1" maxCrapScore="1" minCrapScore="1" visitedClasses="0" numClasses="0" visitedMethods="1" numMethods="1" />
              <MetadataToken>100663516</MetadataToken>
              <Name>System.Void Meryel.UnityCodeAssist.Editor.Logger.DomainHashEnricher::Enrich(Serilog.Events.LogEvent, Serilog.Core.ILogEventPropertyFactory)</Name>
              <FileRef uid="18" />
              <SequencePoints>
                <SequencePoint vc="6" uspid="6804" ordinal="0" offset="0" sl="25" sc="9" el="25" ec="9" bec="0" bev="0" fileid="18" />
                <SequencePoint vc="6" uspid="6805" ordinal="0" offset="1" sl="26" sc="13" el="26" ec="13" bec="0" bev="0" fileid="18" />
                <SequencePoint vc="6" uspid="6806" ordinal="0" offset="30" sl="28" sc="9" el="28" ec="9" bec="0" bev="0" fileid="18" />
              </SequencePoints>
              <BranchPoints />
            </Method>
          </Methods>
        </Class>
        <Class>
          <Summary numSequencePoints="9" visitedSequencePoints="5" numBranchPoints="0" visitedBranchPoints="0" sequenceCoverage="55.56" branchCoverage="0.0" maxCyclomaticComplexity="2" minCyclomaticComplexity="2" maxCrapScore="2.35" minCrapScore="2.35" visitedClasses="1" numClasses="1" visitedMethods="1" numMethods="1" />
          <FullName>Meryel.UnityCodeAssist.Editor.Logger.MyDestructuringPolicy</FullName>
          <Methods>
            <Method visited="true" cyclomaticComplexity="2" nPathComplexity="0" sequenceCoverage="55.56" branchCoverage="0" crapScore="2.35" isConstructor="false" isStatic="false" isGetter="false" isSetter="false">
              <Summary numSequencePoints="9" visitedSequencePoints="5" numBranchPoints="0" visitedBranchPoints="0" sequenceCoverage="55.56" branchCoverage="0" maxCyclomaticComplexity="2" minCyclomaticComplexity="2" maxCrapScore="2.35" minCrapScore="2.35" visitedClasses="0" numClasses="0" visitedMethods="1" numMethods="1" />
              <MetadataToken>100663537</MetadataToken>
              <Name>System.Boolean Meryel.UnityCodeAssist.Editor.Logger.MyDestructuringPolicy::TryDestructure(System.Object, Serilog.Core.ILogEventPropertyValueFactory, Serilog.Events.LogEventPropertyValue&amp;)</Name>
              <FileRef uid="19" />
              <SequencePoints>
                <SequencePoint vc="3" uspid="6886" ordinal="0" offset="13" sl="174" sc="9" el="174" ec="9" bec="0" bev="0" fileid="19" />
                <SequencePoint vc="3" uspid="6887" ordinal="0" offset="14" sl="175" sc="13" el="175" ec="13" bec="0" bev="0" fileid="19" />
                <SequencePoint vc="0" uspid="6888" ordinal="0" offset="29" sl="176" sc="13" el="176" ec="13" bec="0" bev="0" fileid="19" />
                <SequencePoint vc="0" uspid="6889" ordinal="0" offset="30" sl="177" sc="17" el="177" ec="17" bec="0" bev="0" fileid="19" />
                <SequencePoint vc="0" uspid="6890" ordinal="0" offset="54" sl="178" sc="17" el="178" ec="17" bec="0" bev="0" fileid="19" />
                <SequencePoint vc="0" uspid="6891" ordinal="0" offset="62" sl="179" sc="17" el="179" ec="17" bec="0" bev="0" fileid="19" />
                <SequencePoint vc="3" uspid="6892" ordinal="0" offset="67" sl="182" sc="13" el="182" ec="13" bec="0" bev="0" fileid="19" />
                <SequencePoint vc="3" uspid="6893" ordinal="0" offset="70" sl="183" sc="13" el="183" ec="13" bec="0" bev="0" fileid="19" />
                <SequencePoint vc="3" uspid="6894" ordinal="0" offset="75" sl="184" sc="9" el="184" ec="9" bec="0" bev="0" fileid="19" />
              </SequencePoints>
              <BranchPoints />
            </Method>
          </Methods>
        </Class>
        <Class>
          <Summary numSequencePoints="21" visitedSequencePoints="7" numBranchPoints="0" visitedBranchPoints="0" sequenceCoverage="33.33" branchCoverage="0.0" maxCyclomaticComplexity="7" minCyclomaticComplexity="7" maxCrapScore="21.52" minCrapScore="21.52" visitedClasses="1" numClasses="1" visitedMethods="1" numMethods="1" />
          <FullName>Meryel.UnityCodeAssist.Editor.Logger.MemorySink</FullName>
          <Methods>
            <Method visited="true" cyclomaticComplexity="7" nPathComplexity="0" sequenceCoverage="33.33" branchCoverage="0" crapScore="21.52" isConstructor="false" isStatic="false" isGetter="false" isSetter="false">
              <Summary numSequencePoints="21" visitedSequencePoints="7" numBranchPoints="0" visitedBranchPoints="0" sequenceCoverage="33.33" branchCoverage="0" maxCyclomaticComplexity="7" minCyclomaticComplexity="7" maxCrapScore="21.52" minCrapScore="21.52" visitedClasses="0" numClasses="0" visitedMethods="1" numMethods="1" />
              <MetadataToken>100663540</MetadataToken>
              <Name>System.Void Meryel.UnityCodeAssist.Editor.Logger.MemorySink::Emit(Serilog.Events.LogEvent)</Name>
              <FileRef uid="20" />
              <SequencePoints>
                <SequencePoint vc="6" uspid="6895" ordinal="0" offset="0" sl="42" sc="9" el="42" ec="9" bec="0" bev="0" fileid="20" />
                <SequencePoint vc="6" uspid="6896" ordinal="0" offset="1" sl="43" sc="13" el="43" ec="13" bec="0" bev="0" fileid="20" />
                <SequencePoint vc="0" uspid="6897" ordinal="0" offset="9" sl="44" sc="17" el="44" ec="17" bec="0" bev="0" fileid="20" />
                <SequencePoint vc="6" uspid="6898" ordinal="0" offset="14" sl="46" sc="13" el="46" ec="13" bec="0" bev="0" fileid="20" />
                <SequencePoint vc="6" uspid="6899" ordinal="0" offset="27" sl="47" sc="13" el="47" ec="13" bec="0" bev="0" fileid="20" />
                <SequencePoint vc="0" uspid="6900" ordinal="0" offset="46" sl="48" sc="17" el="48" ec="17" bec="0" bev="0" fileid="20" />
                <SequencePoint vc="6" uspid="6901" ordinal="0" offset="60" sl="50" sc="13" el="50" ec="13" bec="0" bev="0" fileid="20" />
                <SequencePoint vc="0" uspid="6902" ordinal="0" offset="73" sl="51" sc="13" el="51" ec="13" bec="0" bev="0" fileid="20" />
                <SequencePoint vc="0" uspid="6903" ordinal="0" offset="74" sl="52" sc="17" el="52" ec="17" bec="0" bev="0" fileid="20" />
                <SequencePoint vc="0" uspid="6904" ordinal="0" offset="87" sl="53" sc="17" el="53" ec="17" bec="0" bev="0" fileid="20" />
                <SequencePoint vc="0" uspid="6905" ordinal="0" offset="101" sl="54" sc="17" el="54" ec="17" bec="0" bev="0" fileid="20" />
                <SequencePoint vc="0" uspid="6906" ordinal="0" offset="121" sl="55" sc="21" el="55" ec="21" bec="0" bev="0" fileid="20" />
                <SequencePoint vc="0" uspid="6907" ordinal="0" offset="135" sl="56" sc="13" el="56" ec="13" bec="0" bev="0" fileid="20" />
                <SequencePoint vc="6" uspid="6908" ordinal="0" offset="136" sl="58" sc="13" el="58" ec="13" bec="0" bev="0" fileid="20" />
                <SequencePoint vc="0" uspid="6909" ordinal="0" offset="151" sl="59" sc="13" el="59" ec="13" bec="0" bev="0" fileid="20" />
                <SequencePoint vc="0" uspid="6910" ordinal="0" offset="152" sl="60" sc="17" el="60" ec="17" bec="0" bev="0" fileid="20" />
                <SequencePoint vc="0" uspid="6911" ordinal="0" offset="165" sl="61" sc="17" el="61" ec="17" bec="0" bev="0" fileid="20" />
                <SequencePoint vc="0" uspid="6912" ordinal="0" offset="179" sl="62" sc="17" el="62" ec="17" bec="0" bev="0" fileid="20" />
                <SequencePoint vc="0" uspid="6913" ordinal="0" offset="199" sl="63" sc="21" el="63" ec="21" bec="0" bev="0" fileid="20" />
                <SequencePoint vc="0" uspid="6914" ordinal="0" offset="213" sl="64" sc="13" el="64" ec="13" bec="0" bev="0" fileid="20" />
                <SequencePoint vc="6" uspid="6915" ordinal="0" offset="214" sl="65" sc="9" el="65" ec="9" bec="0" bev="0" fileid="20" />
              </SequencePoints>
              <BranchPoints />
            </Method>
          </Methods>
        </Class>
        <Class>
          <Summary numSequencePoints="9" visitedSequencePoints="0" numBranchPoints="0" visitedBranchPoints="0" sequenceCoverage="0.0" branchCoverage="0.0" maxCyclomaticComplexity="2" minCyclomaticComplexity="2" maxCrapScore="6" minCrapScore="6" visitedClasses="0" numClasses="1" visitedMethods="0" numMethods="1" />
          <FullName>Meryel.UnityCodeAssist.Editor.Input.Extensions</FullName>
          <Methods>
            <Method visited="false" cyclomaticComplexity="2" nPathComplexity="0" sequenceCoverage="0.0" branchCoverage="0" crapScore="6" isConstructor="false" isStatic="true" isGetter="false" isSetter="false">
              <Summary numSequencePoints="9" visitedSequencePoints="0" numBranchPoints="0" visitedBranchPoints="0" sequenceCoverage="0.0" branchCoverage="0" maxCyclomaticComplexity="2" minCyclomaticComplexity="2" maxCrapScore="6" minCrapScore="6" visitedClasses="0" numClasses="0" visitedMethods="0" numMethods="1" />
              <MetadataToken>100663560</MetadataToken>
              <Name>static System.Boolean Meryel.UnityCodeAssist.Editor.Input.Extensions::TryPeek[T](System.Collections.Generic.Stack[T], )</Name>
              <FileRef uid="24" />
              <SequencePoints>
                <SequencePoint vc="0" uspid="7142" ordinal="0" offset="0" sl="196" sc="0" el="196" ec="0" bec="0" bev="0" fileid="24" />
                <SequencePoint vc="0" uspid="7143" ordinal="0" offset="1" sl="197" sc="0" el="197" ec="0" bec="0" bev="0" fileid="24" />
                <SequencePoint vc="0" uspid="7144" ordinal="0" offset="14" sl="198" sc="0" el="198" ec="0" bec="0" bev="0" fileid="24" />
                <SequencePoint vc="0" uspid="7145" ordinal="0" offset="15" sl="199" sc="0" el="199" ec="0" bec="0" bev="0" fileid="24" />
                <SequencePoint vc="0" uspid="7146" ordinal="0" offset="27" sl="200" sc="0" el="200" ec="0" bec="0" bev="0" fileid="24" />
                <SequencePoint vc="0" uspid="7147" ordinal="0" offset="31" sl="203" sc="0" el="203" ec="0" bec="0" bev="0" fileid="24" />
                <SequencePoint vc="0" uspid="7148" ordinal="0" offset="32" sl="204" sc="0" el="204" ec="0" bec="0" bev="0" fileid="24" />
                <SequencePoint vc="0" uspid="7149" ordinal="0" offset="39" sl="205" sc="0" el="205" ec="0" bec="0" bev="0" fileid="24" />
                <SequencePoint vc="0" uspid="7150" ordinal="0" offset="43" sl="207" sc="0" el="207" ec="0" bec="0" bev="0" fileid="24" />
              </SequencePoints>
              <BranchPoints />
            </Method>
          </Methods>
        </Class>
      </Classes>
    </Module>
    <Module>
      <Summary numSequencePoints="718" visitedSequencePoints="718" numBranchPoints="0" visitedBranchPoints="0" sequenceCoverage="100.0" branchCoverage="0.0" maxCyclomaticComplexity="7" minCyclomaticComplexity="1" maxCrapScore="7" minCrapScore="1" visitedClasses="12" numClasses="12" visitedMethods="69" numMethods="69" />
      <ModuleTime>0001-01-01T00:00:00</ModuleTime>
      <ModuleName>EditModeTests</ModuleName>
      <Files>
        <File uid="33" fullPath="/github/workspace/Assets/Code/Tests/EditModeTests/CommonTestsHelper.cs" />
        <File uid="34" fullPath="/github/workspace/Assets/Code/Tests/EditModeTests/Kingdom/EntitiesGroupsMovementControllerTests.cs" />
        <File uid="35" fullPath="/github/workspace/Assets/Code/Tests/EditModeTests/Kingdom/KingdomTestsHelper.cs" />
        <File uid="36" fullPath="/github/workspace/Assets/Code/Tests/EditModeTests/HexGrid/HexMetricsTests.cs" />
        <File uid="37" fullPath="/github/workspace/Assets/Code/Tests/EditModeTests/HexGrid/Cells/GetNeighborsTests.cs" />
        <File uid="38" fullPath="/github/workspace/Assets/Code/Tests/EditModeTests/HexGrid/Cells/GetShorterPathTests.cs" />
      </Files>
      <Classes>
        <Class>
          <Summary numSequencePoints="31" visitedSequencePoints="31" numBranchPoints="0" visitedBranchPoints="0" sequenceCoverage="100.0" branchCoverage="0.0" maxCyclomaticComplexity="3" minCyclomaticComplexity="1" maxCrapScore="3" minCrapScore="1" visitedClasses="1" numClasses="1" visitedMethods="2" numMethods="2" />
          <FullName>FrostfallSaga.EditModeTests.CommonTestsHelper</FullName>
          <Methods>
            <Method visited="true" cyclomaticComplexity="3" nPathComplexity="0" sequenceCoverage="100.0" branchCoverage="0" crapScore="3" isConstructor="false" isStatic="true" isGetter="false" isSetter="false">
              <Summary numSequencePoints="18" visitedSequencePoints="18" numBranchPoints="0" visitedBranchPoints="0" sequenceCoverage="100.0" branchCoverage="0" maxCyclomaticComplexity="3" minCyclomaticComplexity="3" maxCrapScore="3" minCrapScore="3" visitedClasses="0" numClasses="0" visitedMethods="1" numMethods="1" />
              <MetadataToken>100663299</MetadataToken>
              <Name>static FrostfallSaga.Grid.HexGrid FrostfallSaga.EditModeTests.CommonTestsHelper::CreatePlainGridForTest(System.Int32, System.Int32)</Name>
              <FileRef uid="33" />
              <SequencePoints>
                <SequencePoint vc="55" uspid="7785" ordinal="0" offset="0" sl="10" sc="9" el="10" ec="9" bec="0" bev="0" fileid="33" />
                <SequencePoint vc="55" uspid="7786" ordinal="0" offset="1" sl="11" sc="13" el="11" ec="13" bec="0" bev="0" fileid="33" />
                <SequencePoint vc="55" uspid="7787" ordinal="0" offset="7" sl="12" sc="13" el="12" ec="13" bec="0" bev="0" fileid="33" />
                <SequencePoint vc="55" uspid="7788" ordinal="0" offset="14" sl="14" sc="13" el="14" ec="13" bec="0" bev="0" fileid="33" />
                <SequencePoint vc="55" uspid="7789" ordinal="0" offset="21" sl="15" sc="18" el="15" ec="18" bec="0" bev="0" fileid="33" />
                <SequencePoint vc="296" uspid="7790" ordinal="0" offset="25" sl="16" sc="13" el="16" ec="13" bec="0" bev="0" fileid="33" />
                <SequencePoint vc="296" uspid="7791" ordinal="0" offset="26" sl="17" sc="22" el="17" ec="22" bec="0" bev="0" fileid="33" />
                <SequencePoint vc="1681" uspid="7792" ordinal="0" offset="30" sl="18" sc="17" el="18" ec="17" bec="0" bev="0" fileid="33" />
                <SequencePoint vc="1681" uspid="7793" ordinal="0" offset="31" sl="19" sc="21" el="19" ec="21" bec="0" bev="0" fileid="33" />
                <SequencePoint vc="1681" uspid="7794" ordinal="0" offset="40" sl="20" sc="21" el="20" ec="21" bec="0" bev="0" fileid="33" />
                <SequencePoint vc="1681" uspid="7795" ordinal="0" offset="68" sl="21" sc="17" el="21" ec="17" bec="0" bev="0" fileid="33" />
                <SequencePoint vc="1681" uspid="7796" ordinal="0" offset="69" sl="17" sc="49" el="17" ec="49" bec="0" bev="0" fileid="33" />
                <SequencePoint vc="1977" uspid="7797" ordinal="0" offset="73" sl="17" sc="33" el="17" ec="33" bec="0" bev="0" fileid="33" />
                <SequencePoint vc="296" uspid="7798" ordinal="0" offset="83" sl="22" sc="13" el="22" ec="13" bec="0" bev="0" fileid="33" />
                <SequencePoint vc="296" uspid="7799" ordinal="0" offset="84" sl="15" sc="44" el="15" ec="44" bec="0" bev="0" fileid="33" />
                <SequencePoint vc="351" uspid="7800" ordinal="0" offset="88" sl="15" sc="29" el="15" ec="29" bec="0" bev="0" fileid="33" />
                <SequencePoint vc="55" uspid="7801" ordinal="0" offset="98" sl="23" sc="13" el="23" ec="13" bec="0" bev="0" fileid="33" />
                <SequencePoint vc="55" uspid="7802" ordinal="0" offset="103" sl="24" sc="9" el="24" ec="9" bec="0" bev="0" fileid="33" />
              </SequencePoints>
              <BranchPoints />
            </Method>
            <Method visited="true" cyclomaticComplexity="1" nPathComplexity="0" sequenceCoverage="100.0" branchCoverage="0" crapScore="1" isConstructor="false" isStatic="true" isGetter="false" isSetter="false">
              <Summary numSequencePoints="13" visitedSequencePoints="13" numBranchPoints="0" visitedBranchPoints="0" sequenceCoverage="100.0" branchCoverage="0" maxCyclomaticComplexity="1" minCyclomaticComplexity="1" maxCrapScore="1" minCrapScore="1" visitedClasses="0" numClasses="0" visitedMethods="1" numMethods="1" />
              <MetadataToken>100663300</MetadataToken>
              <Name>static FrostfallSaga.Grid.Cells.Cell FrostfallSaga.EditModeTests.CommonTestsHelper::CreateCellForTest(UnityEngine.Vector2Int, FrostfallSaga.Grid.Cells.ECellHeight, System.Boolean, System.Single)</Name>
              <FileRef uid="33" />
              <SequencePoints>
                <SequencePoint vc="1681" uspid="7803" ordinal="0" offset="0" sl="32" sc="9" el="32" ec="9" bec="0" bev="0" fileid="33" />
                <SequencePoint vc="1681" uspid="7804" ordinal="0" offset="1" sl="33" sc="13" el="33" ec="13" bec="0" bev="0" fileid="33" />
                <SequencePoint vc="1681" uspid="7805" ordinal="0" offset="7" sl="34" sc="13" el="34" ec="13" bec="0" bev="0" fileid="33" />
                <SequencePoint vc="1681" uspid="7806" ordinal="0" offset="14" sl="35" sc="13" el="35" ec="13" bec="0" bev="0" fileid="33" />
                <SequencePoint vc="1681" uspid="7807" ordinal="0" offset="92" sl="37" sc="13" el="37" ec="13" bec="0" bev="0" fileid="33" />
                <SequencePoint vc="1681" uspid="7808" ordinal="0" offset="98" sl="38" sc="13" el="38" ec="13" bec="0" bev="0" fileid="33" />
                <SequencePoint vc="1681" uspid="7809" ordinal="0" offset="116" sl="39" sc="13" el="39" ec="13" bec="0" bev="0" fileid="33" />
                <SequencePoint vc="1681" uspid="7810" ordinal="0" offset="123" sl="40" sc="13" el="40" ec="13" bec="0" bev="0" fileid="33" />
                <SequencePoint vc="1681" uspid="7811" ordinal="0" offset="130" sl="41" sc="13" el="41" ec="13" bec="0" bev="0" fileid="33" />
                <SequencePoint vc="1681" uspid="7812" ordinal="0" offset="137" sl="43" sc="13" el="43" ec="13" bec="0" bev="0" fileid="33" />
                <SequencePoint vc="1681" uspid="7813" ordinal="0" offset="144" sl="44" sc="13" el="44" ec="13" bec="0" bev="0" fileid="33" />
                <SequencePoint vc="1681" uspid="7814" ordinal="0" offset="155" sl="45" sc="13" el="45" ec="13" bec="0" bev="0" fileid="33" />
                <SequencePoint vc="1681" uspid="7815" ordinal="0" offset="160" sl="46" sc="9" el="46" ec="9" bec="0" bev="0" fileid="33" />
              </SequencePoints>
              <BranchPoints />
            </Method>
          </Methods>
        </Class>
        <Class>
          <Summary numSequencePoints="84" visitedSequencePoints="84" numBranchPoints="0" visitedBranchPoints="0" sequenceCoverage="100.0" branchCoverage="0.0" maxCyclomaticComplexity="7" minCyclomaticComplexity="1" maxCrapScore="7" minCrapScore="1" visitedClasses="1" numClasses="1" visitedMethods="4" numMethods="4" />
          <FullName>FrostfallSaga.EditModeTests.Kingdom.EntitiesGroupsMovementControllerTests</FullName>
          <Methods>
            <Method visited="true" cyclomaticComplexity="3" nPathComplexity="0" sequenceCoverage="100.0" branchCoverage="0" crapScore="3" isConstructor="false" isStatic="false" isGetter="false" isSetter="false">
              <Summary numSequencePoints="19" visitedSequencePoints="19" numBranchPoints="0" visitedBranchPoints="0" sequenceCoverage="100.0" branchCoverage="0" maxCyclomaticComplexity="3" minCyclomaticComplexity="3" maxCrapScore="3" minCrapScore="3" visitedClasses="0" numClasses="0" visitedMethods="1" numMethods="1" />
              <MetadataToken>100663301</MetadataToken>
              <Name>System.Void FrostfallSaga.EditModeTests.Kingdom.EntitiesGroupsMovementControllerTests::GenerateRandomMovePathForEntitiesGroup_NoProhibitedCells_LengthMax_Test()</Name>
              <FileRef uid="34" />
              <SequencePoints>
                <SequencePoint vc="1" uspid="7816" ordinal="0" offset="6" sl="16" sc="3" el="16" ec="3" bec="0" bev="0" fileid="34" />
                <SequencePoint vc="1" uspid="7817" ordinal="0" offset="7" sl="18" sc="4" el="18" ec="4" bec="0" bev="0" fileid="34" />
[...]
                <SequencePoint vc="1742" uspid="9571" ordinal="0" offset="14" sl="96" sc="13" el="96" ec="13" bec="0" bev="0" fileid="69" />
                <SequencePoint vc="0" uspid="9572" ordinal="0" offset="30" sl="97" sc="13" el="97" ec="13" bec="0" bev="0" fileid="69" />
                <SequencePoint vc="0" uspid="9573" ordinal="0" offset="31" sl="98" sc="17" el="98" ec="17" bec="0" bev="0" fileid="69" />
                <SequencePoint vc="0" uspid="9574" ordinal="0" offset="58" sl="99" sc="13" el="99" ec="13" bec="0" bev="0" fileid="69" />
                <SequencePoint vc="1742" uspid="9575" ordinal="0" offset="59" sl="100" sc="9" el="100" ec="9" bec="0" bev="0" fileid="69" />
              </SequencePoints>
              <BranchPoints />
            </Method>
            <Method visited="true" cyclomaticComplexity="1" nPathComplexity="0" sequenceCoverage="100.0" branchCoverage="0" crapScore="1" isConstructor="true" isStatic="false" isGetter="false" isSetter="false">
              <Summary numSequencePoints="1" visitedSequencePoints="1" numBranchPoints="0" visitedBranchPoints="0" sequenceCoverage="100.0" branchCoverage="0" maxCyclomaticComplexity="1" minCyclomaticComplexity="1" maxCrapScore="1" minCrapScore="1" visitedClasses="0" numClasses="0" visitedMethods="1" numMethods="1" />
              <MetadataToken>100663351</MetadataToken>
              <Name>FrostfallSaga.Grid.Cells.Cell::Cell()</Name>
              <FileRef uid="69" />
              <SequencePoints>
                <SequencePoint vc="1681" uspid="9576" ordinal="0" offset="0" sl="15" sc="88" el="15" ec="88" bec="0" bev="0" fileid="69" />
              </SequencePoints>
              <BranchPoints />
            </Method>
          </Methods>
        </Class>
        <Class>
          <Summary numSequencePoints="26" visitedSequencePoints="26" numBranchPoints="0" visitedBranchPoints="0" sequenceCoverage="100.0" branchCoverage="0.0" maxCyclomaticComplexity="10" minCyclomaticComplexity="1" maxCrapScore="10" minCrapScore="1" visitedClasses="1" numClasses="1" visitedMethods="3" numMethods="3" />
          <FullName>FrostfallSaga.Grid.Cells.CellsNeighbors</FullName>
          <Methods>
            <Method visited="true" cyclomaticComplexity="10" nPathComplexity="0" sequenceCoverage="100.0" branchCoverage="0" crapScore="10" isConstructor="false" isStatic="true" isGetter="false" isSetter="false">
              <Summary numSequencePoints="21" visitedSequencePoints="21" numBranchPoints="0" visitedBranchPoints="0" sequenceCoverage="100.0" branchCoverage="0" maxCyclomaticComplexity="10" minCyclomaticComplexity="10" maxCrapScore="10" minCrapScore="10" visitedClasses="0" numClasses="0" visitedMethods="1" numMethods="1" />
              <MetadataToken>100663359</MetadataToken>
              <Name>static FrostfallSaga.Grid.Cells.Cell[] FrostfallSaga.Grid.Cells.CellsNeighbors::GetNeighbors(FrostfallSaga.Grid.HexGrid, FrostfallSaga.Grid.Cells.Cell, System.Boolean, System.Boolean)</Name>
              <FileRef uid="71" />
              <SequencePoints>
                <SequencePoint vc="425" uspid="9588" ordinal="0" offset="0" sl="40" sc="9" el="40" ec="9" bec="0" bev="0" fileid="71" />
                <SequencePoint vc="425" uspid="9589" ordinal="0" offset="1" sl="41" sc="13" el="41" ec="13" bec="0" bev="0" fileid="71" />
                <SequencePoint vc="425" uspid="9590" ordinal="0" offset="7" sl="42" sc="13" el="42" ec="13" bec="0" bev="0" fileid="71" />
                <SequencePoint vc="425" uspid="9591" ordinal="0" offset="38" sl="44" sc="13" el="44" ec="13" bec="0" bev="0" fileid="71" />
                <SequencePoint vc="425" uspid="9592" ordinal="0" offset="39" sl="44" sc="46" el="44" ec="46" bec="0" bev="0" fileid="71" />
                <SequencePoint vc="2550" uspid="9593" ordinal="0" offset="46" sl="44" sc="22" el="44" ec="22" bec="0" bev="0" fileid="71" />
                <SequencePoint vc="2550" uspid="9594" ordinal="0" offset="56" sl="45" sc="13" el="45" ec="13" bec="0" bev="0" fileid="71" />
                <SequencePoint vc="2550" uspid="9595" ordinal="0" offset="57" sl="46" sc="17" el="46" ec="17" bec="0" bev="0" fileid="71" />
                <SequencePoint vc="2550" uspid="9596" ordinal="0" offset="72" sl="47" sc="17" el="47" ec="17" bec="0" bev="0" fileid="71" />
                <SequencePoint vc="2550" uspid="9597" ordinal="0" offset="80" sl="48" sc="17" el="48" ec="17" bec="0" bev="0" fileid="71" />
                <SequencePoint vc="1773" uspid="9598" ordinal="0" offset="95" sl="49" sc="17" el="49" ec="17" bec="0" bev="0" fileid="71" />
                <SequencePoint vc="1773" uspid="9599" ordinal="0" offset="96" sl="50" sc="21" el="50" ec="21" bec="0" bev="0" fileid="71" />
                <SequencePoint vc="1773" uspid="9600" ordinal="0" offset="107" sl="51" sc="21" el="51" ec="21" bec="0" bev="0" fileid="71" />
                <SequencePoint vc="1663" uspid="9601" ordinal="0" offset="148" sl="55" sc="21" el="55" ec="21" bec="0" bev="0" fileid="71" />
                <SequencePoint vc="1663" uspid="9602" ordinal="0" offset="149" sl="56" sc="25" el="56" ec="25" bec="0" bev="0" fileid="71" />
                <SequencePoint vc="1663" uspid="9603" ordinal="0" offset="158" sl="57" sc="21" el="57" ec="21" bec="0" bev="0" fileid="71" />
                <SequencePoint vc="1773" uspid="9604" ordinal="0" offset="159" sl="58" sc="17" el="58" ec="17" bec="0" bev="0" fileid="71" />
                <SequencePoint vc="2550" uspid="9605" ordinal="0" offset="160" sl="59" sc="13" el="59" ec="13" bec="0" bev="0" fileid="71" />
                <SequencePoint vc="2975" uspid="9606" ordinal="0" offset="167" sl="44" sc="43" el="44" ec="43" bec="0" bev="0" fileid="71" />
                <SequencePoint vc="425" uspid="9607" ordinal="0" offset="174" sl="61" sc="13" el="61" ec="13" bec="0" bev="0" fileid="71" />
                <SequencePoint vc="425" uspid="9608" ordinal="0" offset="184" sl="62" sc="9" el="62" ec="9" bec="0" bev="0" fileid="71" />
              </SequencePoints>
              <BranchPoints />
            </Method>
            <Method visited="true" cyclomaticComplexity="1" nPathComplexity="0" sequenceCoverage="100.0" branchCoverage="0" crapScore="1" isConstructor="false" isStatic="true" isGetter="false" isSetter="false">
              <Summary numSequencePoints="3" visitedSequencePoints="3" numBranchPoints="0" visitedBranchPoints="0" sequenceCoverage="100.0" branchCoverage="0" maxCyclomaticComplexity="1" minCyclomaticComplexity="1" maxCrapScore="1" minCrapScore="1" visitedClasses="0" numClasses="0" visitedMethods="1" numMethods="1" />
              <MetadataToken>100663360</MetadataToken>
              <Name>static System.Int32 FrostfallSaga.Grid.Cells.CellsNeighbors::GetHeightDifference(FrostfallSaga.Grid.Cells.Cell, FrostfallSaga.Grid.Cells.Cell)</Name>
              <FileRef uid="71" />
              <SequencePoints>
                <SequencePoint vc="1708" uspid="9609" ordinal="0" offset="0" sl="71" sc="9" el="71" ec="9" bec="0" bev="0" fileid="71" />
                <SequencePoint vc="1708" uspid="9610" ordinal="0" offset="1" sl="72" sc="13" el="72" ec="13" bec="0" bev="0" fileid="71" />
                <SequencePoint vc="1708" uspid="9611" ordinal="0" offset="22" sl="73" sc="9" el="73" ec="9" bec="0" bev="0" fileid="71" />
              </SequencePoints>
              <BranchPoints />
            </Method>
            <Method visited="true" cyclomaticComplexity="1" nPathComplexity="0" sequenceCoverage="100.0" branchCoverage="0" crapScore="1" isConstructor="true" isStatic="true" isGetter="false" isSetter="false">
              <Summary numSequencePoints="2" visitedSequencePoints="2" numBranchPoints="0" visitedBranchPoints="0" sequenceCoverage="100.0" branchCoverage="0" maxCyclomaticComplexity="1" minCyclomaticComplexity="1" maxCrapScore="1" minCrapScore="1" visitedClasses="0" numClasses="0" visitedMethods="1" numMethods="1" />
              <MetadataToken>100663361</MetadataToken>
              <Name>static FrostfallSaga.Grid.Cells.CellsNeighbors::CellsNeighbors()</Name>
              <FileRef uid="71" />
              <SequencePoints>
                <SequencePoint vc="1" uspid="9612" ordinal="0" offset="0" sl="12" sc="9" el="12" ec="9" bec="0" bev="0" fileid="71" />
                <SequencePoint vc="1" uspid="9613" ordinal="0" offset="95" sl="19" sc="9" el="19" ec="9" bec="0" bev="0" fileid="71" />
              </SequencePoints>
              <BranchPoints />
            </Method>
          </Methods>
        </Class>
        <Class>
          <Summary numSequencePoints="51" visitedSequencePoints="51" numBranchPoints="0" visitedBranchPoints="0" sequenceCoverage="100.0" branchCoverage="0.0" maxCyclomaticComplexity="6" minCyclomaticComplexity="1" maxCrapScore="6" minCrapScore="1" visitedClasses="1" numClasses="1" visitedMethods="4" numMethods="4" />
          <FullName>FrostfallSaga.Grid.Cells.CellsPathFinding</FullName>
          <Methods>
            <Method visited="true" cyclomaticComplexity="6" nPathComplexity="0" sequenceCoverage="100.0" branchCoverage="0" crapScore="6" isConstructor="false" isStatic="true" isGetter="false" isSetter="false">
              <Summary numSequencePoints="34" visitedSequencePoints="34" numBranchPoints="0" visitedBranchPoints="0" sequenceCoverage="100.0" branchCoverage="0" maxCyclomaticComplexity="6" minCyclomaticComplexity="6" maxCrapScore="6" minCrapScore="6" visitedClasses="0" numClasses="0" visitedMethods="1" numMethods="1" />
              <MetadataToken>100663362</MetadataToken>
              <Name>static FrostfallSaga.Grid.Cells.Cell[] FrostfallSaga.Grid.Cells.CellsPathFinding::GetShorterPath(FrostfallSaga.Grid.HexGrid, FrostfallSaga.Grid.Cells.Cell, FrostfallSaga.Grid.Cells.Cell)</Name>
              <FileRef uid="72" />
              <SequencePoints>
                <SequencePoint vc="32" uspid="9614" ordinal="0" offset="0" sl="19" sc="9" el="19" ec="9" bec="0" bev="0" fileid="72" />
                <SequencePoint vc="32" uspid="9615" ordinal="0" offset="1" sl="20" sc="13" el="20" ec="13" bec="0" bev="0" fileid="72" />
                <SequencePoint vc="32" uspid="9616" ordinal="0" offset="7" sl="21" sc="13" el="21" ec="13" bec="0" bev="0" fileid="72" />
                <SequencePoint vc="32" uspid="9617" ordinal="0" offset="20" sl="23" sc="13" el="23" ec="13" bec="0" bev="0" fileid="72" />
                <SequencePoint vc="32" uspid="9618" ordinal="0" offset="26" sl="24" sc="13" el="24" ec="13" bec="0" bev="0" fileid="72" />
                <SequencePoint vc="32" uspid="9619" ordinal="0" offset="32" sl="26" sc="13" el="26" ec="13" bec="0" bev="0" fileid="72" />
                <SequencePoint vc="32" uspid="9620" ordinal="0" offset="41" sl="27" sc="13" el="27" ec="13" bec="0" bev="0" fileid="72" />
                <SequencePoint vc="173" uspid="9621" ordinal="0" offset="59" sl="30" sc="13" el="30" ec="13" bec="0" bev="0" fileid="72" />
                <SequencePoint vc="173" uspid="9622" ordinal="0" offset="60" sl="31" sc="17" el="31" ec="17" bec="0" bev="0" fileid="72" />
                <SequencePoint vc="173" uspid="9623" ordinal="0" offset="67" sl="33" sc="17" el="33" ec="17" bec="0" bev="0" fileid="72" />
                <SequencePoint vc="31" uspid="9624" ordinal="0" offset="80" sl="34" sc="17" el="34" ec="17" bec="0" bev="0" fileid="72" />
                <SequencePoint vc="31" uspid="9625" ordinal="0" offset="81" sl="35" sc="21" el="35" ec="21" bec="0" bev="0" fileid="72" />
                <SequencePoint vc="142" uspid="9626" ordinal="0" offset="86" sl="38" sc="17" el="38" ec="17" bec="0" bev="0" fileid="72" />
                <SequencePoint vc="142" uspid="9627" ordinal="0" offset="87" sl="38" sc="43" el="38" ec="43" bec="0" bev="0" fileid="72" />
                <SequencePoint vc="532" uspid="9628" ordinal="0" offset="103" sl="38" sc="26" el="38" ec="26" bec="0" bev="0" fileid="72" />
                <SequencePoint vc="532" uspid="9629" ordinal="0" offset="110" sl="39" sc="17" el="39" ec="17" bec="0" bev="0" fileid="72" />
                <SequencePoint vc="532" uspid="9630" ordinal="0" offset="111" sl="40" sc="21" el="40" ec="21" bec="0" bev="0" fileid="72" />
                <SequencePoint vc="532" uspid="9631" ordinal="0" offset="129" sl="41" sc="21" el="41" ec="21" bec="0" bev="0" fileid="72" />
                <SequencePoint vc="293" uspid="9632" ordinal="0" offset="160" sl="42" sc="21" el="42" ec="21" bec="0" bev="0" fileid="72" />
                <SequencePoint vc="293" uspid="9633" ordinal="0" offset="161" sl="43" sc="25" el="43" ec="25" bec="0" bev="0" fileid="72" />
                <SequencePoint vc="293" uspid="9634" ordinal="0" offset="172" sl="44" sc="25" el="44" ec="25" bec="0" bev="0" fileid="72" />
                <SequencePoint vc="293" uspid="9635" ordinal="0" offset="185" sl="45" sc="25" el="45" ec="25" bec="0" bev="0" fileid="72" />
                <SequencePoint vc="293" uspid="9636" ordinal="0" offset="196" sl="46" sc="25" el="46" ec="25" bec="0" bev="0" fileid="72" />
                <SequencePoint vc="293" uspid="9637" ordinal="0" offset="206" sl="47" sc="21" el="47" ec="21" bec="0" bev="0" fileid="72" />
                <SequencePoint vc="532" uspid="9638" ordinal="0" offset="207" sl="48" sc="17" el="48" ec="17" bec="0" bev="0" fileid="72" />
                <SequencePoint vc="674" uspid="9639" ordinal="0" offset="214" sl="38" sc="40" el="38" ec="40" bec="0" bev="0" fileid="72" />
                <SequencePoint vc="142" uspid="9640" ordinal="0" offset="222" sl="49" sc="13" el="49" ec="13" bec="0" bev="0" fileid="72" />
                <SequencePoint vc="174" uspid="9641" ordinal="0" offset="223" sl="29" sc="13" el="29" ec="13" bec="0" bev="0" fileid="72" />
                <SequencePoint vc="32" uspid="9642" ordinal="0" offset="242" sl="52" sc="13" el="52" ec="13" bec="0" bev="0" fileid="72" />
                <SequencePoint vc="32" uspid="9643" ordinal="0" offset="243" sl="53" sc="17" el="53" ec="17" bec="0" bev="0" fileid="72" />
                <SequencePoint vc="1" uspid="9644" ordinal="0" offset="255" sl="55" sc="13" el="55" ec="13" bec="0" bev="0" fileid="72" />
                <SequencePoint vc="1" uspid="9645" ordinal="0" offset="256" sl="56" sc="13" el="56" ec="13" bec="0" bev="0" fileid="72" />
                <SequencePoint vc="1" uspid="9646" ordinal="0" offset="257" sl="57" sc="17" el="57" ec="17" bec="0" bev="0" fileid="72" />
                <SequencePoint vc="32" uspid="9647" ordinal="0" offset="267" sl="59" sc="9" el="59" ec="9" bec="0" bev="0" fileid="72" />
              </SequencePoints>
              <BranchPoints />
            </Method>
            <Method visited="true" cyclomaticComplexity="1" nPathComplexity="0" sequenceCoverage="100.0" branchCoverage="0" crapScore="1" isConstructor="false" isStatic="true" isGetter="false" isSetter="false">
              <Summary numSequencePoints="3" visitedSequencePoints="3" numBranchPoints="0" visitedBranchPoints="0" sequenceCoverage="100.0" branchCoverage="0" maxCyclomaticComplexity="1" minCyclomaticComplexity="1" maxCrapScore="1" minCrapScore="1" visitedClasses="0" numClasses="0" visitedMethods="1" numMethods="1" />
              <MetadataToken>100663363</MetadataToken>
              <Name>static System.Single FrostfallSaga.Grid.Cells.CellsPathFinding::GetCost(FrostfallSaga.Grid.Cells.Cell, FrostfallSaga.Grid.Cells.Cell)</Name>
              <FileRef uid="72" />
              <SequencePoints>
                <SequencePoint vc="532" uspid="9648" ordinal="0" offset="0" sl="62" sc="9" el="62" ec="9" bec="0" bev="0" fileid="72" />
                <SequencePoint vc="532" uspid="9649" ordinal="0" offset="1" sl="63" sc="13" el="63" ec="13" bec="0" bev="0" fileid="72" />
                <SequencePoint vc="532" uspid="9650" ordinal="0" offset="9" sl="64" sc="9" el="64" ec="9" bec="0" bev="0" fileid="72" />
              </SequencePoints>
              <BranchPoints />
            </Method>
            <Method visited="true" cyclomaticComplexity="1" nPathComplexity="0" sequenceCoverage="100.0" branchCoverage="0" crapScore="1" isConstructor="false" isStatic="true" isGetter="false" isSetter="false">
              <Summary numSequencePoints="3" visitedSequencePoints="3" numBranchPoints="0" visitedBranchPoints="0" sequenceCoverage="100.0" branchCoverage="0" maxCyclomaticComplexity="1" minCyclomaticComplexity="1" maxCrapScore="1" minCrapScore="1" visitedClasses="0" numClasses="0" visitedMethods="1" numMethods="1" />
              <MetadataToken>100663364</MetadataToken>
              <Name>static System.Single FrostfallSaga.Grid.Cells.CellsPathFinding::Heuristic(FrostfallSaga.Grid.Cells.Cell, FrostfallSaga.Grid.Cells.Cell)</Name>
              <FileRef uid="72" />
              <SequencePoints>
                <SequencePoint vc="293" uspid="9651" ordinal="0" offset="0" sl="67" sc="9" el="67" ec="9" bec="0" bev="0" fileid="72" />
                <SequencePoint vc="293" uspid="9652" ordinal="0" offset="1" sl="68" sc="13" el="68" ec="13" bec="0" bev="0" fileid="72" />
                <SequencePoint vc="293" uspid="9653" ordinal="0" offset="21" sl="69" sc="9" el="69" ec="9" bec="0" bev="0" fileid="72" />
              </SequencePoints>
              <BranchPoints />
            </Method>
            <Method visited="true" cyclomaticComplexity="2" nPathComplexity="0" sequenceCoverage="100.0" branchCoverage="0" crapScore="2" isConstructor="false" isStatic="true" isGetter="false" isSetter="false">
              <Summary numSequencePoints="11" visitedSequencePoints="11" numBranchPoints="0" visitedBranchPoints="0" sequenceCoverage="100.0" branchCoverage="0" maxCyclomaticComplexity="2" minCyclomaticComplexity="2" maxCrapScore="2" minCrapScore="2" visitedClasses="0" numClasses="0" visitedMethods="1" numMethods="1" />
              <MetadataToken>100663365</MetadataToken>
              <Name>static FrostfallSaga.Grid.Cells.Cell[] FrostfallSaga.Grid.Cells.CellsPathFinding::ReconstructPath(System.Collections.Generic.Dictionary[Cell,Cell], FrostfallSaga.Grid.Cells.Cell, FrostfallSaga.Grid.Cells.Cell)</Name>
              <FileRef uid="72" />
              <SequencePoints>
                <SequencePoint vc="32" uspid="9654" ordinal="0" offset="0" sl="72" sc="9" el="72" ec="9" bec="0" bev="0" fileid="72" />
                <SequencePoint vc="32" uspid="9655" ordinal="0" offset="1" sl="73" sc="13" el="73" ec="13" bec="0" bev="0" fileid="72" />
                <SequencePoint vc="32" uspid="9656" ordinal="0" offset="7" sl="74" sc="13" el="74" ec="13" bec="0" bev="0" fileid="72" />
                <SequencePoint vc="108" uspid="9657" ordinal="0" offset="11" sl="77" sc="13" el="77" ec="13" bec="0" bev="0" fileid="72" />
                <SequencePoint vc="108" uspid="9658" ordinal="0" offset="12" sl="78" sc="17" el="78" ec="17" bec="0" bev="0" fileid="72" />
                <SequencePoint vc="108" uspid="9659" ordinal="0" offset="20" sl="79" sc="17" el="79" ec="17" bec="0" bev="0" fileid="72" />
                <SequencePoint vc="107" uspid="9660" ordinal="0" offset="28" sl="80" sc="13" el="80" ec="13" bec="0" bev="0" fileid="72" />
                <SequencePoint vc="139" uspid="9661" ordinal="0" offset="29" sl="76" sc="13" el="76" ec="13" bec="0" bev="0" fileid="72" />
                <SequencePoint vc="31" uspid="9662" ordinal="0" offset="40" sl="81" sc="13" el="81" ec="13" bec="0" bev="0" fileid="72" />
                <SequencePoint vc="31" uspid="9663" ordinal="0" offset="47" sl="82" sc="13" el="82" ec="13" bec="0" bev="0" fileid="72" />
                <SequencePoint vc="31" uspid="9664" ordinal="0" offset="56" sl="83" sc="9" el="83" ec="9" bec="0" bev="0" fileid="72" />
              </SequencePoints>
              <BranchPoints />
            </Method>
          </Methods>
        </Class>
      </Classes>
    </Module>
  </Modules>
</CoverageSession>