<?xml version="1.0" encoding="utf-8"?>
<CoverageSession xmlns:xsd="http://www.w3.org/2001/XMLSchema" xmlns:xsi="http://www.w3.org/2001/XMLSchema-instance" Version="0.0.0.0">
  <Summary numSequencePoints="405" visitedSequencePoints="122" numBranchPoints="0" visitedBranchPoints="0" sequenceCoverage="30.12" branchCoverage="0.0" maxCyclomaticComplexity="43" minCyclomaticComplexity="1" maxCrapScore="1051.33" minCrapScore="1" visitedClasses="10" numClasses="14" visitedMethods="21" numMethods="35" />
  <Modules>
    <Module>
      <Summary numSequencePoints="324" visitedSequencePoints="97" numBranchPoints="0" visitedBranchPoints="0" sequenceCoverage="29.94" branchCoverage="0.0" maxCyclomaticComplexity="43" minCyclomaticComplexity="1" maxCrapScore="1051.33" minCrapScore="1" visitedClasses="8" numClasses="10" visitedMethods="15" numMethods="20" />
      <ModuleTime>0001-01-01T00:00:00</ModuleTime>
      <ModuleName>Meryel.CodeAssist.Editor</ModuleName>
      <Files>
        <File uid="1" fullPath="/github/workspace/Assets/Plugins/CodeAssist/Editor/AboutWindow.cs" />
        <File uid="2" fullPath="/github/workspace/Assets/Plugins/CodeAssist/Editor/Assister.cs" />
        <File uid="3" fullPath="/github/workspace/Assets/Plugins/CodeAssist/Editor/FeedbackWindow.cs" />
        <File uid="4" fullPath="/github/workspace/Assets/Plugins/CodeAssist/Editor/Logger/CommonTools.cs" />
        <File uid="5" fullPath="/github/workspace/Assets/Plugins/CodeAssist/Editor/MainThreadDispatcher.cs" />
        <File uid="6" fullPath="/github/workspace/Assets/Plugins/CodeAssist/Editor/Monitor.cs" />
        <File uid="7" fullPath="/github/workspace/Assets/Plugins/CodeAssist/Editor/NetMQInitializer.cs" />
        <File uid="8" fullPath="/github/workspace/Assets/Plugins/CodeAssist/Editor/NetMQPublisher.cs" />
        <File uid="9" fullPath="/github/workspace/Assets/Plugins/CodeAssist/Editor/ScriptFinder.cs" />
        <File uid="10" fullPath="/github/workspace/Assets/Plugins/CodeAssist/Editor/StatusWindow.cs" />
        <File uid="11" fullPath="/github/workspace/Assets/Plugins/CodeAssist/Editor/UnityClassExtensions.cs" />
        <File uid="12" fullPath="/github/workspace/Assets/Plugins/CodeAssist/Editor/TinyJson/JsonParser.cs" />
        <File uid="13" fullPath="/github/workspace/Assets/Plugins/CodeAssist/Editor/TinyJson/JsonWriter.cs" />
        <File uid="14" fullPath="/github/workspace/Assets/Plugins/CodeAssist/Editor/Preferences/PreferenceEntryHolder.cs" />
        <File uid="15" fullPath="/github/workspace/Assets/Plugins/CodeAssist/Editor/Preferences/PreferenceMonitor.cs" />
        <File uid="16" fullPath="/github/workspace/Assets/Plugins/CodeAssist/Editor/Preferences/PreferenceStorageAccessor.cs" />
        <File uid="17" fullPath="/github/workspace/Assets/Plugins/CodeAssist/Editor/Preferences/RegistryMonitor.cs" />
        <File uid="18" fullPath="/github/workspace/Assets/Plugins/CodeAssist/Editor/Logger/DomainHashEnricher.cs" />
        <File uid="19" fullPath="/github/workspace/Assets/Plugins/CodeAssist/Editor/Logger/ELogger.cs" />
        <File uid="20" fullPath="/github/workspace/Assets/Plugins/CodeAssist/Editor/Logger/MemorySink.cs" />
        <File uid="21" fullPath="/github/workspace/Assets/Plugins/CodeAssist/Editor/Logger/UnitySink.cs" />
        <File uid="22" fullPath="/github/workspace/Assets/Plugins/CodeAssist/Editor/Input/Binary2TextExec.cs" />
        <File uid="23" fullPath="/github/workspace/Assets/Plugins/CodeAssist/Editor/Input/InputManagerMonitor.cs" />
        <File uid="24" fullPath="/github/workspace/Assets/Plugins/CodeAssist/Editor/Input/Text2Yaml.cs" />
        <File uid="25" fullPath="/github/workspace/Assets/Plugins/CodeAssist/Editor/Input/UnityInputManager.cs" />
        <File uid="26" fullPath="/github/workspace/Assets/Plugins/CodeAssist/Editor/EditorCoroutines/EditorCoroutine.cs" />
        <File uid="27" fullPath="/github/workspace/Assets/Plugins/CodeAssist/Editor/EditorCoroutines/EditorCoroutineUtility.cs" />
        <File uid="28" fullPath="/github/workspace/Assets/Plugins/CodeAssist/Editor/EditorCoroutines/EditorWaitForSeconds.cs" />
        <File uid="29" fullPath="/github/workspace/Assets/Plugins/CodeAssist/Editor/EditorCoroutines/EditorWindowCoroutineExtension.cs" />
      </Files>
      <Classes>
        <Class>
          <Summary numSequencePoints="6" visitedSequencePoints="3" numBranchPoints="0" visitedBranchPoints="0" sequenceCoverage="50.00" branchCoverage="0.0" maxCyclomaticComplexity="2" minCyclomaticComplexity="2" maxCrapScore="2.50" minCrapScore="2.50" visitedClasses="1" numClasses="1" visitedMethods="1" numMethods="1" />
          <FullName>Meryel.UnityCodeAssist.Editor.MainThreadDispatcher</FullName>
          <Methods>
            <Method visited="true" cyclomaticComplexity="2" nPathComplexity="0" sequenceCoverage="50.00" branchCoverage="0" crapScore="2.50" isConstructor="false" isStatic="true" isGetter="false" isSetter="false">
              <Summary numSequencePoints="6" visitedSequencePoints="3" numBranchPoints="0" visitedBranchPoints="0" sequenceCoverage="50.00" branchCoverage="0" maxCyclomaticComplexity="2" minCyclomaticComplexity="2" maxCrapScore="2.50" minCrapScore="2.50" visitedClasses="0" numClasses="0" visitedMethods="1" numMethods="1" />
              <MetadataToken>100663346</MetadataToken>
              <Name>static System.Void Meryel.UnityCodeAssist.Editor.MainThreadDispatcher::Update()</Name>
              <FileRef uid="5" />
              <SequencePoints>
                <SequencePoint vc="6" uspid="3647" ordinal="0" offset="0" sl="26" sc="9" el="26" ec="9" bec="0" bev="0" fileid="5" />
                <SequencePoint vc="6" uspid="3648" ordinal="0" offset="1" sl="27" sc="13" el="27" ec="13" bec="0" bev="0" fileid="5" />
                <SequencePoint vc="0" uspid="3649" ordinal="0" offset="17" sl="28" sc="13" el="28" ec="13" bec="0" bev="0" fileid="5" />
                <SequencePoint vc="0" uspid="3650" ordinal="0" offset="18" sl="29" sc="17" el="29" ec="17" bec="0" bev="0" fileid="5" />
                <SequencePoint vc="0" uspid="3651" ordinal="0" offset="25" sl="30" sc="13" el="30" ec="13" bec="0" bev="0" fileid="5" />
                <SequencePoint vc="6" uspid="3652" ordinal="0" offset="28" sl="31" sc="9" el="31" ec="9" bec="0" bev="0" fileid="5" />
              </SequencePoints>
              <BranchPoints />
            </Method>
          </Methods>
        </Class>
        <Class>
          <Summary numSequencePoints="45" visitedSequencePoints="23" numBranchPoints="0" visitedBranchPoints="0" sequenceCoverage="51.11" branchCoverage="0.0" maxCyclomaticComplexity="6" minCyclomaticComplexity="1" maxCrapScore="10.59" minCrapScore="1" visitedClasses="1" numClasses="1" visitedMethods="4" numMethods="4" />
          <FullName>Meryel.UnityCodeAssist.Editor.Monitor</FullName>
          <Methods>
            <Method visited="true" cyclomaticComplexity="1" nPathComplexity="0" sequenceCoverage="100.0" branchCoverage="0" crapScore="1" isConstructor="false" isStatic="true" isGetter="false" isSetter="false">
              <Summary numSequencePoints="3" visitedSequencePoints="3" numBranchPoints="0" visitedBranchPoints="0" sequenceCoverage="100.0" branchCoverage="0" maxCyclomaticComplexity="1" minCyclomaticComplexity="1" maxCrapScore="1" minCrapScore="1" visitedClasses="0" numClasses="0" visitedMethods="1" numMethods="1" />
              <MetadataToken>100663349</MetadataToken>
              <Name>static System.Void Meryel.UnityCodeAssist.Editor.Monitor::EditorSceneManager_activeSceneChangedInEditMode(UnityEngine.SceneManagement.Scene, UnityEngine.SceneManagement.Scene)</Name>
              <FileRef uid="6" />
              <SequencePoints>
                <SequencePoint vc="1" uspid="3658" ordinal="0" offset="0" sl="55" sc="9" el="55" ec="9" bec="0" bev="0" fileid="6" />
                <SequencePoint vc="1" uspid="3659" ordinal="0" offset="1" sl="57" sc="13" el="57" ec="13" bec="0" bev="0" fileid="6" />
                <SequencePoint vc="1" uspid="3660" ordinal="0" offset="7" sl="58" sc="9" el="58" ec="9" bec="0" bev="0" fileid="6" />
              </SequencePoints>
              <BranchPoints />
            </Method>
            <Method visited="true" cyclomaticComplexity="5" nPathComplexity="0" sequenceCoverage="39.29" branchCoverage="0" crapScore="10.59" isConstructor="false" isStatic="true" isGetter="false" isSetter="false">
              <Summary numSequencePoints="28" visitedSequencePoints="11" numBranchPoints="0" visitedBranchPoints="0" sequenceCoverage="39.29" branchCoverage="0" maxCyclomaticComplexity="5" minCyclomaticComplexity="5" maxCrapScore="10.59" minCrapScore="10.59" visitedClasses="0" numClasses="0" visitedMethods="1" numMethods="1" />
              <MetadataToken>100663351</MetadataToken>
              <Name>static System.Void Meryel.UnityCodeAssist.Editor.Monitor::OnUpdate()</Name>
              <FileRef uid="6" />
              <SequencePoints>
                <SequencePoint vc="6" uspid="3665" ordinal="0" offset="0" sl="68" sc="9" el="68" ec="9" bec="0" bev="0" fileid="6" />
                <SequencePoint vc="6" uspid="3666" ordinal="0" offset="1" sl="69" sc="13" el="69" ec="13" bec="0" bev="0" fileid="6" />
                <SequencePoint vc="6" uspid="3667" ordinal="0" offset="3" sl="70" sc="13" el="70" ec="13" bec="0" bev="0" fileid="6" />
                <SequencePoint vc="0" uspid="3668" ordinal="0" offset="17" sl="71" sc="17" el="71" ec="17" bec="0" bev="0" fileid="6" />
                <SequencePoint vc="6" uspid="3669" ordinal="0" offset="33" sl="73" sc="13" el="73" ec="13" bec="0" bev="0" fileid="6" />
                <SequencePoint vc="6" uspid="3670" ordinal="0" offset="39" sl="75" sc="13" el="75" ec="13" bec="0" bev="0" fileid="6" />
                <SequencePoint vc="6" uspid="3671" ordinal="0" offset="40" sl="76" sc="17" el="76" ec="17" bec="0" bev="0" fileid="6" />
                <SequencePoint vc="6" uspid="3672" ordinal="0" offset="51" sl="77" sc="13" el="77" ec="13" bec="0" bev="0" fileid="6" />
                <SequencePoint vc="0" uspid="3673" ordinal="0" offset="54" sl="78" sc="13" el="78" ec="13" bec="0" bev="0" fileid="6" />
                <SequencePoint vc="0" uspid="3674" ordinal="0" offset="55" sl="79" sc="13" el="79" ec="13" bec="0" bev="0" fileid="6" />
                <SequencePoint vc="0" uspid="3675" ordinal="0" offset="56" sl="80" sc="17" el="80" ec="17" bec="0" bev="0" fileid="6" />
                <SequencePoint vc="0" uspid="3676" ordinal="0" offset="73" sl="81" sc="13" el="81" ec="13" bec="0" bev="0" fileid="6" />
                <SequencePoint vc="6" uspid="3677" ordinal="0" offset="76" sl="82" sc="13" el="82" ec="13" bec="0" bev="0" fileid="6" />
                <SequencePoint vc="0" uspid="3678" ordinal="0" offset="93" sl="83" sc="13" el="83" ec="13" bec="0" bev="0" fileid="6" />
                <SequencePoint vc="0" uspid="3679" ordinal="0" offset="94" sl="84" sc="17" el="84" ec="17" bec="0" bev="0" fileid="6" />
                <SequencePoint vc="0" uspid="3680" ordinal="0" offset="100" sl="85" sc="17" el="85" ec="17" bec="0" bev="0" fileid="6" />
                <SequencePoint vc="0" uspid="3681" ordinal="0" offset="106" sl="86" sc="13" el="86" ec="13" bec="0" bev="0" fileid="6" />
                <SequencePoint vc="6" uspid="3682" ordinal="0" offset="109" sl="87" sc="18" el="87" ec="18" bec="0" bev="0" fileid="6" />
                <SequencePoint vc="0" uspid="3683" ordinal="0" offset="126" sl="88" sc="13" el="88" ec="13" bec="0" bev="0" fileid="6" />
                <SequencePoint vc="0" uspid="3684" ordinal="0" offset="127" sl="90" sc="17" el="90" ec="17" bec="0" bev="0" fileid="6" />
                <SequencePoint vc="0" uspid="3685" ordinal="0" offset="133" sl="91" sc="13" el="91" ec="13" bec="0" bev="0" fileid="6" />
                <SequencePoint vc="6" uspid="3686" ordinal="0" offset="134" sl="94" sc="13" el="94" ec="13" bec="0" bev="0" fileid="6" />
                <SequencePoint vc="0" uspid="3687" ordinal="0" offset="155" sl="95" sc="13" el="95" ec="13" bec="0" bev="0" fileid="6" />
                <SequencePoint vc="0" uspid="3688" ordinal="0" offset="156" sl="96" sc="17" el="96" ec="17" bec="0" bev="0" fileid="6" />
                <SequencePoint vc="0" uspid="3689" ordinal="0" offset="166" sl="97" sc="17" el="97" ec="17" bec="0" bev="0" fileid="6" />
                <SequencePoint vc="0" uspid="3690" ordinal="0" offset="177" sl="98" sc="17" el="98" ec="17" bec="0" bev="0" fileid="6" />
                <SequencePoint vc="0" uspid="3691" ordinal="0" offset="193" sl="99" sc="13" el="99" ec="13" bec="0" bev="0" fileid="6" />
                <SequencePoint vc="6" uspid="3692" ordinal="0" offset="194" sl="100" sc="9" el="100" ec="9" bec="0" bev="0" fileid="6" />
              </SequencePoints>
              <BranchPoints />
            </Method>
            <Method visited="true" cyclomaticComplexity="4" nPathComplexity="0" sequenceCoverage="83.33" branchCoverage="0" crapScore="4.07" isConstructor="false" isStatic="true" isGetter="false" isSetter="false">
              <Summary numSequencePoints="6" visitedSequencePoints="5" numBranchPoints="0" visitedBranchPoints="0" sequenceCoverage="83.33" branchCoverage="0" maxCyclomaticComplexity="4" minCyclomaticComplexity="4" maxCrapScore="4.07" minCrapScore="4.07" visitedClasses="0" numClasses="0" visitedMethods="1" numMethods="1" />
              <MetadataToken>100663353</MetadataToken>
              <Name>static System.Void Meryel.UnityCodeAssist.Editor.Monitor::OnHierarchyChanged()</Name>
              <FileRef uid="6" />
              <SequencePoints>
                <SequencePoint vc="2" uspid="3697" ordinal="0" offset="0" sl="110" sc="9" el="110" ec="9" bec="0" bev="0" fileid="6" />
                <SequencePoint vc="2" uspid="3698" ordinal="0" offset="1" sl="111" sc="13" el="111" ec="13" bec="0" bev="0" fileid="6" />
                <SequencePoint vc="2" uspid="3699" ordinal="0" offset="17" sl="114" sc="13" el="114" ec="13" bec="0" bev="0" fileid="6" />
                <SequencePoint vc="2" uspid="3700" ordinal="0" offset="34" sl="116" sc="13" el="116" ec="13" bec="0" bev="0" fileid="6" />
                <SequencePoint vc="0" uspid="3701" ordinal="0" offset="45" sl="117" sc="17" el="117" ec="17" bec="0" bev="0" fileid="6" />
                <SequencePoint vc="2" uspid="3702" ordinal="0" offset="63" sl="119" sc="9" el="119" ec="9" bec="0" bev="0" fileid="6" />
              </SequencePoints>
              <BranchPoints />
            </Method>
            <Method visited="true" cyclomaticComplexity="6" nPathComplexity="0" sequenceCoverage="50.00" branchCoverage="0" crapScore="10.50" isConstructor="false" isStatic="true" isGetter="false" isSetter="false">
              <Summary numSequencePoints="8" visitedSequencePoints="4" numBranchPoints="0" visitedBranchPoints="0" sequenceCoverage="50.00" branchCoverage="0" maxCyclomaticComplexity="6" minCyclomaticComplexity="6" maxCrapScore="10.50" minCrapScore="10.50" visitedClasses="0" numClasses="0" visitedMethods="1" numMethods="1" />
              <MetadataToken>100663361</MetadataToken>
              <Name>static System.Void Meryel.UnityCodeAssist.Editor.Monitor::Application_logMessageReceived(System.String, System.String, UnityEngine.LogType)</Name>
              <FileRef uid="6" />
              <SequencePoints>
                <SequencePoint vc="1" uspid="3768" ordinal="0" offset="0" sl="222" sc="9" el="222" ec="9" bec="0" bev="0" fileid="6" />
                <SequencePoint vc="1" uspid="3769" ordinal="0" offset="1" sl="223" sc="13" el="223" ec="13" bec="0" bev="0" fileid="6" />
                <SequencePoint vc="1" uspid="3770" ordinal="0" offset="22" sl="224" sc="17" el="224" ec="17" bec="0" bev="0" fileid="6" />
                <SequencePoint vc="0" uspid="3771" ordinal="0" offset="24" sl="226" sc="13" el="226" ec="13" bec="0" bev="0" fileid="6" />
                <SequencePoint vc="0" uspid="3772" ordinal="0" offset="42" sl="227" sc="17" el="227" ec="17" bec="0" bev="0" fileid="6" />
                <SequencePoint vc="0" uspid="3773" ordinal="0" offset="44" sl="229" sc="13" el="229" ec="13" bec="0" bev="0" fileid="6" />
                <SequencePoint vc="0" uspid="3774" ordinal="0" offset="58" sl="231" sc="13" el="231" ec="13" bec="0" bev="0" fileid="6" />
                <SequencePoint vc="1" uspid="3775" ordinal="0" offset="78" sl="232" sc="9" el="232" ec="9" bec="0" bev="0" fileid="6" />
              </SequencePoints>
              <BranchPoints />
            </Method>
          </Methods>
        </Class>
        <Class>
          <Summary numSequencePoints="28" visitedSequencePoints="19" numBranchPoints="0" visitedBranchPoints="0" sequenceCoverage="67.86" branchCoverage="0.0" maxCyclomaticComplexity="3" minCyclomaticComplexity="1" maxCrapScore="3.10" minCrapScore="1" visitedClasses="1" numClasses="1" visitedMethods="4" numMethods="6" />
          <FullName>Meryel.UnityCodeAssist.Editor.NetMQPublisher</FullName>
          <Methods>
            <Method visited="true" cyclomaticComplexity="1" nPathComplexity="0" sequenceCoverage="100.0" branchCoverage="0" crapScore="1" isConstructor="false" isStatic="false" isGetter="false" isSetter="false">
              <Summary numSequencePoints="4" visitedSequencePoints="4" numBranchPoints="0" visitedBranchPoints="0" sequenceCoverage="100.0" branchCoverage="0" maxCyclomaticComplexity="1" minCyclomaticComplexity="1" maxCrapScore="1" minCrapScore="1" visitedClasses="0" numClasses="0" visitedMethods="1" numMethods="1" />
              <MetadataToken>100663379</MetadataToken>
              <Name>System.String Meryel.UnityCodeAssist.Editor.NetMQPublisher::SerializeObject[T](T)</Name>
              <FileRef uid="8" />
              <SequencePoints>
                <SequencePoint vc="2" uspid="3940" ordinal="0" offset="0" sl="301" sc="0" el="301" ec="0" bec="0" bev="0" fileid="8" />
                <SequencePoint vc="2" uspid="3941" ordinal="0" offset="1" sl="315" sc="0" el="315" ec="0" bec="0" bev="0" fileid="8" />
                <SequencePoint vc="2" uspid="3942" ordinal="0" offset="13" sl="317" sc="0" el="317" ec="0" bec="0" bev="0" fileid="8" />
                <SequencePoint vc="2" uspid="3943" ordinal="0" offset="17" sl="318" sc="0" el="318" ec="0" bec="0" bev="0" fileid="8" />
              </SequencePoints>
              <BranchPoints />
            </Method>
            <Method visited="true" cyclomaticComplexity="2" nPathComplexity="0" sequenceCoverage="80.00" branchCoverage="0" crapScore="2.03" isConstructor="false" isStatic="false" isGetter="false" isSetter="false">
              <Summary numSequencePoints="5" visitedSequencePoints="4" numBranchPoints="0" visitedBranchPoints="0" sequenceCoverage="80.00" branchCoverage="0" maxCyclomaticComplexity="2" minCyclomaticComplexity="2" maxCrapScore="2.03" minCrapScore="2.03" visitedClasses="0" numClasses="0" visitedMethods="1" numMethods="1" />
              <MetadataToken>100663380</MetadataToken>
              <Name>System.Void Meryel.UnityCodeAssist.Editor.NetMQPublisher::SendAux(Meryel.UnityCodeAssist.Synchronizer.Model.IMessage, System.Boolean)</Name>
              <FileRef uid="8" />
              <SequencePoints>
                <SequencePoint vc="2" uspid="3944" ordinal="0" offset="0" sl="321" sc="9" el="321" ec="9" bec="0" bev="0" fileid="8" />
                <SequencePoint vc="2" uspid="3945" ordinal="0" offset="1" sl="322" sc="13" el="322" ec="13" bec="0" bev="0" fileid="8" />
                <SequencePoint vc="0" uspid="3946" ordinal="0" offset="9" sl="323" sc="17" el="323" ec="17" bec="0" bev="0" fileid="8" />
                <SequencePoint vc="2" uspid="3947" ordinal="0" offset="11" sl="325" sc="13" el="325" ec="13" bec="0" bev="0" fileid="8" />
                <SequencePoint vc="2" uspid="3948" ordinal="0" offset="31" sl="326" sc="9" el="326" ec="9" bec="0" bev="0" fileid="8" />
              </SequencePoints>
              <BranchPoints />
            </Method>
            <Method visited="true" cyclomaticComplexity="3" nPathComplexity="0" sequenceCoverage="77.78" branchCoverage="0" crapScore="3.10" isConstructor="false" isStatic="false" isGetter="false" isSetter="false">
              <Summary numSequencePoints="9" visitedSequencePoints="7" numBranchPoints="0" visitedBranchPoints="0" sequenceCoverage="77.78" branchCoverage="0" maxCyclomaticComplexity="3" minCyclomaticComplexity="3" maxCrapScore="3.10" minCrapScore="3.10" visitedClasses="0" numClasses="0" visitedMethods="1" numMethods="1" />
              <MetadataToken>100663381</MetadataToken>
              <Name>System.Void Meryel.UnityCodeAssist.Editor.NetMQPublisher::SendAux(System.String, System.Object, System.Boolean)</Name>
              <FileRef uid="8" />
              <SequencePoints>
                <SequencePoint vc="2" uspid="3949" ordinal="0" offset="0" sl="329" sc="9" el="329" ec="9" bec="0" bev="0" fileid="8" />
                <SequencePoint vc="2" uspid="3950" ordinal="0" offset="1" sl="330" sc="13" el="330" ec="13" bec="0" bev="0" fileid="8" />
                <SequencePoint vc="2" uspid="3951" ordinal="0" offset="6" sl="331" sc="17" el="331" ec="17" bec="0" bev="0" fileid="8" />
                <SequencePoint vc="0" uspid="3952" ordinal="0" offset="21" sl="333" sc="17" el="333" ec="17" bec="0" bev="0" fileid="8" />
                <SequencePoint vc="2" uspid="3953" ordinal="0" offset="33" sl="335" sc="13" el="335" ec="13" bec="0" bev="0" fileid="8" />
                <SequencePoint vc="2" uspid="3954" ordinal="0" offset="40" sl="336" sc="13" el="336" ec="13" bec="0" bev="0" fileid="8" />
                <SequencePoint vc="2" uspid="3955" ordinal="0" offset="48" sl="337" sc="17" el="337" ec="17" bec="0" bev="0" fileid="8" />
                <SequencePoint vc="0" uspid="3956" ordinal="0" offset="71" sl="339" sc="17" el="339" ec="17" bec="0" bev="0" fileid="8" />
                <SequencePoint vc="2" uspid="3957" ordinal="0" offset="82" sl="340" sc="9" el="340" ec="9" bec="0" bev="0" fileid="8" />
              </SequencePoints>
              <BranchPoints />
            </Method>
            <Method visited="true" cyclomaticComplexity="1" nPathComplexity="0" sequenceCoverage="100.0" branchCoverage="0" crapScore="1" isConstructor="false" isStatic="false" isGetter="false" isSetter="false">
              <Summary numSequencePoints="4" visitedSequencePoints="4" numBranchPoints="0" visitedBranchPoints="0" sequenceCoverage="100.0" branchCoverage="0" maxCyclomaticComplexity="1" minCyclomaticComplexity="1" maxCrapScore="1" minCrapScore="1" visitedClasses="0" numClasses="0" visitedMethods="1" numMethods="1" />
              <MetadataToken>100663385</MetadataToken>
              <Name>System.Void Meryel.UnityCodeAssist.Editor.NetMQPublisher::SendHandshake()</Name>
              <FileRef uid="8" />
              <SequencePoints>
                <SequencePoint vc="2" uspid="3970" ordinal="0" offset="0" sl="378" sc="9" el="378" ec="9" bec="0" bev="0" fileid="8" />
                <SequencePoint vc="2" uspid="3971" ordinal="0" offset="1" sl="379" sc="13" el="379" ec="13" bec="0" bev="0" fileid="8" />
                <SequencePoint vc="2" uspid="3972" ordinal="0" offset="7" sl="381" sc="13" el="381" ec="13" bec="0" bev="0" fileid="8" />
                <SequencePoint vc="2" uspid="3973" ordinal="0" offset="16" sl="382" sc="9" el="382" ec="9" bec="0" bev="0" fileid="8" />
              </SequencePoints>
              <BranchPoints />
            </Method>
            <Method visited="false" cyclomaticComplexity="1" nPathComplexity="0" sequenceCoverage="0.0" branchCoverage="0" crapScore="2" isConstructor="false" isStatic="false" isGetter="false" isSetter="false">
              <Summary numSequencePoints="3" visitedSequencePoints="0" numBranchPoints="0" visitedBranchPoints="0" sequenceCoverage="0.0" branchCoverage="0" maxCyclomaticComplexity="1" minCyclomaticComplexity="1" maxCrapScore="2" minCrapScore="2" visitedClasses="0" numClasses="0" visitedMethods="0" numMethods="1" />
              <MetadataToken>100663402</MetadataToken>
              <Name>System.String Meryel.UnityCodeAssist.Editor.NetMQPublisher.Meryel.UnityCodeAssist.Synchronizer.Model.IProcessor::Serialize[T](T)</Name>
              <FileRef uid="8" />
              <SequencePoints>
                <SequencePoint vc="0" uspid="4060" ordinal="0" offset="0" sl="602" sc="0" el="602" ec="0" bec="0" bev="0" fileid="8" />
                <SequencePoint vc="0" uspid="4061" ordinal="0" offset="1" sl="605" sc="0" el="605" ec="0" bec="0" bev="0" fileid="8" />
                <SequencePoint vc="0" uspid="4062" ordinal="0" offset="11" sl="606" sc="0" el="606" ec="0" bec="0" bev="0" fileid="8" />
              </SequencePoints>
              <BranchPoints />
            </Method>
            <Method visited="false" cyclomaticComplexity="1" nPathComplexity="0" sequenceCoverage="0.0" branchCoverage="0" crapScore="2" isConstructor="false" isStatic="false" isGetter="false" isSetter="false">
              <Summary numSequencePoints="3" visitedSequencePoints="0" numBranchPoints="0" visitedBranchPoints="0" sequenceCoverage="0.0" branchCoverage="0" maxCyclomaticComplexity="1" minCyclomaticComplexity="1" maxCrapScore="2" minCrapScore="2" visitedClasses="0" numClasses="0" visitedMethods="0" numMethods="1" />
              <MetadataToken>100663403</MetadataToken>
              <Name>T Meryel.UnityCodeAssist.Editor.NetMQPublisher.Meryel.UnityCodeAssist.Synchronizer.Model.IProcessor::Deserialize[T](System.String)</Name>
              <FileRef uid="8" />
              <SequencePoints>
                <SequencePoint vc="0" uspid="4063" ordinal="0" offset="0" sl="608" sc="0" el="608" ec="0" bec="0" bev="0" fileid="8" />
                <SequencePoint vc="0" uspid="4064" ordinal="0" offset="1" sl="611" sc="0" el="611" ec="0" bec="0" bev="0" fileid="8" />
                <SequencePoint vc="0" uspid="4065" ordinal="0" offset="10" sl="616" sc="0" el="616" ec="0" bec="0" bev="0" fileid="8" />
              </SequencePoints>
              <BranchPoints />
            </Method>
          </Methods>
        </Class>
        <Class>
          <Summary numSequencePoints="4" visitedSequencePoints="4" numBranchPoints="0" visitedBranchPoints="0" sequenceCoverage="100.0" branchCoverage="0.0" maxCyclomaticComplexity="3" minCyclomaticComplexity="3" maxCrapScore="3" minCrapScore="3" visitedClasses="1" numClasses="1" visitedMethods="1" numMethods="1" />
          <FullName>Meryel.UnityCodeAssist.Editor.ScriptFinder</FullName>
          <Methods>
            <Method visited="true" cyclomaticComplexity="3" nPathComplexity="0" sequenceCoverage="100.0" branchCoverage="0" crapScore="3" isConstructor="false" isStatic="true" isGetter="false" isSetter="false">
              <Summary numSequencePoints="4" visitedSequencePoints="4" numBranchPoints="0" visitedBranchPoints="0" sequenceCoverage="100.0" branchCoverage="0" maxCyclomaticComplexity="3" minCyclomaticComplexity="3" maxCrapScore="3" minCrapScore="3" visitedClasses="0" numClasses="0" visitedMethods="1" numMethods="1" />
              <MetadataToken>100663427</MetadataToken>
              <Name>static System.Boolean Meryel.UnityCodeAssist.Editor.ScriptFinder::GetActiveGameObject(UnityEngine.GameObject&amp;)</Name>
              <FileRef uid="9" />
              <SequencePoints>
                <SequencePoint vc="2" uspid="4355" ordinal="0" offset="0" sl="299" sc="9" el="299" ec="9" bec="0" bev="0" fileid="9" />
                <SequencePoint vc="2" uspid="4356" ordinal="0" offset="1" sl="300" sc="13" el="300" ec="13" bec="0" bev="0" fileid="9" />
                <SequencePoint vc="2" uspid="4357" ordinal="0" offset="8" sl="301" sc="13" el="301" ec="13" bec="0" bev="0" fileid="9" />
                <SequencePoint vc="2" uspid="4358" ordinal="0" offset="24" sl="302" sc="9" el="302" ec="9" bec="0" bev="0" fileid="9" />
              </SequencePoints>
              <BranchPoints />
            </Method>
          </Methods>
        </Class>
        <Class>
          <Summary numSequencePoints="41" visitedSequencePoints="0" numBranchPoints="0" visitedBranchPoints="0" sequenceCoverage="0.0" branchCoverage="0.0" maxCyclomaticComplexity="8" minCyclomaticComplexity="5" maxCrapScore="72" minCrapScore="30" visitedClasses="0" numClasses="1" visitedMethods="0" numMethods="2" />
          <FullName>Meryel.UnityCodeAssist.Editor.TinyJson.JsonParser</FullName>
          <Methods>
            <Method visited="false" cyclomaticComplexity="8" nPathComplexity="0" sequenceCoverage="0.0" branchCoverage="0" crapScore="72" isConstructor="false" isStatic="true" isGetter="false" isSetter="false">
              <Summary numSequencePoints="21" visitedSequencePoints="0" numBranchPoints="0" visitedBranchPoints="0" sequenceCoverage="0.0" branchCoverage="0" maxCyclomaticComplexity="8" minCyclomaticComplexity="8" maxCrapScore="72" minCrapScore="72" visitedClasses="0" numClasses="0" visitedMethods="0" numMethods="1" />
              <MetadataToken>100663447</MetadataToken>
              <Name>static T Meryel.UnityCodeAssist.Editor.TinyJson.JsonParser::FromJson[T](System.String)</Name>
              <FileRef uid="12" />
              <SequencePoints>
                <SequencePoint vc="0" uspid="4591" ordinal="0" offset="0" sl="40" sc="0" el="40" ec="0" bec="0" bev="0" fileid="12" />
                <SequencePoint vc="0" uspid="4592" ordinal="0" offset="1" sl="42" sc="0" el="42" ec="0" bec="0" bev="0" fileid="12" />
                <SequencePoint vc="0" uspid="4593" ordinal="0" offset="18" sl="43" sc="0" el="43" ec="0" bec="0" bev="0" fileid="12" />
                <SequencePoint vc="0" uspid="4594" ordinal="0" offset="35" sl="44" sc="0" el="44" ec="0" bec="0" bev="0" fileid="12" />
                <SequencePoint vc="0" uspid="4595" ordinal="0" offset="52" sl="45" sc="0" el="45" ec="0" bec="0" bev="0" fileid="12" />
                <SequencePoint vc="0" uspid="4596" ordinal="0" offset="69" sl="48" sc="0" el="48" ec="0" bec="0" bev="0" fileid="12" />
                <SequencePoint vc="0" uspid="4597" ordinal="0" offset="81" sl="49" sc="0" el="49" ec="0" bec="0" bev="0" fileid="12" />
                <SequencePoint vc="0" uspid="4598" ordinal="0" offset="85" sl="50" sc="0" el="50" ec="0" bec="0" bev="0" fileid="12" />
                <SequencePoint vc="0" uspid="4599" ordinal="0" offset="86" sl="51" sc="0" el="51" ec="0" bec="0" bev="0" fileid="12" />
                <SequencePoint vc="0" uspid="4600" ordinal="0" offset="94" sl="52" sc="0" el="52" ec="0" bec="0" bev="0" fileid="12" />
                <SequencePoint vc="0" uspid="4601" ordinal="0" offset="103" sl="53" sc="0" el="53" ec="0" bec="0" bev="0" fileid="12" />
                <SequencePoint vc="0" uspid="4602" ordinal="0" offset="104" sl="54" sc="0" el="54" ec="0" bec="0" bev="0" fileid="12" />
                <SequencePoint vc="0" uspid="4603" ordinal="0" offset="113" sl="55" sc="0" el="55" ec="0" bec="0" bev="0" fileid="12" />
                <SequencePoint vc="0" uspid="4604" ordinal="0" offset="115" sl="57" sc="0" el="57" ec="0" bec="0" bev="0" fileid="12" />
                <SequencePoint vc="0" uspid="4605" ordinal="0" offset="125" sl="58" sc="0" el="58" ec="0" bec="0" bev="0" fileid="12" />
                <SequencePoint vc="0" uspid="4606" ordinal="0" offset="127" sl="60" sc="0" el="60" ec="0" bec="0" bev="0" fileid="12" />
                <SequencePoint vc="0" uspid="4607" ordinal="0" offset="139" sl="61" sc="0" el="61" ec="0" bec="0" bev="0" fileid="12" />
                <SequencePoint vc="0" uspid="4608" ordinal="0" offset="140" sl="49" sc="0" el="49" ec="0" bec="0" bev="0" fileid="12" />
                <SequencePoint vc="0" uspid="4609" ordinal="0" offset="144" sl="49" sc="0" el="49" ec="0" bec="0" bev="0" fileid="12" />
                <SequencePoint vc="0" uspid="4610" ordinal="0" offset="159" sl="64" sc="0" el="64" ec="0" bec="0" bev="0" fileid="12" />
                <SequencePoint vc="0" uspid="4611" ordinal="0" offset="193" sl="65" sc="0" el="65" ec="0" bec="0" bev="0" fileid="12" />
              </SequencePoints>
              <BranchPoints />
            </Method>
            <Method visited="false" cyclomaticComplexity="5" nPathComplexity="0" sequenceCoverage="0.0" branchCoverage="0" crapScore="30" isConstructor="false" isStatic="true" isGetter="false" isSetter="false">
              <Summary numSequencePoints="20" visitedSequencePoints="0" numBranchPoints="0" visitedBranchPoints="0" sequenceCoverage="0.0" branchCoverage="0" maxCyclomaticComplexity="5" minCyclomaticComplexity="5" maxCrapScore="30" minCrapScore="30" visitedClasses="0" numClasses="0" visitedMethods="0" numMethods="1" />
              <MetadataToken>100663452</MetadataToken>
              <Name>static System.Collections.Generic.Dictionary[String,T] Meryel.UnityCodeAssist.Editor.TinyJson.JsonParser::CreateMemberNameDictionary[T]()</Name>
              <FileRef uid="12" />
              <SequencePoints>
                <SequencePoint vc="0" uspid="4818" ordinal="0" offset="0" sl="316" sc="0" el="316" ec="0" bec="0" bev="0" fileid="12" />
                <SequencePoint vc="0" uspid="4819" ordinal="0" offset="1" sl="317" sc="0" el="317" ec="0" bec="0" bev="0" fileid="12" />
                <SequencePoint vc="0" uspid="4820" ordinal="0" offset="12" sl="318" sc="0" el="318" ec="0" bec="0" bev="0" fileid="12" />
                <SequencePoint vc="0" uspid="4821" ordinal="0" offset="19" sl="319" sc="0" el="319" ec="0" bec="0" bev="0" fileid="12" />
                <SequencePoint vc="0" uspid="4822" ordinal="0" offset="20" sl="320" sc="0" el="320" ec="0" bec="0" bev="0" fileid="12" />
                <SequencePoint vc="0" uspid="4823" ordinal="0" offset="28" sl="321" sc="0" el="321" ec="0" bec="0" bev="0" fileid="12" />
                <SequencePoint vc="0" uspid="4824" ordinal="0" offset="56" sl="322" sc="0" el="322" ec="0" bec="0" bev="0" fileid="12" />
                <SequencePoint vc="0" uspid="4825" ordinal="0" offset="58" sl="324" sc="0" el="324" ec="0" bec="0" bev="0" fileid="12" />
                <SequencePoint vc="0" uspid="4826" ordinal="0" offset="70" sl="325" sc="0" el="325" ec="0" bec="0" bev="0" fileid="12" />
                <SequencePoint vc="0" uspid="4827" ordinal="0" offset="98" sl="326" sc="0" el="326" ec="0" bec="0" bev="0" fileid="12" />
                <SequencePoint vc="0" uspid="4828" ordinal="0" offset="99" sl="327" sc="0" el="327" ec="0" bec="0" bev="0" fileid="12" />
                <SequencePoint vc="0" uspid="4829" ordinal="0" offset="128" sl="328" sc="0" el="328" ec="0" bec="0" bev="0" fileid="12" />
                <SequencePoint vc="0" uspid="4830" ordinal="0" offset="149" sl="329" sc="0" el="329" ec="0" bec="0" bev="0" fileid="12" />
                <SequencePoint vc="0" uspid="4831" ordinal="0" offset="157" sl="330" sc="0" el="330" ec="0" bec="0" bev="0" fileid="12" />
                <SequencePoint vc="0" uspid="4832" ordinal="0" offset="158" sl="332" sc="0" el="332" ec="0" bec="0" bev="0" fileid="12" />
                <SequencePoint vc="0" uspid="4833" ordinal="0" offset="167" sl="333" sc="0" el="333" ec="0" bec="0" bev="0" fileid="12" />
                <SequencePoint vc="0" uspid="4834" ordinal="0" offset="168" sl="318" sc="0" el="318" ec="0" bec="0" bev="0" fileid="12" />
                <SequencePoint vc="0" uspid="4835" ordinal="0" offset="172" sl="318" sc="0" el="318" ec="0" bec="0" bev="0" fileid="12" />
                <SequencePoint vc="0" uspid="4836" ordinal="0" offset="187" sl="335" sc="0" el="335" ec="0" bec="0" bev="0" fileid="12" />
                <SequencePoint vc="0" uspid="4837" ordinal="0" offset="192" sl="336" sc="0" el="336" ec="0" bec="0" bev="0" fileid="12" />
              </SequencePoints>
              <BranchPoints />
            </Method>
          </Methods>
        </Class>
        <Class>
          <Summary numSequencePoints="158" visitedSequencePoints="33" numBranchPoints="0" visitedBranchPoints="0" sequenceCoverage="20.89" branchCoverage="0.0" maxCyclomaticComplexity="43" minCyclomaticComplexity="1" maxCrapScore="1051.33" minCrapScore="1" visitedClasses="1" numClasses="1" visitedMethods="2" numMethods="2" />
          <FullName>Meryel.UnityCodeAssist.Editor.TinyJson.JsonWriter</FullName>
          <Methods>
            <Method visited="true" cyclomaticComplexity="1" nPathComplexity="0" sequenceCoverage="100.0" branchCoverage="0" crapScore="1" isConstructor="false" isStatic="true" isGetter="false" isSetter="false">
              <Summary numSequencePoints="5" visitedSequencePoints="5" numBranchPoints="0" visitedBranchPoints="0" sequenceCoverage="100.0" branchCoverage="0" maxCyclomaticComplexity="1" minCyclomaticComplexity="1" maxCrapScore="1" minCrapScore="1" visitedClasses="0" numClasses="0" visitedMethods="1" numMethods="1" />
              <MetadataToken>100663454</MetadataToken>
              <Name>static System.String Meryel.UnityCodeAssist.Editor.TinyJson.JsonWriter::ToJson(System.Object)</Name>
              <FileRef uid="13" />
              <SequencePoints>
                <SequencePoint vc="2" uspid="4868" ordinal="0" offset="0" sl="23" sc="9" el="23" ec="9" bec="0" bev="0" fileid="13" />
                <SequencePoint vc="2" uspid="4869" ordinal="0" offset="1" sl="24" sc="13" el="24" ec="13" bec="0" bev="0" fileid="13" />
                <SequencePoint vc="2" uspid="4870" ordinal="0" offset="7" sl="25" sc="13" el="25" ec="13" bec="0" bev="0" fileid="13" />
                <SequencePoint vc="2" uspid="4871" ordinal="0" offset="15" sl="26" sc="13" el="26" ec="13" bec="0" bev="0" fileid="13" />
                <SequencePoint vc="2" uspid="4872" ordinal="0" offset="24" sl="27" sc="9" el="27" ec="9" bec="0" bev="0" fileid="13" />
              </SequencePoints>
              <BranchPoints />
            </Method>
            <Method visited="true" cyclomaticComplexity="43" nPathComplexity="0" sequenceCoverage="18.30" branchCoverage="0" crapScore="1051.33" isConstructor="false" isStatic="true" isGetter="false" isSetter="false">
              <Summary numSequencePoints="153" visitedSequencePoints="28" numBranchPoints="0" visitedBranchPoints="0" sequenceCoverage="18.30" branchCoverage="0" maxCyclomaticComplexity="43" minCyclomaticComplexity="43" maxCrapScore="1051.33" minCrapScore="1051.33" visitedClasses="0" numClasses="0" visitedMethods="1" numMethods="1" />
              <MetadataToken>100663455</MetadataToken>
              <Name>static System.Void Meryel.UnityCodeAssist.Editor.TinyJson.JsonWriter::AppendValue(System.Text.StringBuilder, System.Object)</Name>
              <FileRef uid="13" />
              <SequencePoints>
                <SequencePoint vc="2" uspid="4873" ordinal="0" offset="0" sl="30" sc="9" el="30" ec="9" bec="0" bev="0" fileid="13" />
                <SequencePoint vc="2" uspid="4874" ordinal="0" offset="1" sl="31" sc="13" el="31" ec="13" bec="0" bev="0" fileid="13" />
                <SequencePoint vc="0" uspid="4875" ordinal="0" offset="9" sl="32" sc="13" el="32" ec="13" bec="0" bev="0" fileid="13" />
                <SequencePoint vc="0" uspid="4876" ordinal="0" offset="10" sl="33" sc="17" el="33" ec="17" bec="0" bev="0" fileid="13" />
                <SequencePoint vc="0" uspid="4877" ordinal="0" offset="22" sl="34" sc="17" el="34" ec="17" bec="0" bev="0" fileid="13" />
                <SequencePoint vc="2" uspid="4878" ordinal="0" offset="27" sl="37" sc="13" el="37" ec="13" bec="0" bev="0" fileid="13" />
                <SequencePoint vc="2" uspid="4879" ordinal="0" offset="34" sl="38" sc="13" el="38" ec="13" bec="0" bev="0" fileid="13" />
                <SequencePoint vc="0" uspid="4880" ordinal="0" offset="78" sl="39" sc="13" el="39" ec="13" bec="0" bev="0" fileid="13" />
                <SequencePoint vc="0" uspid="4881" ordinal="0" offset="79" sl="40" sc="17" el="40" ec="17" bec="0" bev="0" fileid="13" />
                <SequencePoint vc="0" uspid="4882" ordinal="0" offset="88" sl="41" sc="17" el="41" ec="17" bec="0" bev="0" fileid="13" />
                <SequencePoint vc="0" uspid="4883" ordinal="0" offset="95" sl="42" sc="22" el="42" ec="22" bec="0" bev="0" fileid="13" />
                <SequencePoint vc="0" uspid="4884" ordinal="0" offset="103" sl="43" sc="21" el="43" ec="21" bec="0" bev="0" fileid="13" />
                <SequencePoint vc="0" uspid="4885" ordinal="0" offset="148" sl="44" sc="21" el="44" ec="21" bec="0" bev="0" fileid="13" />
                <SequencePoint vc="0" uspid="4886" ordinal="0" offset="149" sl="45" sc="25" el="45" ec="25" bec="0" bev="0" fileid="13" />
                <SequencePoint vc="0" uspid="4887" ordinal="0" offset="158" sl="46" sc="25" el="46" ec="25" bec="0" bev="0" fileid="13" />
                <SequencePoint vc="0" uspid="4888" ordinal="0" offset="178" sl="47" sc="25" el="47" ec="25" bec="0" bev="0" fileid="13" />
                <SequencePoint vc="0" uspid="4889" ordinal="0" offset="192" sl="48" sc="29" el="48" ec="29" bec="0" bev="0" fileid="13" />
                <SequencePoint vc="0" uspid="4890" ordinal="0" offset="213" sl="50" sc="29" el="50" ec="29" bec="0" bev="0" fileid="13" />
                <SequencePoint vc="0" uspid="4891" ordinal="0" offset="238" sl="51" sc="21" el="51" ec="21" bec="0" bev="0" fileid="13" />
                <SequencePoint vc="0" uspid="4892" ordinal="0" offset="241" sl="53" sc="25" el="53" ec="25" bec="0" bev="0" fileid="13" />
                <SequencePoint vc="0" uspid="4893" ordinal="0" offset="256" sl="42" sc="49" el="42" ec="49" bec="0" bev="0" fileid="13" />
                <SequencePoint vc="0" uspid="4894" ordinal="0" offset="262" sl="42" sc="33" el="42" ec="33" bec="0" bev="0" fileid="13" />
                <SequencePoint vc="0" uspid="4895" ordinal="0" offset="281" sl="54" sc="17" el="54" ec="17" bec="0" bev="0" fileid="13" />
                <SequencePoint vc="0" uspid="4896" ordinal="0" offset="290" sl="55" sc="13" el="55" ec="13" bec="0" bev="0" fileid="13" />
                <SequencePoint vc="2" uspid="4897" ordinal="0" offset="296" sl="56" sc="18" el="56" ec="18" bec="0" bev="0" fileid="13" />
                <SequencePoint vc="0" uspid="4898" ordinal="0" offset="339" sl="57" sc="13" el="57" ec="13" bec="0" bev="0" fileid="13" />
                <SequencePoint vc="0" uspid="4899" ordinal="0" offset="340" sl="58" sc="17" el="58" ec="17" bec="0" bev="0" fileid="13" />
                <SequencePoint vc="0" uspid="4900" ordinal="0" offset="353" sl="59" sc="13" el="59" ec="13" bec="0" bev="0" fileid="13" />
                <SequencePoint vc="2" uspid="4901" ordinal="0" offset="359" sl="60" sc="18" el="60" ec="18" bec="0" bev="0" fileid="13" />
                <SequencePoint vc="0" uspid="4902" ordinal="0" offset="402" sl="61" sc="13" el="61" ec="13" bec="0" bev="0" fileid="13" />
                <SequencePoint vc="0" uspid="4903" ordinal="0" offset="403" sl="62" sc="17" el="62" ec="17" bec="0" bev="0" fileid="13" />
                <SequencePoint vc="0" uspid="4904" ordinal="0" offset="416" sl="63" sc="13" el="63" ec="13" bec="0" bev="0" fileid="13" />
                <SequencePoint vc="2" uspid="4905" ordinal="0" offset="422" sl="64" sc="18" el="64" ec="18" bec="0" bev="0" fileid="13" />
                <SequencePoint vc="0" uspid="4906" ordinal="0" offset="465" sl="65" sc="13" el="65" ec="13" bec="0" bev="0" fileid="13" />
                <SequencePoint vc="0" uspid="4907" ordinal="0" offset="466" sl="66" sc="17" el="66" ec="17" bec="0" bev="0" fileid="13" />
                <SequencePoint vc="0" uspid="4908" ordinal="0" offset="479" sl="67" sc="13" el="67" ec="13" bec="0" bev="0" fileid="13" />
                <SequencePoint vc="2" uspid="4909" ordinal="0" offset="485" sl="68" sc="18" el="68" ec="18" bec="0" bev="0" fileid="13" />
                <SequencePoint vc="0" uspid="4910" ordinal="0" offset="528" sl="69" sc="13" el="69" ec="13" bec="0" bev="0" fileid="13" />
                <SequencePoint vc="0" uspid="4911" ordinal="0" offset="529" sl="70" sc="17" el="70" ec="17" bec="0" bev="0" fileid="13" />
                <SequencePoint vc="0" uspid="4912" ordinal="0" offset="542" sl="71" sc="13" el="71" ec="13" bec="0" bev="0" fileid="13" />
                <SequencePoint vc="2" uspid="4913" ordinal="0" offset="548" sl="72" sc="18" el="72" ec="18" bec="0" bev="0" fileid="13" />
                <SequencePoint vc="0" uspid="4914" ordinal="0" offset="570" sl="73" sc="13" el="73" ec="13" bec="0" bev="0" fileid="13" />
                <SequencePoint vc="0" uspid="4915" ordinal="0" offset="571" sl="74" sc="17" el="74" ec="17" bec="0" bev="0" fileid="13" />
                <SequencePoint vc="0" uspid="4916" ordinal="0" offset="598" sl="75" sc="13" el="75" ec="13" bec="0" bev="0" fileid="13" />
                <SequencePoint vc="2" uspid="4917" ordinal="0" offset="604" sl="76" sc="18" el="76" ec="18" bec="0" bev="0" fileid="13" />
                <SequencePoint vc="0" uspid="4918" ordinal="0" offset="626" sl="77" sc="13" el="77" ec="13" bec="0" bev="0" fileid="13" />
                <SequencePoint vc="0" uspid="4919" ordinal="0" offset="627" sl="78" sc="17" el="78" ec="17" bec="0" bev="0" fileid="13" />
                <SequencePoint vc="0" uspid="4920" ordinal="0" offset="654" sl="79" sc="13" el="79" ec="13" bec="0" bev="0" fileid="13" />
                <SequencePoint vc="2" uspid="4921" ordinal="0" offset="660" sl="80" sc="18" el="80" ec="18" bec="0" bev="0" fileid="13" />
                <SequencePoint vc="0" uspid="4922" ordinal="0" offset="682" sl="81" sc="13" el="81" ec="13" bec="0" bev="0" fileid="13" />
                <SequencePoint vc="0" uspid="4923" ordinal="0" offset="683" sl="82" sc="17" el="82" ec="17" bec="0" bev="0" fileid="13" />
                <SequencePoint vc="0" uspid="4924" ordinal="0" offset="710" sl="83" sc="13" el="83" ec="13" bec="0" bev="0" fileid="13" />
                <SequencePoint vc="2" uspid="4925" ordinal="0" offset="716" sl="84" sc="18" el="84" ec="18" bec="0" bev="0" fileid="13" />
                <SequencePoint vc="0" uspid="4926" ordinal="0" offset="738" sl="85" sc="13" el="85" ec="13" bec="0" bev="0" fileid="13" />
                <SequencePoint vc="0" uspid="4927" ordinal="0" offset="739" sl="86" sc="17" el="86" ec="17" bec="0" bev="0" fileid="13" />
                <SequencePoint vc="0" uspid="4928" ordinal="0" offset="766" sl="87" sc="13" el="87" ec="13" bec="0" bev="0" fileid="13" />
                <SequencePoint vc="2" uspid="4929" ordinal="0" offset="772" sl="88" sc="18" el="88" ec="18" bec="0" bev="0" fileid="13" />
                <SequencePoint vc="0" uspid="4930" ordinal="0" offset="794" sl="89" sc="13" el="89" ec="13" bec="0" bev="0" fileid="13" />
                <SequencePoint vc="0" uspid="4931" ordinal="0" offset="795" sl="90" sc="17" el="90" ec="17" bec="0" bev="0" fileid="13" />
                <SequencePoint vc="0" uspid="4932" ordinal="0" offset="804" sl="91" sc="17" el="91" ec="17" bec="0" bev="0" fileid="13" />
                <SequencePoint vc="0" uspid="4933" ordinal="0" offset="831" sl="92" sc="17" el="92" ec="17" bec="0" bev="0" fileid="13" />
                <SequencePoint vc="0" uspid="4934" ordinal="0" offset="840" sl="93" sc="13" el="93" ec="13" bec="0" bev="0" fileid="13" />
                <SequencePoint vc="2" uspid="4935" ordinal="0" offset="846" sl="94" sc="18" el="94" ec="18" bec="0" bev="0" fileid="13" />
                <SequencePoint vc="0" uspid="4936" ordinal="0" offset="858" sl="95" sc="13" el="95" ec="13" bec="0" bev="0" fileid="13" />
                <SequencePoint vc="0" uspid="4937" ordinal="0" offset="859" sl="96" sc="17" el="96" ec="17" bec="0" bev="0" fileid="13" />
                <SequencePoint vc="0" uspid="4938" ordinal="0" offset="868" sl="97" sc="17" el="97" ec="17" bec="0" bev="0" fileid="13" />
                <SequencePoint vc="0" uspid="4939" ordinal="0" offset="881" sl="98" sc="17" el="98" ec="17" bec="0" bev="0" fileid="13" />
                <SequencePoint vc="0" uspid="4940" ordinal="0" offset="890" sl="99" sc="13" el="99" ec="13" bec="0" bev="0" fileid="13" />
                <SequencePoint vc="2" uspid="4941" ordinal="0" offset="896" sl="100" sc="18" el="100" ec="18" bec="0" bev="0" fileid="13" />
                <SequencePoint vc="0" uspid="4942" ordinal="0" offset="911" sl="101" sc="13" el="101" ec="13" bec="0" bev="0" fileid="13" />
                <SequencePoint vc="0" uspid="4943" ordinal="0" offset="912" sl="102" sc="17" el="102" ec="17" bec="0" bev="0" fileid="13" />
                <SequencePoint vc="0" uspid="4944" ordinal="0" offset="921" sl="103" sc="17" el="103" ec="17" bec="0" bev="0" fileid="13" />
                <SequencePoint vc="0" uspid="4945" ordinal="0" offset="924" sl="104" sc="17" el="104" ec="17" bec="0" bev="0" fileid="13" />
                <SequencePoint vc="0" uspid="4946" ordinal="0" offset="932" sl="105" sc="22" el="105" ec="22" bec="0" bev="0" fileid="13" />
                <SequencePoint vc="0" uspid="4947" ordinal="0" offset="937" sl="106" sc="17" el="106" ec="17" bec="0" bev="0" fileid="13" />
                <SequencePoint vc="0" uspid="4948" ordinal="0" offset="938" sl="107" sc="21" el="107" ec="21" bec="0" bev="0" fileid="13" />
                <SequencePoint vc="0" uspid="4949" ordinal="0" offset="946" sl="108" sc="25" el="108" ec="25" bec="0" bev="0" fileid="13" />
                <SequencePoint vc="0" uspid="4950" ordinal="0" offset="951" sl="110" sc="25" el="110" ec="25" bec="0" bev="0" fileid="13" />
                <SequencePoint vc="0" uspid="4951" ordinal="0" offset="960" sl="111" sc="21" el="111" ec="21" bec="0" bev="0" fileid="13" />
                <SequencePoint vc="0" uspid="4952" ordinal="0" offset="976" sl="112" sc="17" el="112" ec="17" bec="0" bev="0" fileid="13" />
                <SequencePoint vc="0" uspid="4953" ordinal="0" offset="977" sl="105" sc="49" el="105" ec="49" bec="0" bev="0" fileid="13" />
                <SequencePoint vc="0" uspid="4954" ordinal="0" offset="983" sl="105" sc="33" el="105" ec="33" bec="0" bev="0" fileid="13" />
                <SequencePoint vc="0" uspid="4955" ordinal="0" offset="1000" sl="113" sc="17" el="113" ec="17" bec="0" bev="0" fileid="13" />
                <SequencePoint vc="0" uspid="4956" ordinal="0" offset="1009" sl="114" sc="13" el="114" ec="13" bec="0" bev="0" fileid="13" />
                <SequencePoint vc="2" uspid="4957" ordinal="0" offset="1015" sl="115" sc="18" el="115" ec="18" bec="0" bev="0" fileid="13" />
                <SequencePoint vc="0" uspid="4958" ordinal="0" offset="1056" sl="116" sc="13" el="116" ec="13" bec="0" bev="0" fileid="13" />
                <SequencePoint vc="0" uspid="4959" ordinal="0" offset="1057" sl="117" sc="17" el="117" ec="17" bec="0" bev="0" fileid="13" />
                <SequencePoint vc="0" uspid="4960" ordinal="0" offset="1067" sl="120" sc="17" el="120" ec="17" bec="0" bev="0" fileid="13" />
                <SequencePoint vc="0" uspid="4961" ordinal="0" offset="1090" sl="121" sc="17" el="121" ec="17" bec="0" bev="0" fileid="13" />
                <SequencePoint vc="0" uspid="4962" ordinal="0" offset="1091" sl="122" sc="21" el="122" ec="21" bec="0" bev="0" fileid="13" />
                <SequencePoint vc="0" uspid="4963" ordinal="0" offset="1103" sl="123" sc="21" el="123" ec="21" bec="0" bev="0" fileid="13" />
                <SequencePoint vc="0" uspid="4964" ordinal="0" offset="1108" sl="126" sc="17" el="126" ec="17" bec="0" bev="0" fileid="13" />
                <SequencePoint vc="0" uspid="4965" ordinal="0" offset="1117" sl="127" sc="17" el="127" ec="17" bec="0" bev="0" fileid="13" />
                <SequencePoint vc="0" uspid="4966" ordinal="0" offset="1125" sl="128" sc="17" el="128" ec="17" bec="0" bev="0" fileid="13" />
                <SequencePoint vc="0" uspid="4967" ordinal="0" offset="1128" sl="129" sc="17" el="129" ec="17" bec="0" bev="0" fileid="13" />
                <SequencePoint vc="0" uspid="4968" ordinal="0" offset="1129" sl="129" sc="40" el="129" ec="40" bec="0" bev="0" fileid="13" />
                <SequencePoint vc="0" uspid="4969" ordinal="0" offset="1145" sl="129" sc="26" el="129" ec="26" bec="0" bev="0" fileid="13" />
                <SequencePoint vc="0" uspid="4970" ordinal="0" offset="1154" sl="130" sc="17" el="130" ec="17" bec="0" bev="0" fileid="13" />
                <SequencePoint vc="0" uspid="4971" ordinal="0" offset="1155" sl="131" sc="21" el="131" ec="21" bec="0" bev="0" fileid="13" />
                <SequencePoint vc="0" uspid="4972" ordinal="0" offset="1163" sl="132" sc="25" el="132" ec="25" bec="0" bev="0" fileid="13" />
                <SequencePoint vc="0" uspid="4973" ordinal="0" offset="1168" sl="134" sc="25" el="134" ec="25" bec="0" bev="0" fileid="13" />
                <SequencePoint vc="0" uspid="4974" ordinal="0" offset="1177" sl="135" sc="21" el="135" ec="21" bec="0" bev="0" fileid="13" />
                <SequencePoint vc="0" uspid="4975" ordinal="0" offset="1186" sl="136" sc="21" el="136" ec="21" bec="0" bev="0" fileid="13" />
                <SequencePoint vc="0" uspid="4976" ordinal="0" offset="1200" sl="137" sc="21" el="137" ec="21" bec="0" bev="0" fileid="13" />
                <SequencePoint vc="0" uspid="4977" ordinal="0" offset="1212" sl="138" sc="21" el="138" ec="21" bec="0" bev="0" fileid="13" />
                <SequencePoint vc="0" uspid="4978" ordinal="0" offset="1228" sl="139" sc="17" el="139" ec="17" bec="0" bev="0" fileid="13" />
                <SequencePoint vc="0" uspid="4979" ordinal="0" offset="1229" sl="129" sc="37" el="129" ec="37" bec="0" bev="0" fileid="13" />
                <SequencePoint vc="0" uspid="4980" ordinal="0" offset="1262" sl="140" sc="17" el="140" ec="17" bec="0" bev="0" fileid="13" />
                <SequencePoint vc="0" uspid="4981" ordinal="0" offset="1271" sl="141" sc="13" el="141" ec="13" bec="0" bev="0" fileid="13" />
                <SequencePoint vc="2" uspid="4982" ordinal="0" offset="1277" sl="143" sc="13" el="143" ec="13" bec="0" bev="0" fileid="13" />
                <SequencePoint vc="2" uspid="4983" ordinal="0" offset="1278" sl="144" sc="17" el="144" ec="17" bec="0" bev="0" fileid="13" />
                <SequencePoint vc="2" uspid="4984" ordinal="0" offset="1287" sl="146" sc="17" el="146" ec="17" bec="0" bev="0" fileid="13" />
                <SequencePoint vc="2" uspid="4985" ordinal="0" offset="1290" sl="147" sc="17" el="147" ec="17" bec="0" bev="0" fileid="13" />
                <SequencePoint vc="2" uspid="4986" ordinal="0" offset="1300" sl="148" sc="22" el="148" ec="22" bec="0" bev="0" fileid="13" />
                <SequencePoint vc="0" uspid="4987" ordinal="0" offset="1308" sl="149" sc="17" el="149" ec="17" bec="0" bev="0" fileid="13" />
                <SequencePoint vc="0" uspid="4988" ordinal="0" offset="1309" sl="150" sc="21" el="150" ec="21" bec="0" bev="0" fileid="13" />
                <SequencePoint vc="0" uspid="4989" ordinal="0" offset="1336" sl="151" sc="25" el="151" ec="25" bec="0" bev="0" fileid="13" />
                <SequencePoint vc="0" uspid="4990" ordinal="0" offset="1338" sl="153" sc="21" el="153" ec="21" bec="0" bev="0" fileid="13" />
                <SequencePoint vc="0" uspid="4991" ordinal="0" offset="1351" sl="154" sc="21" el="154" ec="21" bec="0" bev="0" fileid="13" />
                <SequencePoint vc="0" uspid="4992" ordinal="0" offset="1362" sl="155" sc="21" el="155" ec="21" bec="0" bev="0" fileid="13" />
                <SequencePoint vc="0" uspid="4993" ordinal="0" offset="1363" sl="156" sc="25" el="156" ec="25" bec="0" bev="0" fileid="13" />
                <SequencePoint vc="0" uspid="4994" ordinal="0" offset="1371" sl="157" sc="29" el="157" ec="29" bec="0" bev="0" fileid="13" />
                <SequencePoint vc="0" uspid="4995" ordinal="0" offset="1376" sl="159" sc="29" el="159" ec="29" bec="0" bev="0" fileid="13" />
                <SequencePoint vc="0" uspid="4996" ordinal="0" offset="1385" sl="160" sc="25" el="160" ec="25" bec="0" bev="0" fileid="13" />
                <SequencePoint vc="0" uspid="4997" ordinal="0" offset="1394" sl="161" sc="25" el="161" ec="25" bec="0" bev="0" fileid="13" />
                <SequencePoint vc="0" uspid="4998" ordinal="0" offset="1411" sl="162" sc="25" el="162" ec="25" bec="0" bev="0" fileid="13" />
                <SequencePoint vc="0" uspid="4999" ordinal="0" offset="1423" sl="163" sc="25" el="163" ec="25" bec="0" bev="0" fileid="13" />
                <SequencePoint vc="0" uspid="5000" ordinal="0" offset="1432" sl="164" sc="21" el="164" ec="21" bec="0" bev="0" fileid="13" />
                <SequencePoint vc="0" uspid="5001" ordinal="0" offset="1433" sl="165" sc="17" el="165" ec="17" bec="0" bev="0" fileid="13" />
                <SequencePoint vc="0" uspid="5002" ordinal="0" offset="1434" sl="148" sc="56" el="148" ec="56" bec="0" bev="0" fileid="13" />
                <SequencePoint vc="2" uspid="5003" ordinal="0" offset="1440" sl="148" sc="33" el="148" ec="33" bec="0" bev="0" fileid="13" />
                <SequencePoint vc="2" uspid="5004" ordinal="0" offset="1457" sl="166" sc="17" el="166" ec="17" bec="0" bev="0" fileid="13" />
                <SequencePoint vc="2" uspid="5005" ordinal="0" offset="1467" sl="167" sc="22" el="167" ec="22" bec="0" bev="0" fileid="13" />
                <SequencePoint vc="0" uspid="5006" ordinal="0" offset="1475" sl="168" sc="17" el="168" ec="17" bec="0" bev="0" fileid="13" />
                <SequencePoint vc="0" uspid="5007" ordinal="0" offset="1476" sl="169" sc="21" el="169" ec="21" bec="0" bev="0" fileid="13" />
                <SequencePoint vc="0" uspid="5008" ordinal="0" offset="1518" sl="170" sc="25" el="170" ec="25" bec="0" bev="0" fileid="13" />
                <SequencePoint vc="0" uspid="5009" ordinal="0" offset="1520" sl="172" sc="21" el="172" ec="21" bec="0" bev="0" fileid="13" />
                <SequencePoint vc="0" uspid="5010" ordinal="0" offset="1534" sl="173" sc="21" el="173" ec="21" bec="0" bev="0" fileid="13" />
                <SequencePoint vc="0" uspid="5011" ordinal="0" offset="1545" sl="174" sc="21" el="174" ec="21" bec="0" bev="0" fileid="13" />
                <SequencePoint vc="0" uspid="5012" ordinal="0" offset="1546" sl="175" sc="25" el="175" ec="25" bec="0" bev="0" fileid="13" />
                <SequencePoint vc="0" uspid="5013" ordinal="0" offset="1554" sl="176" sc="29" el="176" ec="29" bec="0" bev="0" fileid="13" />
                <SequencePoint vc="0" uspid="5014" ordinal="0" offset="1559" sl="178" sc="29" el="178" ec="29" bec="0" bev="0" fileid="13" />
                <SequencePoint vc="0" uspid="5015" ordinal="0" offset="1568" sl="179" sc="25" el="179" ec="25" bec="0" bev="0" fileid="13" />
                <SequencePoint vc="0" uspid="5016" ordinal="0" offset="1577" sl="180" sc="25" el="180" ec="25" bec="0" bev="0" fileid="13" />
                <SequencePoint vc="0" uspid="5017" ordinal="0" offset="1594" sl="181" sc="25" el="181" ec="25" bec="0" bev="0" fileid="13" />
                <SequencePoint vc="0" uspid="5018" ordinal="0" offset="1606" sl="182" sc="25" el="182" ec="25" bec="0" bev="0" fileid="13" />
                <SequencePoint vc="0" uspid="5019" ordinal="0" offset="1615" sl="183" sc="21" el="183" ec="21" bec="0" bev="0" fileid="13" />
                <SequencePoint vc="0" uspid="5020" ordinal="0" offset="1616" sl="184" sc="17" el="184" ec="17" bec="0" bev="0" fileid="13" />
                <SequencePoint vc="0" uspid="5021" ordinal="0" offset="1617" sl="167" sc="58" el="167" ec="58" bec="0" bev="0" fileid="13" />
                <SequencePoint vc="2" uspid="5022" ordinal="0" offset="1623" sl="167" sc="33" el="167" ec="33" bec="0" bev="0" fileid="13" />
                <SequencePoint vc="2" uspid="5023" ordinal="0" offset="1640" sl="186" sc="17" el="186" ec="17" bec="0" bev="0" fileid="13" />
                <SequencePoint vc="2" uspid="5024" ordinal="0" offset="1649" sl="187" sc="13" el="187" ec="13" bec="0" bev="0" fileid="13" />
                <SequencePoint vc="2" uspid="5025" ordinal="0" offset="1650" sl="188" sc="9" el="188" ec="9" bec="0" bev="0" fileid="13" />
              </SequencePoints>
              <BranchPoints />
            </Method>
          </Methods>
        </Class>
        <Class>
          <Summary numSequencePoints="3" visitedSequencePoints="3" numBranchPoints="0" visitedBranchPoints="0" sequenceCoverage="100.0" branchCoverage="0.0" maxCyclomaticComplexity="1" minCyclomaticComplexity="1" maxCrapScore="1" minCrapScore="1" visitedClasses="1" numClasses="1" visitedMethods="1" numMethods="1" />
          <FullName>Meryel.UnityCodeAssist.Editor.Logger.DomainHashEnricher</FullName>
          <Methods>
            <Method visited="true" cyclomaticComplexity="1" nPathComplexity="0" sequenceCoverage="100.0" branchCoverage="0" crapScore="1" isConstructor="false" isStatic="false" isGetter="false" isSetter="false">
              <Summary numSequencePoints="3" visitedSequencePoints="3" numBranchPoints="0" visitedBranchPoints="0" sequenceCoverage="100.0" branchCoverage="0" maxCyclomaticComplexity="1" minCyclomaticComplexity="1" maxCrapScore="1" minCrapScore="1" visitedClasses="0" numClasses="0" visitedMethods="1" numMethods="1" />
              <MetadataToken>100663516</MetadataToken>
              <Name>System.Void Meryel.UnityCodeAssist.Editor.Logger.DomainHashEnricher::Enrich(Serilog.Events.LogEvent, Serilog.Core.ILogEventPropertyFactory)</Name>
              <FileRef uid="18" />
              <SequencePoints>
                <SequencePoint vc="4" uspid="5447" ordinal="0" offset="0" sl="25" sc="9" el="25" ec="9" bec="0" bev="0" fileid="18" />
                <SequencePoint vc="4" uspid="5448" ordinal="0" offset="1" sl="26" sc="13" el="26" ec="13" bec="0" bev="0" fileid="18" />
                <SequencePoint vc="4" uspid="5449" ordinal="0" offset="30" sl="28" sc="9" el="28" ec="9" bec="0" bev="0" fileid="18" />
              </SequencePoints>
              <BranchPoints />
            </Method>
          </Methods>
        </Class>
        <Class>
          <Summary numSequencePoints="9" visitedSequencePoints="5" numBranchPoints="0" visitedBranchPoints="0" sequenceCoverage="55.56" branchCoverage="0.0" maxCyclomaticComplexity="2" minCyclomaticComplexity="2" maxCrapScore="2.35" minCrapScore="2.35" visitedClasses="1" numClasses="1" visitedMethods="1" numMethods="1" />
          <FullName>Meryel.UnityCodeAssist.Editor.Logger.MyDestructuringPolicy</FullName>
          <Methods>
            <Method visited="true" cyclomaticComplexity="2" nPathComplexity="0" sequenceCoverage="55.56" branchCoverage="0" crapScore="2.35" isConstructor="false" isStatic="false" isGetter="false" isSetter="false">
              <Summary numSequencePoints="9" visitedSequencePoints="5" numBranchPoints="0" visitedBranchPoints="0" sequenceCoverage="55.56" branchCoverage="0" maxCyclomaticComplexity="2" minCyclomaticComplexity="2" maxCrapScore="2.35" minCrapScore="2.35" visitedClasses="0" numClasses="0" visitedMethods="1" numMethods="1" />
              <MetadataToken>100663537</MetadataToken>
              <Name>System.Boolean Meryel.UnityCodeAssist.Editor.Logger.MyDestructuringPolicy::TryDestructure(System.Object, Serilog.Core.ILogEventPropertyValueFactory, Serilog.Events.LogEventPropertyValue&amp;)</Name>
              <FileRef uid="19" />
              <SequencePoints>
                <SequencePoint vc="2" uspid="5529" ordinal="0" offset="13" sl="174" sc="9" el="174" ec="9" bec="0" bev="0" fileid="19" />
                <SequencePoint vc="2" uspid="5530" ordinal="0" offset="14" sl="175" sc="13" el="175" ec="13" bec="0" bev="0" fileid="19" />
                <SequencePoint vc="0" uspid="5531" ordinal="0" offset="29" sl="176" sc="13" el="176" ec="13" bec="0" bev="0" fileid="19" />
                <SequencePoint vc="0" uspid="5532" ordinal="0" offset="30" sl="177" sc="17" el="177" ec="17" bec="0" bev="0" fileid="19" />
                <SequencePoint vc="0" uspid="5533" ordinal="0" offset="54" sl="178" sc="17" el="178" ec="17" bec="0" bev="0" fileid="19" />
                <SequencePoint vc="0" uspid="5534" ordinal="0" offset="62" sl="179" sc="17" el="179" ec="17" bec="0" bev="0" fileid="19" />
                <SequencePoint vc="2" uspid="5535" ordinal="0" offset="67" sl="182" sc="13" el="182" ec="13" bec="0" bev="0" fileid="19" />
                <SequencePoint vc="2" uspid="5536" ordinal="0" offset="70" sl="183" sc="13" el="183" ec="13" bec="0" bev="0" fileid="19" />
                <SequencePoint vc="2" uspid="5537" ordinal="0" offset="75" sl="184" sc="9" el="184" ec="9" bec="0" bev="0" fileid="19" />
              </SequencePoints>
              <BranchPoints />
            </Method>
          </Methods>
        </Class>
        <Class>
          <Summary numSequencePoints="21" visitedSequencePoints="7" numBranchPoints="0" visitedBranchPoints="0" sequenceCoverage="33.33" branchCoverage="0.0" maxCyclomaticComplexity="7" minCyclomaticComplexity="7" maxCrapScore="21.52" minCrapScore="21.52" visitedClasses="1" numClasses="1" visitedMethods="1" numMethods="1" />
          <FullName>Meryel.UnityCodeAssist.Editor.Logger.MemorySink</FullName>
          <Methods>
            <Method visited="true" cyclomaticComplexity="7" nPathComplexity="0" sequenceCoverage="33.33" branchCoverage="0" crapScore="21.52" isConstructor="false" isStatic="false" isGetter="false" isSetter="false">
              <Summary numSequencePoints="21" visitedSequencePoints="7" numBranchPoints="0" visitedBranchPoints="0" sequenceCoverage="33.33" branchCoverage="0" maxCyclomaticComplexity="7" minCyclomaticComplexity="7" maxCrapScore="21.52" minCrapScore="21.52" visitedClasses="0" numClasses="0" visitedMethods="1" numMethods="1" />
              <MetadataToken>100663540</MetadataToken>
              <Name>System.Void Meryel.UnityCodeAssist.Editor.Logger.MemorySink::Emit(Serilog.Events.LogEvent)</Name>
              <FileRef uid="20" />
              <SequencePoints>
                <SequencePoint vc="4" uspid="5538" ordinal="0" offset="0" sl="42" sc="9" el="42" ec="9" bec="0" bev="0" fileid="20" />
                <SequencePoint vc="4" uspid="5539" ordinal="0" offset="1" sl="43" sc="13" el="43" ec="13" bec="0" bev="0" fileid="20" />
                <SequencePoint vc="0" uspid="5540" ordinal="0" offset="9" sl="44" sc="17" el="44" ec="17" bec="0" bev="0" fileid="20" />
                <SequencePoint vc="4" uspid="5541" ordinal="0" offset="14" sl="46" sc="13" el="46" ec="13" bec="0" bev="0" fileid="20" />
                <SequencePoint vc="4" uspid="5542" ordinal="0" offset="27" sl="47" sc="13" el="47" ec="13" bec="0" bev="0" fileid="20" />
                <SequencePoint vc="0" uspid="5543" ordinal="0" offset="46" sl="48" sc="17" el="48" ec="17" bec="0" bev="0" fileid="20" />
                <SequencePoint vc="4" uspid="5544" ordinal="0" offset="60" sl="50" sc="13" el="50" ec="13" bec="0" bev="0" fileid="20" />
                <SequencePoint vc="0" uspid="5545" ordinal="0" offset="73" sl="51" sc="13" el="51" ec="13" bec="0" bev="0" fileid="20" />
                <SequencePoint vc="0" uspid="5546" ordinal="0" offset="74" sl="52" sc="17" el="52" ec="17" bec="0" bev="0" fileid="20" />
                <SequencePoint vc="0" uspid="5547" ordinal="0" offset="87" sl="53" sc="17" el="53" ec="17" bec="0" bev="0" fileid="20" />
                <SequencePoint vc="0" uspid="5548" ordinal="0" offset="101" sl="54" sc="17" el="54" ec="17" bec="0" bev="0" fileid="20" />
                <SequencePoint vc="0" uspid="5549" ordinal="0" offset="121" sl="55" sc="21" el="55" ec="21" bec="0" bev="0" fileid="20" />
                <SequencePoint vc="0" uspid="5550" ordinal="0" offset="135" sl="56" sc="13" el="56" ec="13" bec="0" bev="0" fileid="20" />
                <SequencePoint vc="4" uspid="5551" ordinal="0" offset="136" sl="58" sc="13" el="58" ec="13" bec="0" bev="0" fileid="20" />
                <SequencePoint vc="0" uspid="5552" ordinal="0" offset="151" sl="59" sc="13" el="59" ec="13" bec="0" bev="0" fileid="20" />
                <SequencePoint vc="0" uspid="5553" ordinal="0" offset="152" sl="60" sc="17" el="60" ec="17" bec="0" bev="0" fileid="20" />
                <SequencePoint vc="0" uspid="5554" ordinal="0" offset="165" sl="61" sc="17" el="61" ec="17" bec="0" bev="0" fileid="20" />
                <SequencePoint vc="0" uspid="5555" ordinal="0" offset="179" sl="62" sc="17" el="62" ec="17" bec="0" bev="0" fileid="20" />
                <SequencePoint vc="0" uspid="5556" ordinal="0" offset="199" sl="63" sc="21" el="63" ec="21" bec="0" bev="0" fileid="20" />
                <SequencePoint vc="0" uspid="5557" ordinal="0" offset="213" sl="64" sc="13" el="64" ec="13" bec="0" bev="0" fileid="20" />
                <SequencePoint vc="4" uspid="5558" ordinal="0" offset="214" sl="65" sc="9" el="65" ec="9" bec="0" bev="0" fileid="20" />
              </SequencePoints>
              <BranchPoints />
            </Method>
          </Methods>
        </Class>
        <Class>
          <Summary numSequencePoints="9" visitedSequencePoints="0" numBranchPoints="0" visitedBranchPoints="0" sequenceCoverage="0.0" branchCoverage="0.0" maxCyclomaticComplexity="2" minCyclomaticComplexity="2" maxCrapScore="6" minCrapScore="6" visitedClasses="0" numClasses="1" visitedMethods="0" numMethods="1" />
          <FullName>Meryel.UnityCodeAssist.Editor.Input.Extensions</FullName>
          <Methods>
            <Method visited="false" cyclomaticComplexity="2" nPathComplexity="0" sequenceCoverage="0.0" branchCoverage="0" crapScore="6" isConstructor="false" isStatic="true" isGetter="false" isSetter="false">
              <Summary numSequencePoints="9" visitedSequencePoints="0" numBranchPoints="0" visitedBranchPoints="0" sequenceCoverage="0.0" branchCoverage="0" maxCyclomaticComplexity="2" minCyclomaticComplexity="2" maxCrapScore="6" minCrapScore="6" visitedClasses="0" numClasses="0" visitedMethods="0" numMethods="1" />
              <MetadataToken>100663560</MetadataToken>
              <Name>static System.Boolean Meryel.UnityCodeAssist.Editor.Input.Extensions::TryPeek[T](System.Collections.Generic.Stack[T], )</Name>
              <FileRef uid="24" />
              <SequencePoints>
                <SequencePoint vc="0" uspid="5785" ordinal="0" offset="0" sl="196" sc="0" el="196" ec="0" bec="0" bev="0" fileid="24" />
                <SequencePoint vc="0" uspid="5786" ordinal="0" offset="1" sl="197" sc="0" el="197" ec="0" bec="0" bev="0" fileid="24" />
                <SequencePoint vc="0" uspid="5787" ordinal="0" offset="14" sl="198" sc="0" el="198" ec="0" bec="0" bev="0" fileid="24" />
                <SequencePoint vc="0" uspid="5788" ordinal="0" offset="15" sl="199" sc="0" el="199" ec="0" bec="0" bev="0" fileid="24" />
                <SequencePoint vc="0" uspid="5789" ordinal="0" offset="27" sl="200" sc="0" el="200" ec="0" bec="0" bev="0" fileid="24" />
                <SequencePoint vc="0" uspid="5790" ordinal="0" offset="31" sl="203" sc="0" el="203" ec="0" bec="0" bev="0" fileid="24" />
                <SequencePoint vc="0" uspid="5791" ordinal="0" offset="32" sl="204" sc="0" el="204" ec="0" bec="0" bev="0" fileid="24" />
                <SequencePoint vc="0" uspid="5792" ordinal="0" offset="39" sl="205" sc="0" el="205" ec="0" bec="0" bev="0" fileid="24" />
                <SequencePoint vc="0" uspid="5793" ordinal="0" offset="43" sl="207" sc="0" el="207" ec="0" bec="0" bev="0" fileid="24" />
              </SequencePoints>
              <BranchPoints />
            </Method>
          </Methods>
        </Class>
      </Classes>
    </Module>
    <Module>
      <Summary numSequencePoints="18" visitedSequencePoints="18" numBranchPoints="0" visitedBranchPoints="0" sequenceCoverage="100.0" branchCoverage="0.0" maxCyclomaticComplexity="1" minCyclomaticComplexity="1" maxCrapScore="1" minCrapScore="1" visitedClasses="1" numClasses="1" visitedMethods="3" numMethods="3" />
      <ModuleTime>0001-01-01T00:00:00</ModuleTime>
      <ModuleName>EditModeTests</ModuleName>
      <Files>
        <File uid="33" fullPath="/github/workspace/Assets/Code/Tests/EditModeTests/HexGrid/HexMetricsTests.cs" />
      </Files>
      <Classes>
        <Class>
          <Summary numSequencePoints="18" visitedSequencePoints="18" numBranchPoints="0" visitedBranchPoints="0" sequenceCoverage="100.0" branchCoverage="0.0" maxCyclomaticComplexity="1" minCyclomaticComplexity="1" maxCrapScore="1" minCrapScore="1" visitedClasses="1" numClasses="1" visitedMethods="3" numMethods="3" />
          <FullName>FrostfallSaga.EditModeTests.HexMetricsTests</FullName>
          <Methods>
            <Method visited="true" cyclomaticComplexity="1" nPathComplexity="0" sequenceCoverage="100.0" branchCoverage="0" crapScore="1" isConstructor="false" isStatic="false" isGetter="false" isSetter="false">
              <Summary numSequencePoints="6" visitedSequencePoints="6" numBranchPoints="0" visitedBranchPoints="0" sequenceCoverage="100.0" branchCoverage="0" maxCyclomaticComplexity="1" minCyclomaticComplexity="1" maxCrapScore="1" minCrapScore="1" visitedClasses="0" numClasses="0" visitedMethods="1" numMethods="1" />
              <MetadataToken>100663299</MetadataToken>
              <Name>System.Void FrostfallSaga.EditModeTests.HexMetricsTests::OuterRadius_Test()</Name>
              <FileRef uid="33" />
              <SequencePoints>
                <SequencePoint vc="1" uspid="6428" ordinal="0" offset="0" sl="10" sc="9" el="10" ec="9" bec="0" bev="0" fileid="33" />
                <SequencePoint vc="1" uspid="6429" ordinal="0" offset="1" sl="12" sc="13" el="12" ec="13" bec="0" bev="0" fileid="33" />
                <SequencePoint vc="1" uspid="6430" ordinal="0" offset="7" sl="13" sc="13" el="13" ec="13" bec="0" bev="0" fileid="33" />
                <SequencePoint vc="1" uspid="6431" ordinal="0" offset="13" sl="16" sc="13" el="16" ec="13" bec="0" bev="0" fileid="33" />
                <SequencePoint vc="1" uspid="6432" ordinal="0" offset="20" sl="19" sc="13" el="19" ec="13" bec="0" bev="0" fileid="33" />
                <SequencePoint vc="1" uspid="6433" ordinal="0" offset="38" sl="20" sc="9" el="20" ec="9" bec="0" bev="0" fileid="33" />
              </SequencePoints>
              <BranchPoints />
            </Method>
            <Method visited="true" cyclomaticComplexity="1" nPathComplexity="0" sequenceCoverage="100.0" branchCoverage="0" crapScore="1" isConstructor="false" isStatic="false" isGetter="false" isSetter="false">
              <Summary numSequencePoints="6" visitedSequencePoints="6" numBranchPoints="0" visitedBranchPoints="0" sequenceCoverage="100.0" branchCoverage="0" maxCyclomaticComplexity="1" minCyclomaticComplexity="1" maxCrapScore="1" minCrapScore="1" visitedClasses="0" numClasses="0" visitedMethods="1" numMethods="1" />
              <MetadataToken>100663300</MetadataToken>
              <Name>System.Void FrostfallSaga.EditModeTests.HexMetricsTests::InnerRadius_Test()</Name>
              <FileRef uid="33" />
              <SequencePoints>
                <SequencePoint vc="1" uspid="6434" ordinal="0" offset="0" sl="24" sc="9" el="24" ec="9" bec="0" bev="0" fileid="33" />
                <SequencePoint vc="1" uspid="6435" ordinal="0" offset="1" sl="26" sc="13" el="26" ec="13" bec="0" bev="0" fileid="33" />
                <SequencePoint vc="1" uspid="6436" ordinal="0" offset="7" sl="27" sc="13" el="27" ec="13" bec="0" bev="0" fileid="33" />
                <SequencePoint vc="1" uspid="6437" ordinal="0" offset="13" sl="30" sc="13" el="30" ec="13" bec="0" bev="0" fileid="33" />
                <SequencePoint vc="1" uspid="6438" ordinal="0" offset="20" sl="33" sc="13" el="33" ec="13" bec="0" bev="0" fileid="33" />
                <SequencePoint vc="1" uspid="6439" ordinal="0" offset="38" sl="34" sc="9" el="34" ec="9" bec="0" bev="0" fileid="33" />
              </SequencePoints>
              <BranchPoints />
            </Method>
            <Method visited="true" cyclomaticComplexity="1" nPathComplexity="0" sequenceCoverage="100.0" branchCoverage="0" crapScore="1" isConstructor="false" isStatic="false" isGetter="false" isSetter="false">
              <Summary numSequencePoints="6" visitedSequencePoints="6" numBranchPoints="0" visitedBranchPoints="0" sequenceCoverage="100.0" branchCoverage="0" maxCyclomaticComplexity="1" minCyclomaticComplexity="1" maxCrapScore="1" minCrapScore="1" visitedClasses="0" numClasses="0" visitedMethods="1" numMethods="1" />
              <MetadataToken>100663301</MetadataToken>
              <Name>System.Void FrostfallSaga.EditModeTests.HexMetricsTests::OuterRadius_GreaterThen_InnerRadius_Test()</Name>
              <FileRef uid="33" />
              <SequencePoints>
                <SequencePoint vc="1" uspid="6440" ordinal="0" offset="0" sl="38" sc="9" el="38" ec="9" bec="0" bev="0" fileid="33" />
                <SequencePoint vc="1" uspid="6441" ordinal="0" offset="1" sl="40" sc="13" el="40" ec="13" bec="0" bev="0" fileid="33" />
                <SequencePoint vc="1" uspid="6442" ordinal="0" offset="7" sl="43" sc="13" el="43" ec="13" bec="0" bev="0" fileid="33" />
                <SequencePoint vc="1" uspid="6443" ordinal="0" offset="14" sl="44" sc="13" el="44" ec="13" bec="0" bev="0" fileid="33" />
                <SequencePoint vc="1" uspid="6444" ordinal="0" offset="21" sl="47" sc="13" el="47" ec="13" bec="0" bev="0" fileid="33" />
                <SequencePoint vc="1" uspid="6445" ordinal="0" offset="29" sl="48" sc="9" el="48" ec="9" bec="0" bev="0" fileid="33" />
              </SequencePoints>
              <BranchPoints />
            </Method>
          </Methods>
        </Class>
      </Classes>
    </Module>
    <Module>
      <Summary numSequencePoints="56" visitedSequencePoints="0" numBranchPoints="0" visitedBranchPoints="0" sequenceCoverage="0.0" branchCoverage="0.0" maxCyclomaticComplexity="4" minCyclomaticComplexity="1" maxCrapScore="20" minCrapScore="2" visitedClasses="0" numClasses="2" visitedMethods="0" numMethods="9" />
      <ModuleTime>0001-01-01T00:00:00</ModuleTime>
      <ModuleName>FrostfallSaga.Core</ModuleName>
      <Files>
        <File uid="38" fullPath="/github/workspace/Assets/Code/Scripts/Core/PriorityQueue.cs" />
        <File uid="39" fullPath="/github/workspace/Assets/Code/Scripts/Core/MonoBehaviourPersistingSingleton.cs" />
        <File uid="40" fullPath="/github/workspace/Assets/Code/Scripts/Core/MouseController.cs" />
        <File uid="41" fullPath="/github/workspace/Assets/Code/Scripts/Core/SceneManager.cs" />
      </Files>
      <Classes>
        <Class>
          <Summary numSequencePoints="23" visitedSequencePoints="0" numBranchPoints="0" visitedBranchPoints="0" sequenceCoverage="0.0" branchCoverage="0.0" maxCyclomaticComplexity="3" minCyclomaticComplexity="1" maxCrapScore="12" minCrapScore="2" visitedClasses="0" numClasses="1" visitedMethods="0" numMethods="4" />
          <FullName>PriorityQueue[T]</FullName>
          <Methods>
            <Method visited="false" cyclomaticComplexity="1" nPathComplexity="0" sequenceCoverage="0.0" branchCoverage="0" crapScore="2" isConstructor="false" isStatic="false" isGetter="true" isSetter="false">
              <Summary numSequencePoints="1" visitedSequencePoints="0" numBranchPoints="0" visitedBranchPoints="0" sequenceCoverage="0.0" branchCoverage="0" maxCyclomaticComplexity="1" minCyclomaticComplexity="1" maxCrapScore="2" minCrapScore="2" visitedClasses="0" numClasses="0" visitedMethods="0" numMethods="1" />
              <MetadataToken>100663297</MetadataToken>
              <Name>System.Int32 PriorityQueue[T]::get_Count()</Name>
              <FileRef uid="38" />
              <SequencePoints>
                <SequencePoint vc="0" uspid="6505" ordinal="0" offset="0" sl="10" sc="0" el="10" ec="0" bec="0" bev="0" fileid="38" />
              </SequencePoints>
              <BranchPoints />
            </Method>
            <Method visited="false" cyclomaticComplexity="2" nPathComplexity="0" sequenceCoverage="0.0" branchCoverage="0" crapScore="6" isConstructor="false" isStatic="false" isGetter="false" isSetter="false">
              <Summary numSequencePoints="8" visitedSequencePoints="0" numBranchPoints="0" visitedBranchPoints="0" sequenceCoverage="0.0" branchCoverage="0" maxCyclomaticComplexity="2" minCyclomaticComplexity="2" maxCrapScore="6" minCrapScore="6" visitedClasses="0" numClasses="0" visitedMethods="0" numMethods="1" />
              <MetadataToken>100663298</MetadataToken>
              <Name>System.Void PriorityQueue[T]::Enqueue(T, System.Single)</Name>
              <FileRef uid="38" />
              <SequencePoints>
                <SequencePoint vc="0" uspid="6506" ordinal="0" offset="0" sl="13" sc="0" el="13" ec="0" bec="0" bev="0" fileid="38" />
                <SequencePoint vc="0" uspid="6507" ordinal="0" offset="1" sl="14" sc="0" el="14" ec="0" bec="0" bev="0" fileid="38" />
                <SequencePoint vc="0" uspid="6508" ordinal="0" offset="20" sl="15" sc="0" el="15" ec="0" bec="0" bev="0" fileid="38" />
                <SequencePoint vc="0" uspid="6509" ordinal="0" offset="21" sl="16" sc="0" el="16" ec="0" bec="0" bev="0" fileid="38" />
                <SequencePoint vc="0" uspid="6510" ordinal="0" offset="39" sl="17" sc="0" el="17" ec="0" bec="0" bev="0" fileid="38" />
                <SequencePoint vc="0" uspid="6511" ordinal="0" offset="40" sl="18" sc="0" el="18" ec="0" bec="0" bev="0" fileid="38" />
                <SequencePoint vc="0" uspid="6512" ordinal="0" offset="59" sl="19" sc="0" el="19" ec="0" bec="0" bev="0" fileid="38" />
                <SequencePoint vc="0" uspid="6513" ordinal="0" offset="73" sl="20" sc="0" el="20" ec="0" bec="0" bev="0" fileid="38" />
              </SequencePoints>
              <BranchPoints />
            </Method>
            <Method visited="false" cyclomaticComplexity="3" nPathComplexity="0" sequenceCoverage="0.0" branchCoverage="0" crapScore="12" isConstructor="false" isStatic="false" isGetter="false" isSetter="false">
              <Summary numSequencePoints="12" visitedSequencePoints="0" numBranchPoints="0" visitedBranchPoints="0" sequenceCoverage="0.0" branchCoverage="0" maxCyclomaticComplexity="3" minCyclomaticComplexity="3" maxCrapScore="12" minCrapScore="12" visitedClasses="0" numClasses="0" visitedMethods="0" numMethods="1" />
              <MetadataToken>100663299</MetadataToken>
              <Name>T PriorityQueue[T]::Dequeue()</Name>
              <FileRef uid="38" />
              <SequencePoints>
                <SequencePoint vc="0" uspid="6514" ordinal="0" offset="0" sl="23" sc="0" el="23" ec="0" bec="0" bev="0" fileid="38" />
                <SequencePoint vc="0" uspid="6515" ordinal="0" offset="1" sl="24" sc="0" el="24" ec="0" bec="0" bev="0" fileid="38" />
                <SequencePoint vc="0" uspid="6516" ordinal="0" offset="19" sl="25" sc="0" el="25" ec="0" bec="0" bev="0" fileid="38" />
                <SequencePoint vc="0" uspid="6517" ordinal="0" offset="30" sl="27" sc="0" el="27" ec="0" bec="0" bev="0" fileid="38" />
                <SequencePoint vc="0" uspid="6518" ordinal="0" offset="42" sl="28" sc="0" el="28" ec="0" bec="0" bev="0" fileid="38" />
                <SequencePoint vc="0" uspid="6519" ordinal="0" offset="55" sl="29" sc="0" el="29" ec="0" bec="0" bev="0" fileid="38" />
                <SequencePoint vc="0" uspid="6520" ordinal="0" offset="74" sl="30" sc="0" el="30" ec="0" bec="0" bev="0" fileid="38" />
                <SequencePoint vc="0" uspid="6521" ordinal="0" offset="75" sl="31" sc="0" el="31" ec="0" bec="0" bev="0" fileid="38" />
                <SequencePoint vc="0" uspid="6522" ordinal="0" offset="94" sl="32" sc="0" el="32" ec="0" bec="0" bev="0" fileid="38" />
                <SequencePoint vc="0" uspid="6523" ordinal="0" offset="95" sl="33" sc="0" el="33" ec="0" bec="0" bev="0" fileid="38" />
                <SequencePoint vc="0" uspid="6524" ordinal="0" offset="109" sl="34" sc="0" el="34" ec="0" bec="0" bev="0" fileid="38" />
                <SequencePoint vc="0" uspid="6525" ordinal="0" offset="114" sl="35" sc="0" el="35" ec="0" bec="0" bev="0" fileid="38" />
              </SequencePoints>
              <BranchPoints />
            </Method>
            <Method visited="false" cyclomaticComplexity="1" nPathComplexity="0" sequenceCoverage="0.0" branchCoverage="0" crapScore="2" isConstructor="true" isStatic="false" isGetter="false" isSetter="false">
              <Summary numSequencePoints="2" visitedSequencePoints="0" numBranchPoints="0" visitedBranchPoints="0" sequenceCoverage="0.0" branchCoverage="0" maxCyclomaticComplexity="1" minCyclomaticComplexity="1" maxCrapScore="2" minCrapScore="2" visitedClasses="0" numClasses="0" visitedMethods="0" numMethods="1" />
              <MetadataToken>100663300</MetadataToken>
              <Name>PriorityQueue[T]::PriorityQueue()</Name>
              <FileRef uid="38" />
              <SequencePoints>
                <SequencePoint vc="0" uspid="6526" ordinal="0" offset="0" sl="7" sc="0" el="7" ec="0" bec="0" bev="0" fileid="38" />
                <SequencePoint vc="0" uspid="6527" ordinal="0" offset="11" sl="8" sc="0" el="8" ec="0" bec="0" bev="0" fileid="38" />
              </SequencePoints>
              <BranchPoints />
            </Method>
          </Methods>
        </Class>
        <Class>
          <Summary numSequencePoints="33" visitedSequencePoints="0" numBranchPoints="0" visitedBranchPoints="0" sequenceCoverage="0.0" branchCoverage="0.0" maxCyclomaticComplexity="4" minCyclomaticComplexity="1" maxCrapScore="20" minCrapScore="2" visitedClasses="0" numClasses="1" visitedMethods="0" numMethods="5" />
          <FullName>FrostfallSaga.Core.MonoBehaviourPersistingSingleton[T]</FullName>
          <Methods>
            <Method visited="false" cyclomaticComplexity="4" nPathComplexity="0" sequenceCoverage="0.0" branchCoverage="0" crapScore="20" isConstructor="false" isStatic="true" isGetter="true" isSetter="false">
              <Summary numSequencePoints="15" visitedSequencePoints="0" numBranchPoints="0" visitedBranchPoints="0" sequenceCoverage="0.0" branchCoverage="0" maxCyclomaticComplexity="4" minCyclomaticComplexity="4" maxCrapScore="20" minCrapScore="20" visitedClasses="0" numClasses="0" visitedMethods="0" numMethods="1" />
              <MetadataToken>100663303</MetadataToken>
              <Name>static T FrostfallSaga.Core.MonoBehaviourPersistingSingleton[T]::get_Instance()</Name>
              <FileRef uid="39" />
              <SequencePoints>
                <SequencePoint vc="0" uspid="6528" ordinal="0" offset="0" sl="14" sc="0" el="14" ec="0" bec="0" bev="0" fileid="39" />
                <SequencePoint vc="0" uspid="6529" ordinal="0" offset="1" sl="15" sc="0" el="15" ec="0" bec="0" bev="0" fileid="39" />
                <SequencePoint vc="0" uspid="6530" ordinal="0" offset="18" sl="16" sc="0" el="16" ec="0" bec="0" bev="0" fileid="39" />
                <SequencePoint vc="0" uspid="6531" ordinal="0" offset="19" sl="17" sc="0" el="17" ec="0" bec="0" bev="0" fileid="39" />
                <SequencePoint vc="0" uspid="6532" ordinal="0" offset="48" sl="18" sc="0" el="18" ec="0" bec="0" bev="0" fileid="39" />
                <SequencePoint vc="0" uspid="6533" ordinal="0" offset="49" sl="19" sc="0" el="19" ec="0" bec="0" bev="0" fileid="39" />
                <SequencePoint vc="0" uspid="6534" ordinal="0" offset="59" sl="20" sc="0" el="20" ec="0" bec="0" bev="0" fileid="39" />
                <SequencePoint vc="0" uspid="6535" ordinal="0" offset="79" sl="21" sc="0" el="21" ec="0" bec="0" bev="0" fileid="39" />
                <SequencePoint vc="0" uspid="6536" ordinal="0" offset="80" sl="22" sc="0" el="22" ec="0" bec="0" bev="0" fileid="39" />
                <SequencePoint vc="0" uspid="6537" ordinal="0" offset="102" sl="23" sc="0" el="23" ec="0" bec="0" bev="0" fileid="39" />
                <SequencePoint vc="0" uspid="6538" ordinal="0" offset="114" sl="25" sc="0" el="25" ec="0" bec="0" bev="0" fileid="39" />
                <SequencePoint vc="0" uspid="6539" ordinal="0" offset="135" sl="26" sc="0" el="26" ec="0" bec="0" bev="0" fileid="39" />
                <SequencePoint vc="0" uspid="6540" ordinal="0" offset="136" sl="27" sc="0" el="27" ec="0" bec="0" bev="0" fileid="39" />
                <SequencePoint vc="0" uspid="6541" ordinal="0" offset="137" sl="28" sc="0" el="28" ec="0" bec="0" bev="0" fileid="39" />
                <SequencePoint vc="0" uspid="6542" ordinal="0" offset="157" sl="30" sc="0" el="30" ec="0" bec="0" bev="0" fileid="39" />
              </SequencePoints>
              <BranchPoints />
            </Method>
            <Method visited="false" cyclomaticComplexity="3" nPathComplexity="0" sequenceCoverage="0.0" branchCoverage="0" crapScore="12" isConstructor="false" isStatic="false" isGetter="false" isSetter="false">
              <Summary numSequencePoints="11" visitedSequencePoints="0" numBranchPoints="0" visitedBranchPoints="0" sequenceCoverage="0.0" branchCoverage="0" maxCyclomaticComplexity="3" minCyclomaticComplexity="3" maxCrapScore="12" minCrapScore="12" visitedClasses="0" numClasses="0" visitedMethods="0" numMethods="1" />
              <MetadataToken>100663304</MetadataToken>
              <Name>System.Void FrostfallSaga.Core.MonoBehaviourPersistingSingleton[T]::Awake()</Name>
              <FileRef uid="39" />
              <SequencePoints>
                <SequencePoint vc="0" uspid="6543" ordinal="0" offset="0" sl="33" sc="0" el="33" ec="0" bec="0" bev="0" fileid="39" />
                <SequencePoint vc="0" uspid="6544" ordinal="0" offset="1" sl="34" sc="0" el="34" ec="0" bec="0" bev="0" fileid="39" />
                <SequencePoint vc="0" uspid="6545" ordinal="0" offset="21" sl="35" sc="0" el="35" ec="0" bec="0" bev="0" fileid="39" />
                <SequencePoint vc="0" uspid="6546" ordinal="0" offset="22" sl="36" sc="0" el="36" ec="0" bec="0" bev="0" fileid="39" />
                <SequencePoint vc="0" uspid="6547" ordinal="0" offset="38" sl="37" sc="0" el="37" ec="0" bec="0" bev="0" fileid="39" />
                <SequencePoint vc="0" uspid="6548" ordinal="0" offset="41" sl="38" sc="0" el="38" ec="0" bec="0" bev="0" fileid="39" />
                <SequencePoint vc="0" uspid="6549" ordinal="0" offset="71" sl="39" sc="0" el="39" ec="0" bec="0" bev="0" fileid="39" />
                <SequencePoint vc="0" uspid="6550" ordinal="0" offset="72" sl="40" sc="0" el="40" ec="0" bec="0" bev="0" fileid="39" />
                <SequencePoint vc="0" uspid="6551" ordinal="0" offset="84" sl="41" sc="0" el="41" ec="0" bec="0" bev="0" fileid="39" />
                <SequencePoint vc="0" uspid="6552" ordinal="0" offset="117" sl="43" sc="0" el="43" ec="0" bec="0" bev="0" fileid="39" />
                <SequencePoint vc="0" uspid="6553" ordinal="0" offset="124" sl="44" sc="0" el="44" ec="0" bec="0" bev="0" fileid="39" />
              </SequencePoints>
              <BranchPoints />
            </Method>
            <Method visited="false" cyclomaticComplexity="1" nPathComplexity="0" sequenceCoverage="0.0" branchCoverage="0" crapScore="2" isConstructor="false" isStatic="false" isGetter="false" isSetter="false">
              <Summary numSequencePoints="3" visitedSequencePoints="0" numBranchPoints="0" visitedBranchPoints="0" sequenceCoverage="0.0" branchCoverage="0" maxCyclomaticComplexity="1" minCyclomaticComplexity="1" maxCrapScore="2" minCrapScore="2" visitedClasses="0" numClasses="0" visitedMethods="0" numMethods="1" />
              <MetadataToken>100663305</MetadataToken>
              <Name>System.Void FrostfallSaga.Core.MonoBehaviourPersistingSingleton[T]::OnApplicationQuit()</Name>
              <FileRef uid="39" />
              <SequencePoints>
                <SequencePoint vc="0" uspid="6554" ordinal="0" offset="0" sl="47" sc="0" el="47" ec="0" bec="0" bev="0" fileid="39" />
                <SequencePoint vc="0" uspid="6555" ordinal="0" offset="1" sl="48" sc="0" el="48" ec="0" bec="0" bev="0" fileid="39" />
                <SequencePoint vc="0" uspid="6556" ordinal="0" offset="7" sl="49" sc="0" el="49" ec="0" bec="0" bev="0" fileid="39" />
              </SequencePoints>
              <BranchPoints />
            </Method>
            <Method visited="false" cyclomaticComplexity="1" nPathComplexity="0" sequenceCoverage="0.0" branchCoverage="0" crapScore="2" isConstructor="false" isStatic="false" isGetter="false" isSetter="false">
              <Summary numSequencePoints="2" visitedSequencePoints="0" numBranchPoints="0" visitedBranchPoints="0" sequenceCoverage="0.0" branchCoverage="0" maxCyclomaticComplexity="1" minCyclomaticComplexity="1" maxCrapScore="2" minCrapScore="2" visitedClasses="0" numClasses="0" visitedMethods="0" numMethods="1" />
              <MetadataToken>100663306</MetadataToken>
              <Name>System.Void FrostfallSaga.Core.MonoBehaviourPersistingSingleton[T]::Init()</Name>
              <FileRef uid="39" />
              <SequencePoints>
                <SequencePoint vc="0" uspid="6557" ordinal="0" offset="0" sl="51" sc="0" el="51" ec="0" bec="0" bev="0" fileid="39" />
                <SequencePoint vc="0" uspid="6558" ordinal="0" offset="1" sl="51" sc="0" el="51" ec="0" bec="0" bev="0" fileid="39" />
              </SequencePoints>
              <BranchPoints />
            </Method>
            <Method visited="false" cyclomaticComplexity="1" nPathComplexity="0" sequenceCoverage="0.0" branchCoverage="0" crapScore="2" isConstructor="true" isStatic="true" isGetter="false" isSetter="false">
              <Summary numSequencePoints="2" visitedSequencePoints="0" numBranchPoints="0" visitedBranchPoints="0" sequenceCoverage="0.0" branchCoverage="0" maxCyclomaticComplexity="1" minCyclomaticComplexity="1" maxCrapScore="2" minCrapScore="2" visitedClasses="0" numClasses="0" visitedMethods="0" numMethods="1" />
              <MetadataToken>100663308</MetadataToken>
              <Name>static FrostfallSaga.Core.MonoBehaviourPersistingSingleton[T]::MonoBehaviourPersistingSingleton()</Name>
              <FileRef uid="39" />
              <SequencePoints>
                <SequencePoint vc="0" uspid="6559" ordinal="0" offset="0" sl="8" sc="0" el="8" ec="0" bec="0" bev="0" fileid="39" />
                <SequencePoint vc="0" uspid="6560" ordinal="0" offset="10" sl="9" sc="0" el="9" ec="0" bec="0" bev="0" fileid="39" />
              </SequencePoints>
              <BranchPoints />
            </Method>
          </Methods>
        </Class>
      </Classes>
    </Module>
    <Module>
      <Summary numSequencePoints="7" visitedSequencePoints="7" numBranchPoints="0" visitedBranchPoints="0" sequenceCoverage="100.0" branchCoverage="0.0" maxCyclomaticComplexity="1" minCyclomaticComplexity="1" maxCrapScore="1" minCrapScore="1" visitedClasses="1" numClasses="1" visitedMethods="3" numMethods="3" />
      <ModuleTime>0001-01-01T00:00:00</ModuleTime>
      <ModuleName>FrostfallSaga.Grid</ModuleName>
      <Files>
        <File uid="42" fullPath="/github/workspace/Assets/Code/Scripts/HexGrid/CellsPathFinding.cs" />
        <File uid="43" fullPath="/github/workspace/Assets/Code/Scripts/HexGrid/HexGrid.cs" />
        <File uid="44" fullPath="/github/workspace/Assets/Code/Scripts/HexGrid/HexGridGenerator.cs" />
        <File uid="45" fullPath="/github/workspace/Assets/Code/Scripts/HexGrid/HexMetrics.cs" />
        <File uid="46" fullPath="/github/workspace/Assets/Code/Scripts/HexGrid/Cells/Cell.cs" />
        <File uid="47" fullPath="/github/workspace/Assets/Code/Scripts/HexGrid/Cells/CellMouseEventsController.cs" />
        <File uid="48" fullPath="/github/workspace/Assets/Code/Scripts/HexGrid/Cells/CellVisual.cs" />
      </Files>
      <Classes>
        <Class>
          <Summary numSequencePoints="7" visitedSequencePoints="7" numBranchPoints="0" visitedBranchPoints="0" sequenceCoverage="100.0" branchCoverage="0.0" maxCyclomaticComplexity="1" minCyclomaticComplexity="1" maxCrapScore="1" minCrapScore="1" visitedClasses="1" numClasses="1" visitedMethods="3" numMethods="3" />
          <FullName>FrostfallSaga.Grid.HexMetrics</FullName>
          <Methods>
            <Method visited="true" cyclomaticComplexity="1" nPathComplexity="0" sequenceCoverage="100.0" branchCoverage="0" crapScore="1" isConstructor="false" isStatic="true" isGetter="false" isSetter="false">
              <Summary numSequencePoints="3" visitedSequencePoints="3" numBranchPoints="0" visitedBranchPoints="0" sequenceCoverage="100.0" branchCoverage="0" maxCyclomaticComplexity="1" minCyclomaticComplexity="1" maxCrapScore="1" minCrapScore="1" visitedClasses="0" numClasses="0" visitedMethods="1" numMethods="1" />
              <MetadataToken>100663328</MetadataToken>
              <Name>static System.Single FrostfallSaga.Grid.HexMetrics::OuterRadius(System.Single)</Name>
              <FileRef uid="45" />
              <SequencePoints>
                <SequencePoint vc="2" uspid="6794" ordinal="0" offset="0" sl="13" sc="9" el="13" ec="9" bec="0" bev="0" fileid="45" />
                <SequencePoint vc="2" uspid="6795" ordinal="0" offset="1" sl="14" sc="13" el="14" ec="13" bec="0" bev="0" fileid="45" />
                <SequencePoint vc="2" uspid="6796" ordinal="0" offset="5" sl="15" sc="9" el="15" ec="9" bec="0" bev="0" fileid="45" />
              </SequencePoints>
              <BranchPoints />
            </Method>
            <Method visited="true" cyclomaticComplexity="1" nPathComplexity="0" sequenceCoverage="100.0" branchCoverage="0" crapScore="1" isConstructor="false" isStatic="true" isGetter="false" isSetter="false">
              <Summary numSequencePoints="3" visitedSequencePoints="3" numBranchPoints="0" visitedBranchPoints="0" sequenceCoverage="100.0" branchCoverage="0" maxCyclomaticComplexity="1" minCyclomaticComplexity="1" maxCrapScore="1" minCrapScore="1" visitedClasses="0" numClasses="0" visitedMethods="1" numMethods="1" />
              <MetadataToken>100663329</MetadataToken>
              <Name>static System.Single FrostfallSaga.Grid.HexMetrics::InnerRadius(System.Single)</Name>
              <FileRef uid="45" />
              <SequencePoints>
                <SequencePoint vc="2" uspid="6797" ordinal="0" offset="0" sl="18" sc="9" el="18" ec="9" bec="0" bev="0" fileid="45" />
                <SequencePoint vc="2" uspid="6798" ordinal="0" offset="1" sl="19" sc="13" el="19" ec="13" bec="0" bev="0" fileid="45" />
                <SequencePoint vc="2" uspid="6799" ordinal="0" offset="11" sl="20" sc="9" el="20" ec="9" bec="0" bev="0" fileid="45" />
              </SequencePoints>
              <BranchPoints />
            </Method>
            <Method visited="true" cyclomaticComplexity="1" nPathComplexity="0" sequenceCoverage="100.0" branchCoverage="0" crapScore="1" isConstructor="true" isStatic="true" isGetter="false" isSetter="false">
              <Summary numSequencePoints="1" visitedSequencePoints="1" numBranchPoints="0" visitedBranchPoints="0" sequenceCoverage="100.0" branchCoverage="0" maxCyclomaticComplexity="1" minCyclomaticComplexity="1" maxCrapScore="1" minCrapScore="1" visitedClasses="0" numClasses="0" visitedMethods="1" numMethods="1" />
              <MetadataToken>100663334</MetadataToken>
              <Name>static FrostfallSaga.Grid.HexMetrics::HexMetrics()</Name>
              <FileRef uid="45" />
              <SequencePoints>
                <SequencePoint vc="1" uspid="6836" ordinal="0" offset="0" sl="10" sc="9" el="10" ec="9" bec="0" bev="0" fileid="45" />
              </SequencePoints>
              <BranchPoints />
            </Method>
          </Methods>
        </Class>
      </Classes>
    </Module>
  </Modules>
</CoverageSession>