<?xml version="1.0" encoding="utf-8"?>
<CoverageSession xmlns:xsd="http://www.w3.org/2001/XMLSchema" xmlns:xsi="http://www.w3.org/2001/XMLSchema-instance" Version="0.0.0.0">
  <Summary numSequencePoints="3348" visitedSequencePoints="0" numBranchPoints="0" visitedBranchPoints="0" sequenceCoverage="0.0" branchCoverage="0.0" maxCyclomaticComplexity="43" minCyclomaticComplexity="1" maxCrapScore="1892" minCrapScore="2" visitedClasses="0" numClasses="74" visitedMethods="0" numMethods="439" />
  <Modules>
    <Module>
      <Summary numSequencePoints="2900" visitedSequencePoints="0" numBranchPoints="0" visitedBranchPoints="0" sequenceCoverage="0.0" branchCoverage="0.0" maxCyclomaticComplexity="43" minCyclomaticComplexity="1" maxCrapScore="1892" minCrapScore="2" visitedClasses="0" numClasses="60" visitedMethods="0" numMethods="362" />
      <ModuleTime>0001-01-01T00:00:00</ModuleTime>
      <ModuleName>Meryel.CodeAssist.Editor</ModuleName>
      <Files>
        <File uid="1" fullPath="/github/workspace/Assets/Plugins/CodeAssist/Editor/AboutWindow.cs" />
        <File uid="2" fullPath="/github/workspace/Assets/Plugins/CodeAssist/Editor/Assister.cs" />
        <File uid="3" fullPath="/github/workspace/Assets/Plugins/CodeAssist/Editor/FeedbackWindow.cs" />
        <File uid="4" fullPath="/github/workspace/Assets/Plugins/CodeAssist/Editor/Logger/CommonTools.cs" />
        <File uid="5" fullPath="/github/workspace/Assets/Plugins/CodeAssist/Editor/MainThreadDispatcher.cs" />
        <File uid="6" fullPath="/github/workspace/Assets/Plugins/CodeAssist/Editor/Monitor.cs" />
        <File uid="7" fullPath="/github/workspace/Assets/Plugins/CodeAssist/Editor/NetMQInitializer.cs" />
        <File uid="8" fullPath="/github/workspace/Assets/Plugins/CodeAssist/Editor/NetMQPublisher.cs" />
        <File uid="9" fullPath="/github/workspace/Assets/Plugins/CodeAssist/Editor/ScriptFinder.cs" />
        <File uid="10" fullPath="/github/workspace/Assets/Plugins/CodeAssist/Editor/StatusWindow.cs" />
        <File uid="11" fullPath="/github/workspace/Assets/Plugins/CodeAssist/Editor/UnityClassExtensions.cs" />
        <File uid="12" fullPath="/github/workspace/Assets/Plugins/CodeAssist/Editor/TinyJson/JsonParser.cs" />
        <File uid="13" fullPath="/github/workspace/Assets/Plugins/CodeAssist/Editor/TinyJson/JsonWriter.cs" />
        <File uid="14" fullPath="/github/workspace/Assets/Plugins/CodeAssist/Editor/Preferences/PreferenceEntryHolder.cs" />
        <File uid="15" fullPath="/github/workspace/Assets/Plugins/CodeAssist/Editor/Preferences/PreferenceMonitor.cs" />
        <File uid="16" fullPath="/github/workspace/Assets/Plugins/CodeAssist/Editor/Preferences/PreferenceStorageAccessor.cs" />
        <File uid="17" fullPath="/github/workspace/Assets/Plugins/CodeAssist/Editor/Preferences/RegistryMonitor.cs" />
        <File uid="18" fullPath="/github/workspace/Assets/Plugins/CodeAssist/Editor/Logger/DomainHashEnricher.cs" />
        <File uid="19" fullPath="/github/workspace/Assets/Plugins/CodeAssist/Editor/Logger/ELogger.cs" />
        <File uid="20" fullPath="/github/workspace/Assets/Plugins/CodeAssist/Editor/Logger/MemorySink.cs" />
        <File uid="21" fullPath="/github/workspace/Assets/Plugins/CodeAssist/Editor/Logger/UnitySink.cs" />
        <File uid="22" fullPath="/github/workspace/Assets/Plugins/CodeAssist/Editor/Input/Binary2TextExec.cs" />
        <File uid="23" fullPath="/github/workspace/Assets/Plugins/CodeAssist/Editor/Input/InputManagerMonitor.cs" />
        <File uid="24" fullPath="/github/workspace/Assets/Plugins/CodeAssist/Editor/Input/Text2Yaml.cs" />
        <File uid="25" fullPath="/github/workspace/Assets/Plugins/CodeAssist/Editor/Input/UnityInputManager.cs" />
        <File uid="26" fullPath="/github/workspace/Assets/Plugins/CodeAssist/Editor/EditorCoroutines/EditorCoroutine.cs" />
        <File uid="27" fullPath="/github/workspace/Assets/Plugins/CodeAssist/Editor/EditorCoroutines/EditorCoroutineUtility.cs" />
        <File uid="28" fullPath="/github/workspace/Assets/Plugins/CodeAssist/Editor/EditorCoroutines/EditorWaitForSeconds.cs" />
        <File uid="29" fullPath="/github/workspace/Assets/Plugins/CodeAssist/Editor/EditorCoroutines/EditorWindowCoroutineExtension.cs" />
      </Files>
      <Classes>
        <Class>
          <Summary numSequencePoints="22" visitedSequencePoints="0" numBranchPoints="0" visitedBranchPoints="0" sequenceCoverage="0.0" branchCoverage="0.0" maxCyclomaticComplexity="4" minCyclomaticComplexity="1" maxCrapScore="20" minCrapScore="2" visitedClasses="0" numClasses="1" visitedMethods="0" numMethods="3" />
          <FullName>Meryel.UnityCodeAssist.Editor.AboutWindow</FullName>
          <Methods>
            <Method visited="false" cyclomaticComplexity="2" nPathComplexity="0" sequenceCoverage="0.0" branchCoverage="0" crapScore="6" isConstructor="false" isStatic="true" isGetter="false" isSetter="false">
              <Summary numSequencePoints="6" visitedSequencePoints="0" numBranchPoints="0" visitedBranchPoints="0" sequenceCoverage="0.0" branchCoverage="0" maxCyclomaticComplexity="2" minCyclomaticComplexity="2" maxCrapScore="6" minCrapScore="6" visitedClasses="0" numClasses="0" visitedMethods="0" numMethods="1" />
              <MetadataToken>100663303</MetadataToken>
              <Name>static System.Void Meryel.UnityCodeAssist.Editor.AboutWindow::Display()</Name>
              <FileRef uid="1" />
              <SequencePoints>
                <SequencePoint vc="0" uspid="1" ordinal="0" offset="0" sl="18" sc="0" el="18" ec="0" bec="0" bev="0" fileid="1" />
                <SequencePoint vc="0" uspid="2" ordinal="0" offset="1" sl="20" sc="0" el="20" ec="0" bec="0" bev="0" fileid="1" />
                <SequencePoint vc="0" uspid="3" ordinal="0" offset="7" sl="21" sc="0" el="21" ec="0" bec="0" bev="0" fileid="1" />
                <SequencePoint vc="0" uspid="4" ordinal="0" offset="14" sl="23" sc="0" el="23" ec="0" bec="0" bev="0" fileid="1" />
                <SequencePoint vc="0" uspid="5" ordinal="0" offset="25" sl="25" sc="0" el="25" ec="0" bec="0" bev="0" fileid="1" />
                <SequencePoint vc="0" uspid="6" ordinal="0" offset="52" sl="26" sc="0" el="26" ec="0" bec="0" bev="0" fileid="1" />
              </SequencePoints>
              <BranchPoints />
            </Method>
            <Method visited="false" cyclomaticComplexity="1" nPathComplexity="0" sequenceCoverage="0.0" branchCoverage="0" crapScore="2" isConstructor="false" isStatic="false" isGetter="false" isSetter="false">
              <Summary numSequencePoints="3" visitedSequencePoints="0" numBranchPoints="0" visitedBranchPoints="0" sequenceCoverage="0.0" branchCoverage="0" maxCyclomaticComplexity="1" minCyclomaticComplexity="1" maxCrapScore="2" minCrapScore="2" visitedClasses="0" numClasses="0" visitedMethods="0" numMethods="1" />
              <MetadataToken>100663304</MetadataToken>
              <Name>System.Void Meryel.UnityCodeAssist.Editor.AboutWindow::OnEnable()</Name>
              <FileRef uid="1" />
              <SequencePoints>
                <SequencePoint vc="0" uspid="7" ordinal="0" offset="0" sl="29" sc="0" el="29" ec="0" bec="0" bev="0" fileid="1" />
                <SequencePoint vc="0" uspid="8" ordinal="0" offset="1" sl="33" sc="0" el="33" ec="0" bec="0" bev="0" fileid="1" />
                <SequencePoint vc="0" uspid="9" ordinal="0" offset="18" sl="34" sc="0" el="34" ec="0" bec="0" bev="0" fileid="1" />
              </SequencePoints>
              <BranchPoints />
            </Method>
            <Method visited="false" cyclomaticComplexity="4" nPathComplexity="0" sequenceCoverage="0.0" branchCoverage="0" crapScore="20" isConstructor="false" isStatic="false" isGetter="false" isSetter="false">
              <Summary numSequencePoints="13" visitedSequencePoints="0" numBranchPoints="0" visitedBranchPoints="0" sequenceCoverage="0.0" branchCoverage="0" maxCyclomaticComplexity="4" minCyclomaticComplexity="4" maxCrapScore="20" minCrapScore="20" visitedClasses="0" numClasses="0" visitedMethods="0" numMethods="1" />
              <MetadataToken>100663305</MetadataToken>
              <Name>System.Void Meryel.UnityCodeAssist.Editor.AboutWindow::OnGUI()</Name>
              <FileRef uid="1" />
              <SequencePoints>
                <SequencePoint vc="0" uspid="10" ordinal="0" offset="0" sl="37" sc="0" el="37" ec="0" bec="0" bev="0" fileid="1" />
                <SequencePoint vc="0" uspid="11" ordinal="0" offset="1" sl="38" sc="0" el="38" ec="0" bec="0" bev="0" fileid="1" />
                <SequencePoint vc="0" uspid="12" ordinal="0" offset="46" sl="44" sc="0" el="44" ec="0" bec="0" bev="0" fileid="1" />
                <SequencePoint vc="0" uspid="13" ordinal="0" offset="78" sl="47" sc="0" el="47" ec="0" bec="0" bev="0" fileid="1" />
                <SequencePoint vc="0" uspid="14" ordinal="0" offset="110" sl="52" sc="0" el="52" ec="0" bec="0" bev="0" fileid="1" />
                <SequencePoint vc="0" uspid="15" ordinal="0" offset="129" sl="53" sc="0" el="53" ec="0" bec="0" bev="0" fileid="1" />
                <SequencePoint vc="0" uspid="16" ordinal="0" offset="130" sl="54" sc="0" el="54" ec="0" bec="0" bev="0" fileid="1" />
                <SequencePoint vc="0" uspid="17" ordinal="0" offset="141" sl="55" sc="0" el="55" ec="0" bec="0" bev="0" fileid="1" />
                <SequencePoint vc="0" uspid="18" ordinal="0" offset="142" sl="57" sc="0" el="57" ec="0" bec="0" bev="0" fileid="1" />
                <SequencePoint vc="0" uspid="19" ordinal="0" offset="161" sl="58" sc="0" el="58" ec="0" bec="0" bev="0" fileid="1" />
                <SequencePoint vc="0" uspid="20" ordinal="0" offset="162" sl="59" sc="0" el="59" ec="0" bec="0" bev="0" fileid="1" />
                <SequencePoint vc="0" uspid="21" ordinal="0" offset="173" sl="60" sc="0" el="60" ec="0" bec="0" bev="0" fileid="1" />
                <SequencePoint vc="0" uspid="22" ordinal="0" offset="174" sl="62" sc="0" el="62" ec="0" bec="0" bev="0" fileid="1" />
              </SequencePoints>
              <BranchPoints />
            </Method>
          </Methods>
        </Class>
        <Class>
          <Summary numSequencePoints="34" visitedSequencePoints="0" numBranchPoints="0" visitedBranchPoints="0" sequenceCoverage="0.0" branchCoverage="0.0" maxCyclomaticComplexity="8" minCyclomaticComplexity="1" maxCrapScore="72" minCrapScore="2" visitedClasses="0" numClasses="1" visitedMethods="0" numMethods="7" />
          <FullName>Meryel.UnityCodeAssist.Editor.Assister</FullName>
          <Methods>
            <Method visited="false" cyclomaticComplexity="1" nPathComplexity="0" sequenceCoverage="0.0" branchCoverage="0" crapScore="2" isConstructor="false" isStatic="true" isGetter="false" isSetter="false">
              <Summary numSequencePoints="3" visitedSequencePoints="0" numBranchPoints="0" visitedBranchPoints="0" sequenceCoverage="0.0" branchCoverage="0" maxCyclomaticComplexity="1" minCyclomaticComplexity="1" maxCrapScore="2" minCrapScore="2" visitedClasses="0" numClasses="0" visitedMethods="0" numMethods="1" />
              <MetadataToken>100663307</MetadataToken>
              <Name>static System.Void Meryel.UnityCodeAssist.Editor.Assister::DisplayStatusWindow()</Name>
              <FileRef uid="2" />
              <SequencePoints>
                <SequencePoint vc="0" uspid="23" ordinal="0" offset="0" sl="25" sc="0" el="25" ec="0" bec="0" bev="0" fileid="2" />
                <SequencePoint vc="0" uspid="24" ordinal="0" offset="1" sl="26" sc="0" el="26" ec="0" bec="0" bev="0" fileid="2" />
                <SequencePoint vc="0" uspid="25" ordinal="0" offset="7" sl="27" sc="0" el="27" ec="0" bec="0" bev="0" fileid="2" />
              </SequencePoints>
              <BranchPoints />
            </Method>
            <Method visited="false" cyclomaticComplexity="2" nPathComplexity="0" sequenceCoverage="0.0" branchCoverage="0" crapScore="6" isConstructor="false" isStatic="true" isGetter="false" isSetter="false">
              <Summary numSequencePoints="4" visitedSequencePoints="0" numBranchPoints="0" visitedBranchPoints="0" sequenceCoverage="0.0" branchCoverage="0" maxCyclomaticComplexity="2" minCyclomaticComplexity="2" maxCrapScore="6" minCrapScore="6" visitedClasses="0" numClasses="0" visitedMethods="0" numMethods="1" />
              <MetadataToken>100663308</MetadataToken>
              <Name>static System.Void Meryel.UnityCodeAssist.Editor.Assister::Sync()</Name>
              <FileRef uid="2" />
              <SequencePoints>
                <SequencePoint vc="0" uspid="26" ordinal="0" offset="0" sl="32" sc="0" el="32" ec="0" bec="0" bev="0" fileid="2" />
                <SequencePoint vc="0" uspid="27" ordinal="0" offset="1" sl="33" sc="0" el="33" ec="0" bec="0" bev="0" fileid="2" />
                <SequencePoint vc="0" uspid="28" ordinal="0" offset="17" sl="38" sc="0" el="38" ec="0" bec="0" bev="0" fileid="2" />
                <SequencePoint vc="0" uspid="29" ordinal="0" offset="44" sl="39" sc="0" el="39" ec="0" bec="0" bev="0" fileid="2" />
              </SequencePoints>
              <BranchPoints />
            </Method>
            <Method visited="false" cyclomaticComplexity="1" nPathComplexity="0" sequenceCoverage="0.0" branchCoverage="0" crapScore="2" isConstructor="false" isStatic="true" isGetter="false" isSetter="false">
              <Summary numSequencePoints="3" visitedSequencePoints="0" numBranchPoints="0" visitedBranchPoints="0" sequenceCoverage="0.0" branchCoverage="0" maxCyclomaticComplexity="1" minCyclomaticComplexity="1" maxCrapScore="2" minCrapScore="2" visitedClasses="0" numClasses="0" visitedMethods="0" numMethods="1" />
              <MetadataToken>100663309</MetadataToken>
              <Name>static System.Void Meryel.UnityCodeAssist.Editor.Assister::DisplayFeedbackWindow()</Name>
              <FileRef uid="2" />
              <SequencePoints>
                <SequencePoint vc="0" uspid="30" ordinal="0" offset="0" sl="44" sc="0" el="44" ec="0" bec="0" bev="0" fileid="2" />
                <SequencePoint vc="0" uspid="31" ordinal="0" offset="1" sl="45" sc="0" el="45" ec="0" bec="0" bev="0" fileid="2" />
                <SequencePoint vc="0" uspid="32" ordinal="0" offset="7" sl="46" sc="0" el="46" ec="0" bec="0" bev="0" fileid="2" />
              </SequencePoints>
              <BranchPoints />
            </Method>
            <Method visited="false" cyclomaticComplexity="1" nPathComplexity="0" sequenceCoverage="0.0" branchCoverage="0" crapScore="2" isConstructor="false" isStatic="true" isGetter="false" isSetter="false">
              <Summary numSequencePoints="3" visitedSequencePoints="0" numBranchPoints="0" visitedBranchPoints="0" sequenceCoverage="0.0" branchCoverage="0" maxCyclomaticComplexity="1" minCyclomaticComplexity="1" maxCrapScore="2" minCrapScore="2" visitedClasses="0" numClasses="0" visitedMethods="0" numMethods="1" />
              <MetadataToken>100663310</MetadataToken>
              <Name>static System.Void Meryel.UnityCodeAssist.Editor.Assister::DisplayAboutWindow()</Name>
              <FileRef uid="2" />
              <SequencePoints>
                <SequencePoint vc="0" uspid="33" ordinal="0" offset="0" sl="50" sc="0" el="50" ec="0" bec="0" bev="0" fileid="2" />
                <SequencePoint vc="0" uspid="34" ordinal="0" offset="1" sl="51" sc="0" el="51" ec="0" bec="0" bev="0" fileid="2" />
                <SequencePoint vc="0" uspid="35" ordinal="0" offset="7" sl="52" sc="0" el="52" ec="0" bec="0" bev="0" fileid="2" />
              </SequencePoints>
              <BranchPoints />
            </Method>
            <Method visited="false" cyclomaticComplexity="2" nPathComplexity="0" sequenceCoverage="0.0" branchCoverage="0" crapScore="6" isConstructor="false" isStatic="true" isGetter="false" isSetter="false">
              <Summary numSequencePoints="4" visitedSequencePoints="0" numBranchPoints="0" visitedBranchPoints="0" sequenceCoverage="0.0" branchCoverage="0" maxCyclomaticComplexity="2" minCyclomaticComplexity="2" maxCrapScore="6" minCrapScore="6" visitedClasses="0" numClasses="0" visitedMethods="0" numMethods="1" />
              <MetadataToken>100663311</MetadataToken>
              <Name>static System.Void Meryel.UnityCodeAssist.Editor.Assister::CompareVersions()</Name>
              <FileRef uid="2" />
              <SequencePoints>
                <SequencePoint vc="0" uspid="36" ordinal="0" offset="0" sl="57" sc="0" el="57" ec="0" bec="0" bev="0" fileid="2" />
                <SequencePoint vc="0" uspid="37" ordinal="0" offset="1" sl="58" sc="0" el="58" ec="0" bec="0" bev="0" fileid="2" />
                <SequencePoint vc="0" uspid="38" ordinal="0" offset="12" sl="60" sc="0" el="60" ec="0" bec="0" bev="0" fileid="2" />
                <SequencePoint vc="0" uspid="39" ordinal="0" offset="39" sl="61" sc="0" el="61" ec="0" bec="0" bev="0" fileid="2" />
              </SequencePoints>
              <BranchPoints />
            </Method>
            <Method visited="false" cyclomaticComplexity="2" nPathComplexity="0" sequenceCoverage="0.0" branchCoverage="0" crapScore="6" isConstructor="false" isStatic="true" isGetter="false" isSetter="false">
              <Summary numSequencePoints="4" visitedSequencePoints="0" numBranchPoints="0" visitedBranchPoints="0" sequenceCoverage="0.0" branchCoverage="0" maxCyclomaticComplexity="2" minCyclomaticComplexity="2" maxCrapScore="6" minCrapScore="6" visitedClasses="0" numClasses="0" visitedMethods="0" numMethods="1" />
              <MetadataToken>100663312</MetadataToken>
              <Name>static System.Void Meryel.UnityCodeAssist.Editor.Assister::GetFullVersion()</Name>
              <FileRef uid="2" />
              <SequencePoints>
                <SequencePoint vc="0" uspid="40" ordinal="0" offset="0" sl="65" sc="0" el="65" ec="0" bec="0" bev="0" fileid="2" />
                <SequencePoint vc="0" uspid="41" ordinal="0" offset="1" sl="66" sc="0" el="66" ec="0" bec="0" bev="0" fileid="2" />
                <SequencePoint vc="0" uspid="42" ordinal="0" offset="12" sl="68" sc="0" el="68" ec="0" bec="0" bev="0" fileid="2" />
                <SequencePoint vc="0" uspid="43" ordinal="0" offset="39" sl="69" sc="0" el="69" ec="0" bec="0" bev="0" fileid="2" />
              </SequencePoints>
              <BranchPoints />
            </Method>
            <Method visited="false" cyclomaticComplexity="8" nPathComplexity="0" sequenceCoverage="0.0" branchCoverage="0" crapScore="72" isConstructor="false" isStatic="true" isGetter="false" isSetter="false">
              <Summary numSequencePoints="13" visitedSequencePoints="0" numBranchPoints="0" visitedBranchPoints="0" sequenceCoverage="0.0" branchCoverage="0" maxCyclomaticComplexity="8" minCyclomaticComplexity="8" maxCrapScore="72" minCrapScore="72" visitedClasses="0" numClasses="0" visitedMethods="0" numMethods="1" />
              <MetadataToken>100663314</MetadataToken>
              <Name>static System.Void Meryel.UnityCodeAssist.Editor.Assister::SendTagsAndLayers()</Name>
              <FileRef uid="2" />
              <SequencePoints>
                <SequencePoint vc="0" uspid="44" ordinal="0" offset="0" sl="245" sc="0" el="245" ec="0" bec="0" bev="0" fileid="2" />
                <SequencePoint vc="0" uspid="45" ordinal="0" offset="1" sl="246" sc="0" el="246" ec="0" bec="0" bev="0" fileid="2" />
                <SequencePoint vc="0" uspid="46" ordinal="0" offset="12" sl="248" sc="0" el="248" ec="0" bec="0" bev="0" fileid="2" />
                <SequencePoint vc="0" uspid="47" ordinal="0" offset="18" sl="249" sc="0" el="249" ec="0" bec="0" bev="0" fileid="2" />
                <SequencePoint vc="0" uspid="48" ordinal="0" offset="36" sl="251" sc="0" el="251" ec="0" bec="0" bev="0" fileid="2" />
                <SequencePoint vc="0" uspid="49" ordinal="0" offset="42" sl="252" sc="0" el="252" ec="0" bec="0" bev="0" fileid="2" />
                <SequencePoint vc="0" uspid="50" ordinal="0" offset="85" sl="253" sc="0" el="253" ec="0" bec="0" bev="0" fileid="2" />
                <SequencePoint vc="0" uspid="51" ordinal="0" offset="104" sl="255" sc="0" el="255" ec="0" bec="0" bev="0" fileid="2" />
                <SequencePoint vc="0" uspid="52" ordinal="0" offset="110" sl="256" sc="0" el="256" ec="0" bec="0" bev="0" fileid="2" />
                <SequencePoint vc="0" uspid="53" ordinal="0" offset="154" sl="257" sc="0" el="257" ec="0" bec="0" bev="0" fileid="2" />
                <SequencePoint vc="0" uspid="54" ordinal="0" offset="198" sl="258" sc="0" el="258" ec="0" bec="0" bev="0" fileid="2" />
                <SequencePoint vc="0" uspid="55" ordinal="0" offset="242" sl="259" sc="0" el="259" ec="0" bec="0" bev="0" fileid="2" />
                <SequencePoint vc="0" uspid="56" ordinal="0" offset="265" sl="260" sc="0" el="260" ec="0" bec="0" bev="0" fileid="2" />
              </SequencePoints>
              <BranchPoints />
            </Method>
          </Methods>
        </Class>
        <Class>
          <Summary numSequencePoints="55" visitedSequencePoints="0" numBranchPoints="0" visitedBranchPoints="0" sequenceCoverage="0.0" branchCoverage="0.0" maxCyclomaticComplexity="11" minCyclomaticComplexity="1" maxCrapScore="132" minCrapScore="2" visitedClasses="0" numClasses="1" visitedMethods="0" numMethods="3" />
          <FullName>Meryel.UnityCodeAssist.Editor.FeedbackWindow</FullName>
          <Methods>
            <Method visited="false" cyclomaticComplexity="3" nPathComplexity="0" sequenceCoverage="0.0" branchCoverage="0" crapScore="12" isConstructor="false" isStatic="true" isGetter="false" isSetter="false">
              <Summary numSequencePoints="7" visitedSequencePoints="0" numBranchPoints="0" visitedBranchPoints="0" sequenceCoverage="0.0" branchCoverage="0" maxCyclomaticComplexity="3" minCyclomaticComplexity="3" maxCrapScore="12" minCrapScore="12" visitedClasses="0" numClasses="0" visitedMethods="0" numMethods="1" />
              <MetadataToken>100663316</MetadataToken>
              <Name>static System.Void Meryel.UnityCodeAssist.Editor.FeedbackWindow::Display()</Name>
              <FileRef uid="3" />
              <SequencePoints>
                <SequencePoint vc="0" uspid="57" ordinal="0" offset="0" sl="18" sc="0" el="18" ec="0" bec="0" bev="0" fileid="3" />
                <SequencePoint vc="0" uspid="58" ordinal="0" offset="1" sl="19" sc="0" el="19" ec="0" bec="0" bev="0" fileid="3" />
                <SequencePoint vc="0" uspid="59" ordinal="0" offset="18" sl="22" sc="0" el="22" ec="0" bec="0" bev="0" fileid="3" />
                <SequencePoint vc="0" uspid="60" ordinal="0" offset="24" sl="23" sc="0" el="23" ec="0" bec="0" bev="0" fileid="3" />
                <SequencePoint vc="0" uspid="61" ordinal="0" offset="31" sl="25" sc="0" el="25" ec="0" bec="0" bev="0" fileid="3" />
                <SequencePoint vc="0" uspid="62" ordinal="0" offset="42" sl="27" sc="0" el="27" ec="0" bec="0" bev="0" fileid="3" />
                <SequencePoint vc="0" uspid="63" ordinal="0" offset="69" sl="28" sc="0" el="28" ec="0" bec="0" bev="0" fileid="3" />
              </SequencePoints>
              <BranchPoints />
            </Method>
            <Method visited="false" cyclomaticComplexity="1" nPathComplexity="0" sequenceCoverage="0.0" branchCoverage="0" crapScore="2" isConstructor="false" isStatic="false" isGetter="false" isSetter="false">
              <Summary numSequencePoints="3" visitedSequencePoints="0" numBranchPoints="0" visitedBranchPoints="0" sequenceCoverage="0.0" branchCoverage="0" maxCyclomaticComplexity="1" minCyclomaticComplexity="1" maxCrapScore="2" minCrapScore="2" visitedClasses="0" numClasses="0" visitedMethods="0" numMethods="1" />
              <MetadataToken>100663317</MetadataToken>
              <Name>System.Void Meryel.UnityCodeAssist.Editor.FeedbackWindow::OnEnable()</Name>
              <FileRef uid="3" />
              <SequencePoints>
                <SequencePoint vc="0" uspid="64" ordinal="0" offset="0" sl="32" sc="0" el="32" ec="0" bec="0" bev="0" fileid="3" />
                <SequencePoint vc="0" uspid="65" ordinal="0" offset="1" sl="36" sc="0" el="36" ec="0" bec="0" bev="0" fileid="3" />
                <SequencePoint vc="0" uspid="66" ordinal="0" offset="18" sl="37" sc="0" el="37" ec="0" bec="0" bev="0" fileid="3" />
              </SequencePoints>
              <BranchPoints />
            </Method>
            <Method visited="false" cyclomaticComplexity="11" nPathComplexity="0" sequenceCoverage="0.0" branchCoverage="0" crapScore="132" isConstructor="false" isStatic="false" isGetter="false" isSetter="false">
              <Summary numSequencePoints="45" visitedSequencePoints="0" numBranchPoints="0" visitedBranchPoints="0" sequenceCoverage="0.0" branchCoverage="0" maxCyclomaticComplexity="11" minCyclomaticComplexity="11" maxCrapScore="132" minCrapScore="132" visitedClasses="0" numClasses="0" visitedMethods="0" numMethods="1" />
              <MetadataToken>100663318</MetadataToken>
              <Name>System.Void Meryel.UnityCodeAssist.Editor.FeedbackWindow::OnGUI()</Name>
              <FileRef uid="3" />
              <SequencePoints>
                <SequencePoint vc="0" uspid="67" ordinal="0" offset="0" sl="40" sc="0" el="40" ec="0" bec="0" bev="0" fileid="3" />
                <SequencePoint vc="0" uspid="68" ordinal="0" offset="1" sl="41" sc="0" el="41" ec="0" bec="0" bev="0" fileid="3" />
                <SequencePoint vc="0" uspid="69" ordinal="0" offset="7" sl="42" sc="0" el="42" ec="0" bec="0" bev="0" fileid="3" />
                <SequencePoint vc="0" uspid="70" ordinal="0" offset="13" sl="43" sc="0" el="43" ec="0" bec="0" bev="0" fileid="3" />
                <SequencePoint vc="0" uspid="71" ordinal="0" offset="19" sl="44" sc="0" el="44" ec="0" bec="0" bev="0" fileid="3" />
                <SequencePoint vc="0" uspid="72" ordinal="0" offset="36" sl="45" sc="0" el="45" ec="0" bec="0" bev="0" fileid="3" />
                <SequencePoint vc="0" uspid="73" ordinal="0" offset="48" sl="47" sc="0" el="47" ec="0" bec="0" bev="0" fileid="3" />
                <SequencePoint vc="0" uspid="74" ordinal="0" offset="93" sl="53" sc="0" el="53" ec="0" bec="0" bev="0" fileid="3" />
                <SequencePoint vc="0" uspid="75" ordinal="0" offset="103" sl="54" sc="0" el="54" ec="0" bec="0" bev="0" fileid="3" />
                <SequencePoint vc="0" uspid="76" ordinal="0" offset="148" sl="55" sc="0" el="55" ec="0" bec="0" bev="0" fileid="3" />
                <SequencePoint vc="0" uspid="77" ordinal="0" offset="158" sl="56" sc="0" el="56" ec="0" bec="0" bev="0" fileid="3" />
                <SequencePoint vc="0" uspid="78" ordinal="0" offset="203" sl="58" sc="0" el="58" ec="0" bec="0" bev="0" fileid="3" />
                <SequencePoint vc="0" uspid="79" ordinal="0" offset="235" sl="60" sc="0" el="60" ec="0" bec="0" bev="0" fileid="3" />
                <SequencePoint vc="0" uspid="80" ordinal="0" offset="256" sl="61" sc="0" el="61" ec="0" bec="0" bev="0" fileid="3" />
                <SequencePoint vc="0" uspid="81" ordinal="0" offset="257" sl="62" sc="0" el="62" ec="0" bec="0" bev="0" fileid="3" />
                <SequencePoint vc="0" uspid="82" ordinal="0" offset="264" sl="63" sc="0" el="63" ec="0" bec="0" bev="0" fileid="3" />
                <SequencePoint vc="0" uspid="83" ordinal="0" offset="277" sl="64" sc="0" el="64" ec="0" bec="0" bev="0" fileid="3" />
                <SequencePoint vc="0" uspid="84" ordinal="0" offset="278" sl="66" sc="0" el="66" ec="0" bec="0" bev="0" fileid="3" />
                <SequencePoint vc="0" uspid="85" ordinal="0" offset="299" sl="67" sc="0" el="67" ec="0" bec="0" bev="0" fileid="3" />
                <SequencePoint vc="0" uspid="86" ordinal="0" offset="300" sl="69" sc="0" el="69" ec="0" bec="0" bev="0" fileid="3" />
                <SequencePoint vc="0" uspid="87" ordinal="0" offset="307" sl="70" sc="0" el="70" ec="0" bec="0" bev="0" fileid="3" />
                <SequencePoint vc="0" uspid="88" ordinal="0" offset="320" sl="71" sc="0" el="71" ec="0" bec="0" bev="0" fileid="3" />
                <SequencePoint vc="0" uspid="89" ordinal="0" offset="321" sl="73" sc="0" el="73" ec="0" bec="0" bev="0" fileid="3" />
                <SequencePoint vc="0" uspid="90" ordinal="0" offset="342" sl="74" sc="0" el="74" ec="0" bec="0" bev="0" fileid="3" />
                <SequencePoint vc="0" uspid="91" ordinal="0" offset="343" sl="75" sc="0" el="75" ec="0" bec="0" bev="0" fileid="3" />
                <SequencePoint vc="0" uspid="92" ordinal="0" offset="350" sl="76" sc="0" el="76" ec="0" bec="0" bev="0" fileid="3" />
                <SequencePoint vc="0" uspid="93" ordinal="0" offset="358" sl="77" sc="0" el="77" ec="0" bec="0" bev="0" fileid="3" />
                <SequencePoint vc="0" uspid="94" ordinal="0" offset="359" sl="79" sc="0" el="79" ec="0" bec="0" bev="0" fileid="3" />
                <SequencePoint vc="0" uspid="95" ordinal="0" offset="365" sl="81" sc="0" el="81" ec="0" bec="0" bev="0" fileid="3" />
                <SequencePoint vc="0" uspid="96" ordinal="0" offset="386" sl="82" sc="0" el="82" ec="0" bec="0" bev="0" fileid="3" />
                <SequencePoint vc="0" uspid="97" ordinal="0" offset="387" sl="83" sc="0" el="83" ec="0" bec="0" bev="0" fileid="3" />
                <SequencePoint vc="0" uspid="98" ordinal="0" offset="394" sl="84" sc="0" el="84" ec="0" bec="0" bev="0" fileid="3" />
                <SequencePoint vc="0" uspid="99" ordinal="0" offset="402" sl="85" sc="0" el="85" ec="0" bec="0" bev="0" fileid="3" />
                <SequencePoint vc="0" uspid="100" ordinal="0" offset="403" sl="87" sc="0" el="87" ec="0" bec="0" bev="0" fileid="3" />
                <SequencePoint vc="0" uspid="101" ordinal="0" offset="424" sl="88" sc="0" el="88" ec="0" bec="0" bev="0" fileid="3" />
                <SequencePoint vc="0" uspid="102" ordinal="0" offset="425" sl="89" sc="0" el="89" ec="0" bec="0" bev="0" fileid="3" />
                <SequencePoint vc="0" uspid="103" ordinal="0" offset="432" sl="90" sc="0" el="90" ec="0" bec="0" bev="0" fileid="3" />
                <SequencePoint vc="0" uspid="104" ordinal="0" offset="440" sl="91" sc="0" el="91" ec="0" bec="0" bev="0" fileid="3" />
                <SequencePoint vc="0" uspid="105" ordinal="0" offset="441" sl="93" sc="0" el="93" ec="0" bec="0" bev="0" fileid="3" />
                <SequencePoint vc="0" uspid="106" ordinal="0" offset="462" sl="94" sc="0" el="94" ec="0" bec="0" bev="0" fileid="3" />
                <SequencePoint vc="0" uspid="107" ordinal="0" offset="463" sl="95" sc="0" el="95" ec="0" bec="0" bev="0" fileid="3" />
                <SequencePoint vc="0" uspid="108" ordinal="0" offset="470" sl="96" sc="0" el="96" ec="0" bec="0" bev="0" fileid="3" />
                <SequencePoint vc="0" uspid="109" ordinal="0" offset="471" sl="98" sc="0" el="98" ec="0" bec="0" bev="0" fileid="3" />
                <SequencePoint vc="0" uspid="110" ordinal="0" offset="503" sl="99" sc="0" el="99" ec="0" bec="0" bev="0" fileid="3" />
                <SequencePoint vc="0" uspid="111" ordinal="0" offset="530" sl="100" sc="0" el="100" ec="0" bec="0" bev="0" fileid="3" />
              </SequencePoints>
              <BranchPoints />
            </Method>
          </Methods>
        </Class>
        <Class>
          <Summary numSequencePoints="37" visitedSequencePoints="0" numBranchPoints="0" visitedBranchPoints="0" sequenceCoverage="0.0" branchCoverage="0.0" maxCyclomaticComplexity="2" minCyclomaticComplexity="1" maxCrapScore="6" minCrapScore="2" visitedClasses="0" numClasses="1" visitedMethods="0" numMethods="5" />
          <FullName>Meryel.UnityCodeAssist.Editor.CommonTools</FullName>
          <Methods>
            <Method visited="false" cyclomaticComplexity="1" nPathComplexity="0" sequenceCoverage="0.0" branchCoverage="0" crapScore="2" isConstructor="false" isStatic="true" isGetter="false" isSetter="false">
              <Summary numSequencePoints="5" visitedSequencePoints="0" numBranchPoints="0" visitedBranchPoints="0" sequenceCoverage="0.0" branchCoverage="0" maxCyclomaticComplexity="1" minCyclomaticComplexity="1" maxCrapScore="2" minCrapScore="2" visitedClasses="0" numClasses="0" visitedMethods="0" numMethods="1" />
              <MetadataToken>100663320</MetadataToken>
              <Name>static System.String Meryel.UnityCodeAssist.Editor.CommonTools::GetTagManagerFilePath()</Name>
              <FileRef uid="4" />
              <SequencePoints>
                <SequencePoint vc="0" uspid="112" ordinal="0" offset="0" sl="16" sc="9" el="16" ec="9" bec="0" bev="0" fileid="4" />
                <SequencePoint vc="0" uspid="113" ordinal="0" offset="1" sl="17" sc="13" el="17" ec="13" bec="0" bev="0" fileid="4" />
                <SequencePoint vc="0" uspid="114" ordinal="0" offset="7" sl="18" sc="13" el="18" ec="13" bec="0" bev="0" fileid="4" />
                <SequencePoint vc="0" uspid="115" ordinal="0" offset="19" sl="19" sc="13" el="19" ec="13" bec="0" bev="0" fileid="4" />
                <SequencePoint vc="0" uspid="116" ordinal="0" offset="23" sl="20" sc="9" el="20" ec="9" bec="0" bev="0" fileid="4" />
              </SequencePoints>
              <BranchPoints />
            </Method>
            <Method visited="false" cyclomaticComplexity="1" nPathComplexity="0" sequenceCoverage="0.0" branchCoverage="0" crapScore="2" isConstructor="false" isStatic="true" isGetter="false" isSetter="false">
              <Summary numSequencePoints="5" visitedSequencePoints="0" numBranchPoints="0" visitedBranchPoints="0" sequenceCoverage="0.0" branchCoverage="0" maxCyclomaticComplexity="1" minCyclomaticComplexity="1" maxCrapScore="2" minCrapScore="2" visitedClasses="0" numClasses="0" visitedMethods="0" numMethods="1" />
              <MetadataToken>100663321</MetadataToken>
              <Name>static System.String Meryel.UnityCodeAssist.Editor.CommonTools::GetInputManagerFilePath()</Name>
              <FileRef uid="4" />
              <SequencePoints>
                <SequencePoint vc="0" uspid="117" ordinal="0" offset="0" sl="23" sc="0" el="23" ec="0" bec="0" bev="0" fileid="4" />
                <SequencePoint vc="0" uspid="118" ordinal="0" offset="1" sl="24" sc="0" el="24" ec="0" bec="0" bev="0" fileid="4" />
                <SequencePoint vc="0" uspid="119" ordinal="0" offset="7" sl="25" sc="0" el="25" ec="0" bec="0" bev="0" fileid="4" />
                <SequencePoint vc="0" uspid="120" ordinal="0" offset="19" sl="26" sc="0" el="26" ec="0" bec="0" bev="0" fileid="4" />
                <SequencePoint vc="0" uspid="121" ordinal="0" offset="23" sl="27" sc="0" el="27" ec="0" bec="0" bev="0" fileid="4" />
              </SequencePoints>
              <BranchPoints />
            </Method>
            <Method visited="false" cyclomaticComplexity="1" nPathComplexity="0" sequenceCoverage="0.0" branchCoverage="0" crapScore="2" isConstructor="false" isStatic="true" isGetter="false" isSetter="false">
              <Summary numSequencePoints="7" visitedSequencePoints="0" numBranchPoints="0" visitedBranchPoints="0" sequenceCoverage="0.0" branchCoverage="0" maxCyclomaticComplexity="1" minCyclomaticComplexity="1" maxCrapScore="2" minCrapScore="2" visitedClasses="0" numClasses="0" visitedMethods="0" numMethods="1" />
              <MetadataToken>100663322</MetadataToken>
              <Name>static System.String Meryel.UnityCodeAssist.Editor.CommonTools::GetProjectPath()</Name>
              <FileRef uid="4" />
              <SequencePoints>
                <SequencePoint vc="0" uspid="122" ordinal="0" offset="0" sl="30" sc="9" el="30" ec="9" bec="0" bev="0" fileid="4" />
                <SequencePoint vc="0" uspid="123" ordinal="0" offset="1" sl="31" sc="13" el="31" ec="13" bec="0" bev="0" fileid="4" />
                <SequencePoint vc="0" uspid="124" ordinal="0" offset="7" sl="32" sc="13" el="32" ec="13" bec="0" bev="0" fileid="4" />
                <SequencePoint vc="0" uspid="125" ordinal="0" offset="14" sl="33" sc="13" el="33" ec="13" bec="0" bev="0" fileid="4" />
                <SequencePoint vc="0" uspid="126" ordinal="0" offset="21" sl="34" sc="13" el="34" ec="13" bec="0" bev="0" fileid="4" />
                <SequencePoint vc="0" uspid="127" ordinal="0" offset="44" sl="35" sc="13" el="35" ec="13" bec="0" bev="0" fileid="4" />
                <SequencePoint vc="0" uspid="128" ordinal="0" offset="49" sl="36" sc="9" el="36" ec="9" bec="0" bev="0" fileid="4" />
              </SequencePoints>
              <BranchPoints />
            </Method>
            <Method visited="false" cyclomaticComplexity="2" nPathComplexity="0" sequenceCoverage="0.0" branchCoverage="0" crapScore="6" isConstructor="false" isStatic="true" isGetter="false" isSetter="false">
              <Summary numSequencePoints="8" visitedSequencePoints="0" numBranchPoints="0" visitedBranchPoints="0" sequenceCoverage="0.0" branchCoverage="0" maxCyclomaticComplexity="2" minCyclomaticComplexity="2" maxCrapScore="6" minCrapScore="6" visitedClasses="0" numClasses="0" visitedMethods="0" numMethods="1" />
              <MetadataToken>100663323</MetadataToken>
              <Name>static System.String Meryel.UnityCodeAssist.Editor.CommonTools::GetProjectPathRaw()</Name>
              <FileRef uid="4" />
              <SequencePoints>
                <SequencePoint vc="0" uspid="129" ordinal="0" offset="0" sl="43" sc="9" el="43" ec="9" bec="0" bev="0" fileid="4" />
                <SequencePoint vc="0" uspid="130" ordinal="0" offset="1" sl="45" sc="13" el="45" ec="13" bec="0" bev="0" fileid="4" />
                <SequencePoint vc="0" uspid="131" ordinal="0" offset="7" sl="46" sc="13" el="46" ec="13" bec="0" bev="0" fileid="4" />
                <SequencePoint vc="0" uspid="132" ordinal="0" offset="14" sl="47" sc="13" el="47" ec="13" bec="0" bev="0" fileid="4" />
                <SequencePoint vc="0" uspid="133" ordinal="0" offset="21" sl="48" sc="13" el="48" ec="13" bec="0" bev="0" fileid="4" />
                <SequencePoint vc="0" uspid="134" ordinal="0" offset="29" sl="49" sc="17" el="49" ec="17" bec="0" bev="0" fileid="4" />
                <SequencePoint vc="0" uspid="135" ordinal="0" offset="39" sl="51" sc="13" el="51" ec="13" bec="0" bev="0" fileid="4" />
                <SequencePoint vc="0" uspid="136" ordinal="0" offset="44" sl="52" sc="9" el="52" ec="9" bec="0" bev="0" fileid="4" />
              </SequencePoints>
              <BranchPoints />
            </Method>
            <Method visited="false" cyclomaticComplexity="2" nPathComplexity="0" sequenceCoverage="0.0" branchCoverage="0" crapScore="6" isConstructor="false" isStatic="true" isGetter="false" isSetter="false">
              <Summary numSequencePoints="12" visitedSequencePoints="0" numBranchPoints="0" visitedBranchPoints="0" sequenceCoverage="0.0" branchCoverage="0" maxCyclomaticComplexity="2" minCyclomaticComplexity="2" maxCrapScore="6" minCrapScore="6" visitedClasses="0" numClasses="0" visitedMethods="0" numMethods="1" />
              <MetadataToken>100663324</MetadataToken>
              <Name>static System.Int32 Meryel.UnityCodeAssist.Editor.CommonTools::GetHashOfPath(System.String)</Name>
              <FileRef uid="4" />
              <SequencePoints>
                <SequencePoint vc="0" uspid="137" ordinal="0" offset="0" sl="55" sc="9" el="55" ec="9" bec="0" bev="0" fileid="4" />
                <SequencePoint vc="0" uspid="138" ordinal="0" offset="1" sl="56" sc="13" el="56" ec="13" bec="0" bev="0" fileid="4" />
                <SequencePoint vc="0" uspid="139" ordinal="0" offset="8" sl="57" sc="13" el="57" ec="13" bec="0" bev="0" fileid="4" />
                <SequencePoint vc="0" uspid="140" ordinal="0" offset="15" sl="58" sc="13" el="58" ec="13" bec="0" bev="0" fileid="4" />
                <SequencePoint vc="0" uspid="141" ordinal="0" offset="38" sl="59" sc="13" el="59" ec="13" bec="0" bev="0" fileid="4" />
                <SequencePoint vc="0" uspid="142" ordinal="0" offset="45" sl="61" sc="13" el="61" ec="13" bec="0" bev="0" fileid="4" />
                <SequencePoint vc="0" uspid="143" ordinal="0" offset="55" sl="62" sc="13" el="62" ec="13" bec="0" bev="0" fileid="4" />
                <SequencePoint vc="0" uspid="144" ordinal="0" offset="56" sl="63" sc="17" el="63" ec="17" bec="0" bev="0" fileid="4" />
                <SequencePoint vc="0" uspid="145" ordinal="0" offset="60" sl="64" sc="17" el="64" ec="17" bec="0" bev="0" fileid="4" />
                <SequencePoint vc="0" uspid="146" ordinal="0" offset="67" sl="65" sc="13" el="65" ec="13" bec="0" bev="0" fileid="4" />
                <SequencePoint vc="0" uspid="147" ordinal="0" offset="68" sl="67" sc="13" el="67" ec="13" bec="0" bev="0" fileid="4" />
                <SequencePoint vc="0" uspid="148" ordinal="0" offset="73" sl="68" sc="9" el="68" ec="9" bec="0" bev="0" fileid="4" />
              </SequencePoints>
              <BranchPoints />
            </Method>
          </Methods>
        </Class>
        <Class>
          <Summary numSequencePoints="23" visitedSequencePoints="0" numBranchPoints="0" visitedBranchPoints="0" sequenceCoverage="0.0" branchCoverage="0.0" maxCyclomaticComplexity="4" minCyclomaticComplexity="1" maxCrapScore="20" minCrapScore="2" visitedClasses="0" numClasses="1" visitedMethods="0" numMethods="20" />
          <FullName>Meryel.UnityCodeAssist.Editor.OSPath</FullName>
          <Methods>
            <Method visited="false" cyclomaticComplexity="1" nPathComplexity="0" sequenceCoverage="0.0" branchCoverage="0" crapScore="2" isConstructor="false" isStatic="true" isGetter="true" isSetter="false">
              <Summary numSequencePoints="1" visitedSequencePoints="0" numBranchPoints="0" visitedBranchPoints="0" sequenceCoverage="0.0" branchCoverage="0" maxCyclomaticComplexity="1" minCyclomaticComplexity="1" maxCrapScore="2" minCrapScore="2" visitedClasses="0" numClasses="0" visitedMethods="0" numMethods="1" />
              <MetadataToken>100663325</MetadataToken>
              <Name>static System.Boolean Meryel.UnityCodeAssist.Editor.OSPath::get_IsWindows()</Name>
              <FileRef uid="4" />
              <SequencePoints>
                <SequencePoint vc="0" uspid="149" ordinal="0" offset="0" sl="76" sc="0" el="76" ec="0" bec="0" bev="0" fileid="4" />
              </SequencePoints>
              <BranchPoints />
            </Method>
            <Method visited="false" cyclomaticComplexity="1" nPathComplexity="0" sequenceCoverage="0.0" branchCoverage="0" crapScore="2" isConstructor="false" isStatic="true" isGetter="false" isSetter="false">
              <Summary numSequencePoints="1" visitedSequencePoints="0" numBranchPoints="0" visitedBranchPoints="0" sequenceCoverage="0.0" branchCoverage="0" maxCyclomaticComplexity="1" minCyclomaticComplexity="1" maxCrapScore="2" minCrapScore="2" visitedClasses="0" numClasses="0" visitedMethods="0" numMethods="1" />
              <MetadataToken>100663327</MetadataToken>
              <Name>static Meryel.UnityCodeAssist.Editor.OSPath Meryel.UnityCodeAssist.Editor.OSPath::implicit operator Meryel.UnityCodeAssist.Editor.OSPath(System.String)</Name>
              <FileRef uid="4" />
              <SequencePoints>
                <SequencePoint vc="0" uspid="150" ordinal="0" offset="0" sl="83" sc="64" el="83" ec="64" bec="0" bev="0" fileid="4" />
              </SequencePoints>
              <BranchPoints />
            </Method>
            <Method visited="false" cyclomaticComplexity="1" nPathComplexity="0" sequenceCoverage="0.0" branchCoverage="0" crapScore="2" isConstructor="false" isStatic="true" isGetter="false" isSetter="false">
              <Summary numSequencePoints="1" visitedSequencePoints="0" numBranchPoints="0" visitedBranchPoints="0" sequenceCoverage="0.0" branchCoverage="0" maxCyclomaticComplexity="1" minCyclomaticComplexity="1" maxCrapScore="2" minCrapScore="2" visitedClasses="0" numClasses="0" visitedMethods="0" numMethods="1" />
              <MetadataToken>100663328</MetadataToken>
              <Name>static System.String Meryel.UnityCodeAssist.Editor.OSPath::implicit operator System.String(Meryel.UnityCodeAssist.Editor.OSPath)</Name>
              <FileRef uid="4" />
              <SequencePoints>
                <SequencePoint vc="0" uspid="151" ordinal="0" offset="0" sl="84" sc="0" el="84" ec="0" bec="0" bev="0" fileid="4" />
              </SequencePoints>
              <BranchPoints />
            </Method>
            <Method visited="false" cyclomaticComplexity="1" nPathComplexity="0" sequenceCoverage="0.0" branchCoverage="0" crapScore="2" isConstructor="false" isStatic="false" isGetter="false" isSetter="false">
              <Summary numSequencePoints="1" visitedSequencePoints="0" numBranchPoints="0" visitedBranchPoints="0" sequenceCoverage="0.0" branchCoverage="0" maxCyclomaticComplexity="1" minCyclomaticComplexity="1" maxCrapScore="2" minCrapScore="2" visitedClasses="0" numClasses="0" visitedMethods="0" numMethods="1" />
              <MetadataToken>100663329</MetadataToken>
              <Name>System.String Meryel.UnityCodeAssist.Editor.OSPath::ToString()</Name>
              <FileRef uid="4" />
              <SequencePoints>
                <SequencePoint vc="0" uspid="152" ordinal="0" offset="0" sl="85" sc="0" el="85" ec="0" bec="0" bev="0" fileid="4" />
              </SequencePoints>
              <BranchPoints />
            </Method>
            <Method visited="false" cyclomaticComplexity="1" nPathComplexity="0" sequenceCoverage="0.0" branchCoverage="0" crapScore="2" isConstructor="false" isStatic="false" isGetter="true" isSetter="false">
              <Summary numSequencePoints="1" visitedSequencePoints="0" numBranchPoints="0" visitedBranchPoints="0" sequenceCoverage="0.0" branchCoverage="0" maxCyclomaticComplexity="1" minCyclomaticComplexity="1" maxCrapScore="2" minCrapScore="2" visitedClasses="0" numClasses="0" visitedMethods="0" numMethods="1" />
              <MetadataToken>100663330</MetadataToken>
              <Name>System.String Meryel.UnityCodeAssist.Editor.OSPath::get_Text()</Name>
              <FileRef uid="4" />
              <SequencePoints>
                <SequencePoint vc="0" uspid="153" ordinal="0" offset="0" sl="87" sc="33" el="87" ec="33" bec="0" bev="0" fileid="4" />
              </SequencePoints>
              <BranchPoints />
            </Method>
            <Method visited="false" cyclomaticComplexity="2" nPathComplexity="0" sequenceCoverage="0.0" branchCoverage="0" crapScore="6" isConstructor="false" isStatic="false" isGetter="true" isSetter="false">
              <Summary numSequencePoints="1" visitedSequencePoints="0" numBranchPoints="0" visitedBranchPoints="0" sequenceCoverage="0.0" branchCoverage="0" maxCyclomaticComplexity="2" minCyclomaticComplexity="2" maxCrapScore="6" minCrapScore="6" visitedClasses="0" numClasses="0" visitedMethods="0" numMethods="1" />
              <MetadataToken>100663331</MetadataToken>
              <Name>System.String Meryel.UnityCodeAssist.Editor.OSPath::get_Normalized()</Name>
              <FileRef uid="4" />
              <SequencePoints>
                <SequencePoint vc="0" uspid="154" ordinal="0" offset="0" sl="89" sc="0" el="89" ec="0" bec="0" bev="0" fileid="4" />
              </SequencePoints>
              <BranchPoints />
            </Method>
            <Method visited="false" cyclomaticComplexity="1" nPathComplexity="0" sequenceCoverage="0.0" branchCoverage="0" crapScore="2" isConstructor="false" isStatic="false" isGetter="true" isSetter="false">
              <Summary numSequencePoints="1" visitedSequencePoints="0" numBranchPoints="0" visitedBranchPoints="0" sequenceCoverage="0.0" branchCoverage="0" maxCyclomaticComplexity="1" minCyclomaticComplexity="1" maxCrapScore="2" minCrapScore="2" visitedClasses="0" numClasses="0" visitedMethods="0" numMethods="1" />
              <MetadataToken>100663332</MetadataToken>
              <Name>System.String Meryel.UnityCodeAssist.Editor.OSPath::get_Windows()</Name>
              <FileRef uid="4" />
              <SequencePoints>
                <SequencePoint vc="0" uspid="155" ordinal="0" offset="0" sl="90" sc="0" el="90" ec="0" bec="0" bev="0" fileid="4" />
              </SequencePoints>
              <BranchPoints />
            </Method>
            <Method visited="false" cyclomaticComplexity="1" nPathComplexity="0" sequenceCoverage="0.0" branchCoverage="0" crapScore="2" isConstructor="false" isStatic="false" isGetter="true" isSetter="false">
              <Summary numSequencePoints="1" visitedSequencePoints="0" numBranchPoints="0" visitedBranchPoints="0" sequenceCoverage="0.0" branchCoverage="0" maxCyclomaticComplexity="1" minCyclomaticComplexity="1" maxCrapScore="2" minCrapScore="2" visitedClasses="0" numClasses="0" visitedMethods="0" numMethods="1" />
              <MetadataToken>100663333</MetadataToken>
              <Name>System.String Meryel.UnityCodeAssist.Editor.OSPath::get_Unix()</Name>
              <FileRef uid="4" />
              <SequencePoints>
                <SequencePoint vc="0" uspid="156" ordinal="0" offset="0" sl="92" sc="31" el="92" ec="31" bec="0" bev="0" fileid="4" />
              </SequencePoints>
              <BranchPoints />
            </Method>
            <Method visited="false" cyclomaticComplexity="1" nPathComplexity="0" sequenceCoverage="0.0" branchCoverage="0" crapScore="2" isConstructor="false" isStatic="false" isGetter="true" isSetter="false">
              <Summary numSequencePoints="1" visitedSequencePoints="0" numBranchPoints="0" visitedBranchPoints="0" sequenceCoverage="0.0" branchCoverage="0" maxCyclomaticComplexity="1" minCyclomaticComplexity="1" maxCrapScore="2" minCrapScore="2" visitedClasses="0" numClasses="0" visitedMethods="0" numMethods="1" />
              <MetadataToken>100663334</MetadataToken>
              <Name>Meryel.UnityCodeAssist.Editor.OSPath Meryel.UnityCodeAssist.Editor.OSPath::get_Relative()</Name>
              <FileRef uid="4" />
              <SequencePoints>
                <SequencePoint vc="0" uspid="157" ordinal="0" offset="0" sl="94" sc="0" el="94" ec="0" bec="0" bev="0" fileid="4" />
              </SequencePoints>
              <BranchPoints />
            </Method>
            <Method visited="false" cyclomaticComplexity="2" nPathComplexity="0" sequenceCoverage="0.0" branchCoverage="0" crapScore="6" isConstructor="false" isStatic="false" isGetter="true" isSetter="false">
              <Summary numSequencePoints="1" visitedSequencePoints="0" numBranchPoints="0" visitedBranchPoints="0" sequenceCoverage="0.0" branchCoverage="0" maxCyclomaticComplexity="2" minCyclomaticComplexity="2" maxCrapScore="6" minCrapScore="6" visitedClasses="0" numClasses="0" visitedMethods="0" numMethods="1" />
              <MetadataToken>100663335</MetadataToken>
              <Name>Meryel.UnityCodeAssist.Editor.OSPath Meryel.UnityCodeAssist.Editor.OSPath::get_Absolute()</Name>
              <FileRef uid="4" />
              <SequencePoints>
                <SequencePoint vc="0" uspid="158" ordinal="0" offset="0" sl="95" sc="0" el="95" ec="0" bec="0" bev="0" fileid="4" />
              </SequencePoints>
              <BranchPoints />
            </Method>
            <Method visited="false" cyclomaticComplexity="2" nPathComplexity="0" sequenceCoverage="0.0" branchCoverage="0" crapScore="6" isConstructor="false" isStatic="false" isGetter="true" isSetter="false">
              <Summary numSequencePoints="1" visitedSequencePoints="0" numBranchPoints="0" visitedBranchPoints="0" sequenceCoverage="0.0" branchCoverage="0" maxCyclomaticComplexity="2" minCyclomaticComplexity="2" maxCrapScore="6" minCrapScore="6" visitedClasses="0" numClasses="0" visitedMethods="0" numMethods="1" />
              <MetadataToken>100663336</MetadataToken>
              <Name>System.Boolean Meryel.UnityCodeAssist.Editor.OSPath::get_IsAbsolute()</Name>
              <FileRef uid="4" />
              <SequencePoints>
                <SequencePoint vc="0" uspid="159" ordinal="0" offset="0" sl="97" sc="0" el="97" ec="0" bec="0" bev="0" fileid="4" />
              </SequencePoints>
              <BranchPoints />
            </Method>
            <Method visited="false" cyclomaticComplexity="4" nPathComplexity="0" sequenceCoverage="0.0" branchCoverage="0" crapScore="20" isConstructor="false" isStatic="false" isGetter="true" isSetter="false">
              <Summary numSequencePoints="1" visitedSequencePoints="0" numBranchPoints="0" visitedBranchPoints="0" sequenceCoverage="0.0" branchCoverage="0" maxCyclomaticComplexity="4" minCyclomaticComplexity="4" maxCrapScore="20" minCrapScore="20" visitedClasses="0" numClasses="0" visitedMethods="0" numMethods="1" />
              <MetadataToken>100663337</MetadataToken>
              <Name>System.Boolean Meryel.UnityCodeAssist.Editor.OSPath::get_IsRooted()</Name>
              <FileRef uid="4" />
              <SequencePoints>
                <SequencePoint vc="0" uspid="160" ordinal="0" offset="0" sl="98" sc="0" el="98" ec="0" bec="0" bev="0" fileid="4" />
              </SequencePoints>
              <BranchPoints />
            </Method>
            <Method visited="false" cyclomaticComplexity="2" nPathComplexity="0" sequenceCoverage="0.0" branchCoverage="0" crapScore="6" isConstructor="false" isStatic="false" isGetter="true" isSetter="false">
              <Summary numSequencePoints="1" visitedSequencePoints="0" numBranchPoints="0" visitedBranchPoints="0" sequenceCoverage="0.0" branchCoverage="0" maxCyclomaticComplexity="2" minCyclomaticComplexity="2" maxCrapScore="6" minCrapScore="6" visitedClasses="0" numClasses="0" visitedMethods="0" numMethods="1" />
              <MetadataToken>100663338</MetadataToken>
              <Name>System.Boolean Meryel.UnityCodeAssist.Editor.OSPath::get_HasVolume()</Name>
              <FileRef uid="4" />
              <SequencePoints>
                <SequencePoint vc="0" uspid="161" ordinal="0" offset="0" sl="99" sc="0" el="99" ec="0" bec="0" bev="0" fileid="4" />
              </SequencePoints>
              <BranchPoints />
            </Method>
            <Method visited="false" cyclomaticComplexity="2" nPathComplexity="0" sequenceCoverage="0.0" branchCoverage="0" crapScore="6" isConstructor="false" isStatic="false" isGetter="true" isSetter="false">
              <Summary numSequencePoints="1" visitedSequencePoints="0" numBranchPoints="0" visitedBranchPoints="0" sequenceCoverage="0.0" branchCoverage="0" maxCyclomaticComplexity="2" minCyclomaticComplexity="2" maxCrapScore="6" minCrapScore="6" visitedClasses="0" numClasses="0" visitedMethods="0" numMethods="1" />
              <MetadataToken>100663339</MetadataToken>
              <Name>Meryel.UnityCodeAssist.Editor.OSPath Meryel.UnityCodeAssist.Editor.OSPath::get_Simplified()</Name>
              <FileRef uid="4" />
              <SequencePoints>
                <SequencePoint vc="0" uspid="162" ordinal="0" offset="0" sl="100" sc="0" el="100" ec="0" bec="0" bev="0" fileid="4" />
              </SequencePoints>
              <BranchPoints />
            </Method>
            <Method visited="false" cyclomaticComplexity="1" nPathComplexity="0" sequenceCoverage="0.0" branchCoverage="0" crapScore="2" isConstructor="false" isStatic="false" isGetter="true" isSetter="false">
              <Summary numSequencePoints="1" visitedSequencePoints="0" numBranchPoints="0" visitedBranchPoints="0" sequenceCoverage="0.0" branchCoverage="0" maxCyclomaticComplexity="1" minCyclomaticComplexity="1" maxCrapScore="2" minCrapScore="2" visitedClasses="0" numClasses="0" visitedMethods="0" numMethods="1" />
              <MetadataToken>100663340</MetadataToken>
              <Name>Meryel.UnityCodeAssist.Editor.OSPath Meryel.UnityCodeAssist.Editor.OSPath::get_Parent()</Name>
              <FileRef uid="4" />
              <SequencePoints>
                <SequencePoint vc="0" uspid="163" ordinal="0" offset="0" sl="102" sc="0" el="102" ec="0" bec="0" bev="0" fileid="4" />
              </SequencePoints>
              <BranchPoints />
            </Method>
            <Method visited="false" cyclomaticComplexity="1" nPathComplexity="0" sequenceCoverage="0.0" branchCoverage="0" crapScore="2" isConstructor="false" isStatic="false" isGetter="false" isSetter="false">
              <Summary numSequencePoints="1" visitedSequencePoints="0" numBranchPoints="0" visitedBranchPoints="0" sequenceCoverage="0.0" branchCoverage="0" maxCyclomaticComplexity="1" minCyclomaticComplexity="1" maxCrapScore="2" minCrapScore="2" visitedClasses="0" numClasses="0" visitedMethods="0" numMethods="1" />
              <MetadataToken>100663341</MetadataToken>
              <Name>System.Boolean Meryel.UnityCodeAssist.Editor.OSPath::Contains(Meryel.UnityCodeAssist.Editor.OSPath)</Name>
              <FileRef uid="4" />
              <SequencePoints>
                <SequencePoint vc="0" uspid="164" ordinal="0" offset="0" sl="105" sc="0" el="105" ec="0" bec="0" bev="0" fileid="4" />
              </SequencePoints>
              <BranchPoints />
            </Method>
            <Method visited="false" cyclomaticComplexity="1" nPathComplexity="0" sequenceCoverage="0.0" branchCoverage="0" crapScore="2" isConstructor="false" isStatic="true" isGetter="false" isSetter="false">
              <Summary numSequencePoints="1" visitedSequencePoints="0" numBranchPoints="0" visitedBranchPoints="0" sequenceCoverage="0.0" branchCoverage="0" maxCyclomaticComplexity="1" minCyclomaticComplexity="1" maxCrapScore="2" minCrapScore="2" visitedClasses="0" numClasses="0" visitedMethods="0" numMethods="1" />
              <MetadataToken>100663342</MetadataToken>
              <Name>static Meryel.UnityCodeAssist.Editor.OSPath Meryel.UnityCodeAssist.Editor.OSPath::operator+(Meryel.UnityCodeAssist.Editor.OSPath, Meryel.UnityCodeAssist.Editor.OSPath)</Name>
              <FileRef uid="4" />
              <SequencePoints>
                <SequencePoint vc="0" uspid="165" ordinal="0" offset="0" sl="108" sc="0" el="108" ec="0" bec="0" bev="0" fileid="4" />
              </SequencePoints>
              <BranchPoints />
            </Method>
            <Method visited="false" cyclomaticComplexity="3" nPathComplexity="0" sequenceCoverage="0.0" branchCoverage="0" crapScore="12" isConstructor="false" isStatic="true" isGetter="false" isSetter="false">
              <Summary numSequencePoints="1" visitedSequencePoints="0" numBranchPoints="0" visitedBranchPoints="0" sequenceCoverage="0.0" branchCoverage="0" maxCyclomaticComplexity="3" minCyclomaticComplexity="3" maxCrapScore="12" minCrapScore="12" visitedClasses="0" numClasses="0" visitedMethods="0" numMethods="1" />
              <MetadataToken>100663343</MetadataToken>
              <Name>static Meryel.UnityCodeAssist.Editor.OSPath Meryel.UnityCodeAssist.Editor.OSPath::operator-(Meryel.UnityCodeAssist.Editor.OSPath, Meryel.UnityCodeAssist.Editor.OSPath)</Name>
              <FileRef uid="4" />
              <SequencePoints>
                <SequencePoint vc="0" uspid="166" ordinal="0" offset="0" sl="111" sc="0" el="111" ec="0" bec="0" bev="0" fileid="4" />
              </SequencePoints>
              <BranchPoints />
            </Method>
            <Method visited="false" cyclomaticComplexity="1" nPathComplexity="0" sequenceCoverage="0.0" branchCoverage="0" crapScore="2" isConstructor="true" isStatic="false" isGetter="false" isSetter="false">
              <Summary numSequencePoints="4" visitedSequencePoints="0" numBranchPoints="0" visitedBranchPoints="0" sequenceCoverage="0.0" branchCoverage="0" maxCyclomaticComplexity="1" minCyclomaticComplexity="1" maxCrapScore="2" minCrapScore="2" visitedClasses="0" numClasses="0" visitedMethods="0" numMethods="1" />
              <MetadataToken>100663326</MetadataToken>
              <Name>Meryel.UnityCodeAssist.Editor.OSPath::OSPath(System.String)</Name>
              <FileRef uid="4" />
              <SequencePoints>
                <SequencePoint vc="0" uspid="167" ordinal="0" offset="0" sl="78" sc="9" el="78" ec="9" bec="0" bev="0" fileid="4" />
                <SequencePoint vc="0" uspid="168" ordinal="0" offset="7" sl="79" sc="9" el="79" ec="9" bec="0" bev="0" fileid="4" />
                <SequencePoint vc="0" uspid="169" ordinal="0" offset="8" sl="80" sc="13" el="80" ec="13" bec="0" bev="0" fileid="4" />
                <SequencePoint vc="0" uspid="170" ordinal="0" offset="20" sl="81" sc="9" el="81" ec="9" bec="0" bev="0" fileid="4" />
              </SequencePoints>
              <BranchPoints />
            </Method>
            <Method visited="false" cyclomaticComplexity="1" nPathComplexity="0" sequenceCoverage="0.0" branchCoverage="0" crapScore="2" isConstructor="true" isStatic="true" isGetter="false" isSetter="false">
              <Summary numSequencePoints="1" visitedSequencePoints="0" numBranchPoints="0" visitedBranchPoints="0" sequenceCoverage="0.0" branchCoverage="0" maxCyclomaticComplexity="1" minCyclomaticComplexity="1" maxCrapScore="2" minCrapScore="2" visitedClasses="0" numClasses="0" visitedMethods="0" numMethods="1" />
              <MetadataToken>100663344</MetadataToken>
              <Name>static Meryel.UnityCodeAssist.Editor.OSPath::OSPath()</Name>
              <FileRef uid="4" />
              <SequencePoints>
                <SequencePoint vc="0" uspid="171" ordinal="0" offset="0" sl="74" sc="9" el="74" ec="9" bec="0" bev="0" fileid="4" />
              </SequencePoints>
              <BranchPoints />
            </Method>
          </Methods>
        </Class>
        <Class>
          <Summary numSequencePoints="11" visitedSequencePoints="0" numBranchPoints="0" visitedBranchPoints="0" sequenceCoverage="0.0" branchCoverage="0.0" maxCyclomaticComplexity="2" minCyclomaticComplexity="1" maxCrapScore="6" minCrapScore="2" visitedClasses="0" numClasses="1" visitedMethods="0" numMethods="3" />
          <FullName>Meryel.UnityCodeAssist.Editor.MainThreadDispatcher</FullName>
          <Methods>
            <Method visited="false" cyclomaticComplexity="2" nPathComplexity="0" sequenceCoverage="0.0" branchCoverage="0" crapScore="6" isConstructor="false" isStatic="true" isGetter="false" isSetter="false">
              <Summary numSequencePoints="6" visitedSequencePoints="0" numBranchPoints="0" visitedBranchPoints="0" sequenceCoverage="0.0" branchCoverage="0" maxCyclomaticComplexity="2" minCyclomaticComplexity="2" maxCrapScore="6" minCrapScore="6" visitedClasses="0" numClasses="0" visitedMethods="0" numMethods="1" />
              <MetadataToken>100663346</MetadataToken>
              <Name>static System.Void Meryel.UnityCodeAssist.Editor.MainThreadDispatcher::Update()</Name>
              <FileRef uid="5" />
              <SequencePoints>
                <SequencePoint vc="0" uspid="172" ordinal="0" offset="0" sl="26" sc="9" el="26" ec="9" bec="0" bev="0" fileid="5" />
                <SequencePoint vc="0" uspid="173" ordinal="0" offset="1" sl="27" sc="13" el="27" ec="13" bec="0" bev="0" fileid="5" />
                <SequencePoint vc="0" uspid="174" ordinal="0" offset="17" sl="28" sc="13" el="28" ec="13" bec="0" bev="0" fileid="5" />
                <SequencePoint vc="0" uspid="175" ordinal="0" offset="18" sl="29" sc="17" el="29" ec="17" bec="0" bev="0" fileid="5" />
                <SequencePoint vc="0" uspid="176" ordinal="0" offset="25" sl="30" sc="13" el="30" ec="13" bec="0" bev="0" fileid="5" />
                <SequencePoint vc="0" uspid="177" ordinal="0" offset="28" sl="31" sc="9" el="31" ec="9" bec="0" bev="0" fileid="5" />
              </SequencePoints>
              <BranchPoints />
            </Method>
            <Method visited="false" cyclomaticComplexity="1" nPathComplexity="0" sequenceCoverage="0.0" branchCoverage="0" crapScore="2" isConstructor="false" isStatic="true" isGetter="false" isSetter="false">
              <Summary numSequencePoints="1" visitedSequencePoints="0" numBranchPoints="0" visitedBranchPoints="0" sequenceCoverage="0.0" branchCoverage="0" maxCyclomaticComplexity="1" minCyclomaticComplexity="1" maxCrapScore="2" minCrapScore="2" visitedClasses="0" numClasses="0" visitedMethods="0" numMethods="1" />
              <MetadataToken>100663347</MetadataToken>
              <Name>static System.Void Meryel.UnityCodeAssist.Editor.MainThreadDispatcher::Add(System.Action)</Name>
              <FileRef uid="5" />
              <SequencePoints>
                <SequencePoint vc="0" uspid="178" ordinal="0" offset="0" sl="33" sc="0" el="33" ec="0" bec="0" bev="0" fileid="5" />
              </SequencePoints>
              <BranchPoints />
            </Method>
            <Method visited="false" cyclomaticComplexity="1" nPathComplexity="0" sequenceCoverage="0.0" branchCoverage="0" crapScore="2" isConstructor="true" isStatic="true" isGetter="false" isSetter="false">
              <Summary numSequencePoints="4" visitedSequencePoints="0" numBranchPoints="0" visitedBranchPoints="0" sequenceCoverage="0.0" branchCoverage="0" maxCyclomaticComplexity="1" minCyclomaticComplexity="1" maxCrapScore="2" minCrapScore="2" visitedClasses="0" numClasses="0" visitedMethods="0" numMethods="1" />
              <MetadataToken>100663345</MetadataToken>
              <Name>static Meryel.UnityCodeAssist.Editor.MainThreadDispatcher::MainThreadDispatcher()</Name>
              <FileRef uid="5" />
              <SequencePoints>
                <SequencePoint vc="0" uspid="179" ordinal="0" offset="0" sl="20" sc="9" el="20" ec="9" bec="0" bev="0" fileid="5" />
                <SequencePoint vc="0" uspid="180" ordinal="0" offset="1" sl="21" sc="13" el="21" ec="13" bec="0" bev="0" fileid="5" />
                <SequencePoint vc="0" uspid="181" ordinal="0" offset="11" sl="22" sc="13" el="22" ec="13" bec="0" bev="0" fileid="5" />
                <SequencePoint vc="0" uspid="182" ordinal="0" offset="43" sl="23" sc="9" el="23" ec="9" bec="0" bev="0" fileid="5" />
              </SequencePoints>
              <BranchPoints />
            </Method>
          </Methods>
        </Class>
        <Class>
          <Summary numSequencePoints="154" visitedSequencePoints="0" numBranchPoints="0" visitedBranchPoints="0" sequenceCoverage="0.0" branchCoverage="0.0" maxCyclomaticComplexity="7" minCyclomaticComplexity="1" maxCrapScore="56" minCrapScore="2" visitedClasses="0" numClasses="1" visitedMethods="0" numMethods="15" />
          <FullName>Meryel.UnityCodeAssist.Editor.Monitor</FullName>
          <Methods>
            <Method visited="false" cyclomaticComplexity="1" nPathComplexity="0" sequenceCoverage="0.0" branchCoverage="0" crapScore="2" isConstructor="false" isStatic="true" isGetter="false" isSetter="false">
              <Summary numSequencePoints="3" visitedSequencePoints="0" numBranchPoints="0" visitedBranchPoints="0" sequenceCoverage="0.0" branchCoverage="0" maxCyclomaticComplexity="1" minCyclomaticComplexity="1" maxCrapScore="2" minCrapScore="2" visitedClasses="0" numClasses="0" visitedMethods="0" numMethods="1" />
              <MetadataToken>100663349</MetadataToken>
              <Name>static System.Void Meryel.UnityCodeAssist.Editor.Monitor::EditorSceneManager_activeSceneChangedInEditMode(UnityEngine.SceneManagement.Scene, UnityEngine.SceneManagement.Scene)</Name>
              <FileRef uid="6" />
              <SequencePoints>
                <SequencePoint vc="0" uspid="183" ordinal="0" offset="0" sl="55" sc="0" el="55" ec="0" bec="0" bev="0" fileid="6" />
                <SequencePoint vc="0" uspid="184" ordinal="0" offset="1" sl="57" sc="0" el="57" ec="0" bec="0" bev="0" fileid="6" />
                <SequencePoint vc="0" uspid="185" ordinal="0" offset="7" sl="58" sc="0" el="58" ec="0" bec="0" bev="0" fileid="6" />
              </SequencePoints>
              <BranchPoints />
            </Method>
            <Method visited="false" cyclomaticComplexity="1" nPathComplexity="0" sequenceCoverage="0.0" branchCoverage="0" crapScore="2" isConstructor="false" isStatic="true" isGetter="false" isSetter="false">
              <Summary numSequencePoints="4" visitedSequencePoints="0" numBranchPoints="0" visitedBranchPoints="0" sequenceCoverage="0.0" branchCoverage="0" maxCyclomaticComplexity="1" minCyclomaticComplexity="1" maxCrapScore="2" minCrapScore="2" visitedClasses="0" numClasses="0" visitedMethods="0" numMethods="1" />
              <MetadataToken>100663350</MetadataToken>
              <Name>static System.Void Meryel.UnityCodeAssist.Editor.Monitor::EditorSceneManager_sceneOpened(UnityEngine.SceneManagement.Scene, UnityEditor.SceneManagement.OpenSceneMode)</Name>
              <FileRef uid="6" />
              <SequencePoints>
                <SequencePoint vc="0" uspid="186" ordinal="0" offset="0" sl="61" sc="0" el="61" ec="0" bec="0" bev="0" fileid="6" />
                <SequencePoint vc="0" uspid="187" ordinal="0" offset="1" sl="62" sc="0" el="62" ec="0" bec="0" bev="0" fileid="6" />
                <SequencePoint vc="0" uspid="188" ordinal="0" offset="25" sl="64" sc="0" el="64" ec="0" bec="0" bev="0" fileid="6" />
                <SequencePoint vc="0" uspid="189" ordinal="0" offset="31" sl="65" sc="0" el="65" ec="0" bec="0" bev="0" fileid="6" />
              </SequencePoints>
              <BranchPoints />
            </Method>
            <Method visited="false" cyclomaticComplexity="5" nPathComplexity="0" sequenceCoverage="0.0" branchCoverage="0" crapScore="30" isConstructor="false" isStatic="true" isGetter="false" isSetter="false">
              <Summary numSequencePoints="28" visitedSequencePoints="0" numBranchPoints="0" visitedBranchPoints="0" sequenceCoverage="0.0" branchCoverage="0" maxCyclomaticComplexity="5" minCyclomaticComplexity="5" maxCrapScore="30" minCrapScore="30" visitedClasses="0" numClasses="0" visitedMethods="0" numMethods="1" />
              <MetadataToken>100663351</MetadataToken>
              <Name>static System.Void Meryel.UnityCodeAssist.Editor.Monitor::OnUpdate()</Name>
              <FileRef uid="6" />
              <SequencePoints>
                <SequencePoint vc="0" uspid="190" ordinal="0" offset="0" sl="68" sc="9" el="68" ec="9" bec="0" bev="0" fileid="6" />
                <SequencePoint vc="0" uspid="191" ordinal="0" offset="1" sl="69" sc="13" el="69" ec="13" bec="0" bev="0" fileid="6" />
                <SequencePoint vc="0" uspid="192" ordinal="0" offset="3" sl="70" sc="13" el="70" ec="13" bec="0" bev="0" fileid="6" />
                <SequencePoint vc="0" uspid="193" ordinal="0" offset="17" sl="71" sc="17" el="71" ec="17" bec="0" bev="0" fileid="6" />
                <SequencePoint vc="0" uspid="194" ordinal="0" offset="33" sl="73" sc="13" el="73" ec="13" bec="0" bev="0" fileid="6" />
                <SequencePoint vc="0" uspid="195" ordinal="0" offset="39" sl="75" sc="13" el="75" ec="13" bec="0" bev="0" fileid="6" />
                <SequencePoint vc="0" uspid="196" ordinal="0" offset="40" sl="76" sc="17" el="76" ec="17" bec="0" bev="0" fileid="6" />
                <SequencePoint vc="0" uspid="197" ordinal="0" offset="51" sl="77" sc="13" el="77" ec="13" bec="0" bev="0" fileid="6" />
                <SequencePoint vc="0" uspid="198" ordinal="0" offset="54" sl="78" sc="13" el="78" ec="13" bec="0" bev="0" fileid="6" />
                <SequencePoint vc="0" uspid="199" ordinal="0" offset="55" sl="79" sc="13" el="79" ec="13" bec="0" bev="0" fileid="6" />
                <SequencePoint vc="0" uspid="200" ordinal="0" offset="56" sl="80" sc="17" el="80" ec="17" bec="0" bev="0" fileid="6" />
                <SequencePoint vc="0" uspid="201" ordinal="0" offset="73" sl="81" sc="13" el="81" ec="13" bec="0" bev="0" fileid="6" />
                <SequencePoint vc="0" uspid="202" ordinal="0" offset="76" sl="82" sc="13" el="82" ec="13" bec="0" bev="0" fileid="6" />
                <SequencePoint vc="0" uspid="203" ordinal="0" offset="93" sl="83" sc="13" el="83" ec="13" bec="0" bev="0" fileid="6" />
                <SequencePoint vc="0" uspid="204" ordinal="0" offset="94" sl="84" sc="17" el="84" ec="17" bec="0" bev="0" fileid="6" />
                <SequencePoint vc="0" uspid="205" ordinal="0" offset="100" sl="85" sc="17" el="85" ec="17" bec="0" bev="0" fileid="6" />
                <SequencePoint vc="0" uspid="206" ordinal="0" offset="106" sl="86" sc="13" el="86" ec="13" bec="0" bev="0" fileid="6" />
                <SequencePoint vc="0" uspid="207" ordinal="0" offset="109" sl="87" sc="18" el="87" ec="18" bec="0" bev="0" fileid="6" />
                <SequencePoint vc="0" uspid="208" ordinal="0" offset="126" sl="88" sc="13" el="88" ec="13" bec="0" bev="0" fileid="6" />
                <SequencePoint vc="0" uspid="209" ordinal="0" offset="127" sl="90" sc="17" el="90" ec="17" bec="0" bev="0" fileid="6" />
                <SequencePoint vc="0" uspid="210" ordinal="0" offset="133" sl="91" sc="13" el="91" ec="13" bec="0" bev="0" fileid="6" />
                <SequencePoint vc="0" uspid="211" ordinal="0" offset="134" sl="94" sc="13" el="94" ec="13" bec="0" bev="0" fileid="6" />
                <SequencePoint vc="0" uspid="212" ordinal="0" offset="155" sl="95" sc="13" el="95" ec="13" bec="0" bev="0" fileid="6" />
                <SequencePoint vc="0" uspid="213" ordinal="0" offset="156" sl="96" sc="17" el="96" ec="17" bec="0" bev="0" fileid="6" />
                <SequencePoint vc="0" uspid="214" ordinal="0" offset="166" sl="97" sc="17" el="97" ec="17" bec="0" bev="0" fileid="6" />
                <SequencePoint vc="0" uspid="215" ordinal="0" offset="177" sl="98" sc="17" el="98" ec="17" bec="0" bev="0" fileid="6" />
                <SequencePoint vc="0" uspid="216" ordinal="0" offset="193" sl="99" sc="13" el="99" ec="13" bec="0" bev="0" fileid="6" />
                <SequencePoint vc="0" uspid="217" ordinal="0" offset="194" sl="100" sc="9" el="100" ec="9" bec="0" bev="0" fileid="6" />
              </SequencePoints>
              <BranchPoints />
            </Method>
            <Method visited="false" cyclomaticComplexity="1" nPathComplexity="0" sequenceCoverage="0.0" branchCoverage="0" crapScore="2" isConstructor="false" isStatic="true" isGetter="false" isSetter="false">
              <Summary numSequencePoints="4" visitedSequencePoints="0" numBranchPoints="0" visitedBranchPoints="0" sequenceCoverage="0.0" branchCoverage="0" maxCyclomaticComplexity="1" minCyclomaticComplexity="1" maxCrapScore="2" minCrapScore="2" visitedClasses="0" numClasses="0" visitedMethods="0" numMethods="1" />
              <MetadataToken>100663352</MetadataToken>
              <Name>static System.Void Meryel.UnityCodeAssist.Editor.Monitor::OnTagsOrLayersModified()</Name>
              <FileRef uid="6" />
              <SequencePoints>
                <SequencePoint vc="0" uspid="218" ordinal="0" offset="0" sl="103" sc="0" el="103" ec="0" bec="0" bev="0" fileid="6" />
                <SequencePoint vc="0" uspid="219" ordinal="0" offset="1" sl="104" sc="0" el="104" ec="0" bec="0" bev="0" fileid="6" />
                <SequencePoint vc="0" uspid="220" ordinal="0" offset="17" sl="106" sc="0" el="106" ec="0" bec="0" bev="0" fileid="6" />
                <SequencePoint vc="0" uspid="221" ordinal="0" offset="23" sl="107" sc="0" el="107" ec="0" bec="0" bev="0" fileid="6" />
              </SequencePoints>
              <BranchPoints />
            </Method>
            <Method visited="false" cyclomaticComplexity="4" nPathComplexity="0" sequenceCoverage="0.0" branchCoverage="0" crapScore="20" isConstructor="false" isStatic="true" isGetter="false" isSetter="false">
              <Summary numSequencePoints="6" visitedSequencePoints="0" numBranchPoints="0" visitedBranchPoints="0" sequenceCoverage="0.0" branchCoverage="0" maxCyclomaticComplexity="4" minCyclomaticComplexity="4" maxCrapScore="20" minCrapScore="20" visitedClasses="0" numClasses="0" visitedMethods="0" numMethods="1" />
              <MetadataToken>100663353</MetadataToken>
              <Name>static System.Void Meryel.UnityCodeAssist.Editor.Monitor::OnHierarchyChanged()</Name>
              <FileRef uid="6" />
              <SequencePoints>
                <SequencePoint vc="0" uspid="222" ordinal="0" offset="0" sl="110" sc="9" el="110" ec="9" bec="0" bev="0" fileid="6" />
                <SequencePoint vc="0" uspid="223" ordinal="0" offset="1" sl="111" sc="13" el="111" ec="13" bec="0" bev="0" fileid="6" />
                <SequencePoint vc="0" uspid="224" ordinal="0" offset="17" sl="114" sc="13" el="114" ec="13" bec="0" bev="0" fileid="6" />
                <SequencePoint vc="0" uspid="225" ordinal="0" offset="34" sl="116" sc="13" el="116" ec="13" bec="0" bev="0" fileid="6" />
                <SequencePoint vc="0" uspid="226" ordinal="0" offset="45" sl="117" sc="17" el="117" ec="17" bec="0" bev="0" fileid="6" />
                <SequencePoint vc="0" uspid="227" ordinal="0" offset="63" sl="119" sc="9" el="119" ec="9" bec="0" bev="0" fileid="6" />
              </SequencePoints>
              <BranchPoints />
            </Method>
            <Method visited="false" cyclomaticComplexity="4" nPathComplexity="0" sequenceCoverage="0.0" branchCoverage="0" crapScore="20" isConstructor="false" isStatic="true" isGetter="false" isSetter="false">
              <Summary numSequencePoints="12" visitedSequencePoints="0" numBranchPoints="0" visitedBranchPoints="0" sequenceCoverage="0.0" branchCoverage="0" maxCyclomaticComplexity="4" minCyclomaticComplexity="4" maxCrapScore="20" minCrapScore="20" visitedClasses="0" numClasses="0" visitedMethods="0" numMethods="1" />
              <MetadataToken>100663354</MetadataToken>
              <Name>static UnityEditor.UndoPropertyModification[] Meryel.UnityCodeAssist.Editor.Monitor::MyPostprocessModificationsCallback(UnityEditor.UndoPropertyModification[])</Name>
              <FileRef uid="6" />
              <SequencePoints>
                <SequencePoint vc="0" uspid="228" ordinal="0" offset="0" sl="122" sc="0" el="122" ec="0" bec="0" bev="0" fileid="6" />
                <SequencePoint vc="0" uspid="229" ordinal="0" offset="1" sl="123" sc="0" el="123" ec="0" bec="0" bev="0" fileid="6" />
                <SequencePoint vc="0" uspid="230" ordinal="0" offset="17" sl="125" sc="0" el="125" ec="0" bec="0" bev="0" fileid="6" />
                <SequencePoint vc="0" uspid="231" ordinal="0" offset="18" sl="125" sc="0" el="125" ec="0" bec="0" bev="0" fileid="6" />
                <SequencePoint vc="0" uspid="232" ordinal="0" offset="24" sl="125" sc="0" el="125" ec="0" bec="0" bev="0" fileid="6" />
                <SequencePoint vc="0" uspid="233" ordinal="0" offset="32" sl="126" sc="0" el="126" ec="0" bec="0" bev="0" fileid="6" />
                <SequencePoint vc="0" uspid="234" ordinal="0" offset="33" sl="127" sc="0" el="127" ec="0" bec="0" bev="0" fileid="6" />
                <SequencePoint vc="0" uspid="235" ordinal="0" offset="52" sl="128" sc="0" el="128" ec="0" bec="0" bev="0" fileid="6" />
                <SequencePoint vc="0" uspid="236" ordinal="0" offset="59" sl="129" sc="0" el="129" ec="0" bec="0" bev="0" fileid="6" />
                <SequencePoint vc="0" uspid="237" ordinal="0" offset="64" sl="125" sc="0" el="125" ec="0" bec="0" bev="0" fileid="6" />
                <SequencePoint vc="0" uspid="238" ordinal="0" offset="70" sl="132" sc="0" el="132" ec="0" bec="0" bev="0" fileid="6" />
                <SequencePoint vc="0" uspid="239" ordinal="0" offset="75" sl="133" sc="0" el="133" ec="0" bec="0" bev="0" fileid="6" />
              </SequencePoints>
              <BranchPoints />
            </Method>
            <Method visited="false" cyclomaticComplexity="1" nPathComplexity="0" sequenceCoverage="0.0" branchCoverage="0" crapScore="2" isConstructor="false" isStatic="true" isGetter="false" isSetter="false">
[...]
                <SequencePoint vc="0" uspid="3289" ordinal="0" offset="1" sl="74" sc="0" el="74" ec="0" bec="0" bev="0" fileid="40" />
                <SequencePoint vc="0" uspid="3290" ordinal="0" offset="14" sl="75" sc="0" el="75" ec="0" bec="0" bev="0" fileid="40" />
                <SequencePoint vc="0" uspid="3291" ordinal="0" offset="30" sl="76" sc="0" el="76" ec="0" bec="0" bev="0" fileid="40" />
                <SequencePoint vc="0" uspid="3292" ordinal="0" offset="31" sl="77" sc="0" el="77" ec="0" bec="0" bev="0" fileid="40" />
                <SequencePoint vc="0" uspid="3293" ordinal="0" offset="58" sl="78" sc="0" el="78" ec="0" bec="0" bev="0" fileid="40" />
                <SequencePoint vc="0" uspid="3294" ordinal="0" offset="59" sl="79" sc="0" el="79" ec="0" bec="0" bev="0" fileid="40" />
              </SequencePoints>
              <BranchPoints />
            </Method>
            <Method visited="false" cyclomaticComplexity="2" nPathComplexity="0" sequenceCoverage="0.0" branchCoverage="0" crapScore="6" isConstructor="false" isStatic="false" isGetter="false" isSetter="false">
              <Summary numSequencePoints="7" visitedSequencePoints="0" numBranchPoints="0" visitedBranchPoints="0" sequenceCoverage="0.0" branchCoverage="0" maxCyclomaticComplexity="2" minCyclomaticComplexity="2" maxCrapScore="6" minCrapScore="6" visitedClasses="0" numClasses="0" visitedMethods="0" numMethods="1" />
              <MetadataToken>100663346</MetadataToken>
              <Name>System.Void FrostfallSaga.Grid.Cells.Cell::SetCellMouseEventsControllerFromGameObjectTree()</Name>
              <FileRef uid="40" />
              <SequencePoints>
                <SequencePoint vc="0" uspid="3295" ordinal="0" offset="0" sl="82" sc="0" el="82" ec="0" bec="0" bev="0" fileid="40" />
                <SequencePoint vc="0" uspid="3296" ordinal="0" offset="1" sl="83" sc="0" el="83" ec="0" bec="0" bev="0" fileid="40" />
                <SequencePoint vc="0" uspid="3297" ordinal="0" offset="14" sl="84" sc="0" el="84" ec="0" bec="0" bev="0" fileid="40" />
                <SequencePoint vc="0" uspid="3298" ordinal="0" offset="30" sl="85" sc="0" el="85" ec="0" bec="0" bev="0" fileid="40" />
                <SequencePoint vc="0" uspid="3299" ordinal="0" offset="31" sl="86" sc="0" el="86" ec="0" bec="0" bev="0" fileid="40" />
                <SequencePoint vc="0" uspid="3300" ordinal="0" offset="58" sl="87" sc="0" el="87" ec="0" bec="0" bev="0" fileid="40" />
                <SequencePoint vc="0" uspid="3301" ordinal="0" offset="59" sl="88" sc="0" el="88" ec="0" bec="0" bev="0" fileid="40" />
              </SequencePoints>
              <BranchPoints />
            </Method>
          </Methods>
        </Class>
        <Class>
          <Summary numSequencePoints="28" visitedSequencePoints="0" numBranchPoints="0" visitedBranchPoints="0" sequenceCoverage="0.0" branchCoverage="0.0" maxCyclomaticComplexity="4" minCyclomaticComplexity="1" maxCrapScore="20" minCrapScore="2" visitedClasses="0" numClasses="1" visitedMethods="0" numMethods="5" />
          <FullName>FrostfallSaga.Grid.Cells.CellMouseEventsController</FullName>
          <Methods>
            <Method visited="false" cyclomaticComplexity="1" nPathComplexity="0" sequenceCoverage="0.0" branchCoverage="0" crapScore="2" isConstructor="false" isStatic="false" isGetter="false" isSetter="false">
              <Summary numSequencePoints="5" visitedSequencePoints="0" numBranchPoints="0" visitedBranchPoints="0" sequenceCoverage="0.0" branchCoverage="0" maxCyclomaticComplexity="1" minCyclomaticComplexity="1" maxCrapScore="2" minCrapScore="2" visitedClasses="0" numClasses="0" visitedMethods="0" numMethods="1" />
              <MetadataToken>100663348</MetadataToken>
              <Name>System.Void FrostfallSaga.Grid.Cells.CellMouseEventsController::OnEnable()</Name>
              <FileRef uid="41" />
              <SequencePoints>
                <SequencePoint vc="0" uspid="3302" ordinal="0" offset="0" sl="19" sc="0" el="19" ec="0" bec="0" bev="0" fileid="41" />
                <SequencePoint vc="0" uspid="3303" ordinal="0" offset="1" sl="20" sc="0" el="20" ec="0" bec="0" bev="0" fileid="41" />
                <SequencePoint vc="0" uspid="3304" ordinal="0" offset="39" sl="21" sc="0" el="21" ec="0" bec="0" bev="0" fileid="41" />
                <SequencePoint vc="0" uspid="3305" ordinal="0" offset="77" sl="22" sc="0" el="22" ec="0" bec="0" bev="0" fileid="41" />
                <SequencePoint vc="0" uspid="3306" ordinal="0" offset="115" sl="23" sc="0" el="23" ec="0" bec="0" bev="0" fileid="41" />
              </SequencePoints>
              <BranchPoints />
            </Method>
            <Method visited="false" cyclomaticComplexity="4" nPathComplexity="0" sequenceCoverage="0.0" branchCoverage="0" crapScore="20" isConstructor="false" isStatic="false" isGetter="false" isSetter="false">
              <Summary numSequencePoints="6" visitedSequencePoints="0" numBranchPoints="0" visitedBranchPoints="0" sequenceCoverage="0.0" branchCoverage="0" maxCyclomaticComplexity="4" minCyclomaticComplexity="4" maxCrapScore="20" minCrapScore="20" visitedClasses="0" numClasses="0" visitedMethods="0" numMethods="1" />
              <MetadataToken>100663349</MetadataToken>
              <Name>System.Void FrostfallSaga.Grid.Cells.CellMouseEventsController::OnMouseControllerElementHover(UnityEngine.RaycastHit)</Name>
              <FileRef uid="41" />
              <SequencePoints>
                <SequencePoint vc="0" uspid="3307" ordinal="0" offset="0" sl="26" sc="0" el="26" ec="0" bec="0" bev="0" fileid="41" />
                <SequencePoint vc="0" uspid="3308" ordinal="0" offset="1" sl="27" sc="0" el="27" ec="0" bec="0" bev="0" fileid="41" />
                <SequencePoint vc="0" uspid="3309" ordinal="0" offset="31" sl="28" sc="0" el="28" ec="0" bec="0" bev="0" fileid="41" />
                <SequencePoint vc="0" uspid="3310" ordinal="0" offset="32" sl="29" sc="0" el="29" ec="0" bec="0" bev="0" fileid="41" />
                <SequencePoint vc="0" uspid="3311" ordinal="0" offset="56" sl="30" sc="0" el="30" ec="0" bec="0" bev="0" fileid="41" />
                <SequencePoint vc="0" uspid="3312" ordinal="0" offset="57" sl="31" sc="0" el="31" ec="0" bec="0" bev="0" fileid="41" />
              </SequencePoints>
              <BranchPoints />
            </Method>
            <Method visited="false" cyclomaticComplexity="4" nPathComplexity="0" sequenceCoverage="0.0" branchCoverage="0" crapScore="20" isConstructor="false" isStatic="false" isGetter="false" isSetter="false">
              <Summary numSequencePoints="6" visitedSequencePoints="0" numBranchPoints="0" visitedBranchPoints="0" sequenceCoverage="0.0" branchCoverage="0" maxCyclomaticComplexity="4" minCyclomaticComplexity="4" maxCrapScore="20" minCrapScore="20" visitedClasses="0" numClasses="0" visitedMethods="0" numMethods="1" />
              <MetadataToken>100663350</MetadataToken>
              <Name>System.Void FrostfallSaga.Grid.Cells.CellMouseEventsController::OnMouseControllerElementUnhover(UnityEngine.RaycastHit)</Name>
              <FileRef uid="41" />
              <SequencePoints>
                <SequencePoint vc="0" uspid="3313" ordinal="0" offset="0" sl="34" sc="0" el="34" ec="0" bec="0" bev="0" fileid="41" />
                <SequencePoint vc="0" uspid="3314" ordinal="0" offset="1" sl="35" sc="0" el="35" ec="0" bec="0" bev="0" fileid="41" />
                <SequencePoint vc="0" uspid="3315" ordinal="0" offset="31" sl="36" sc="0" el="36" ec="0" bec="0" bev="0" fileid="41" />
                <SequencePoint vc="0" uspid="3316" ordinal="0" offset="32" sl="37" sc="0" el="37" ec="0" bec="0" bev="0" fileid="41" />
                <SequencePoint vc="0" uspid="3317" ordinal="0" offset="56" sl="38" sc="0" el="38" ec="0" bec="0" bev="0" fileid="41" />
                <SequencePoint vc="0" uspid="3318" ordinal="0" offset="57" sl="39" sc="0" el="39" ec="0" bec="0" bev="0" fileid="41" />
              </SequencePoints>
              <BranchPoints />
            </Method>
            <Method visited="false" cyclomaticComplexity="4" nPathComplexity="0" sequenceCoverage="0.0" branchCoverage="0" crapScore="20" isConstructor="false" isStatic="false" isGetter="false" isSetter="false">
              <Summary numSequencePoints="6" visitedSequencePoints="0" numBranchPoints="0" visitedBranchPoints="0" sequenceCoverage="0.0" branchCoverage="0" maxCyclomaticComplexity="4" minCyclomaticComplexity="4" maxCrapScore="20" minCrapScore="20" visitedClasses="0" numClasses="0" visitedMethods="0" numMethods="1" />
              <MetadataToken>100663351</MetadataToken>
              <Name>System.Void FrostfallSaga.Grid.Cells.CellMouseEventsController::OnMouseControllerLeftMouseDown(UnityEngine.RaycastHit)</Name>
              <FileRef uid="41" />
              <SequencePoints>
                <SequencePoint vc="0" uspid="3319" ordinal="0" offset="0" sl="42" sc="0" el="42" ec="0" bec="0" bev="0" fileid="41" />
                <SequencePoint vc="0" uspid="3320" ordinal="0" offset="1" sl="43" sc="0" el="43" ec="0" bec="0" bev="0" fileid="41" />
                <SequencePoint vc="0" uspid="3321" ordinal="0" offset="31" sl="44" sc="0" el="44" ec="0" bec="0" bev="0" fileid="41" />
                <SequencePoint vc="0" uspid="3322" ordinal="0" offset="32" sl="45" sc="0" el="45" ec="0" bec="0" bev="0" fileid="41" />
                <SequencePoint vc="0" uspid="3323" ordinal="0" offset="56" sl="46" sc="0" el="46" ec="0" bec="0" bev="0" fileid="41" />
                <SequencePoint vc="0" uspid="3324" ordinal="0" offset="57" sl="47" sc="0" el="47" ec="0" bec="0" bev="0" fileid="41" />
              </SequencePoints>
              <BranchPoints />
            </Method>
            <Method visited="false" cyclomaticComplexity="1" nPathComplexity="0" sequenceCoverage="0.0" branchCoverage="0" crapScore="2" isConstructor="false" isStatic="false" isGetter="false" isSetter="false">
              <Summary numSequencePoints="5" visitedSequencePoints="0" numBranchPoints="0" visitedBranchPoints="0" sequenceCoverage="0.0" branchCoverage="0" maxCyclomaticComplexity="1" minCyclomaticComplexity="1" maxCrapScore="2" minCrapScore="2" visitedClasses="0" numClasses="0" visitedMethods="0" numMethods="1" />
              <MetadataToken>100663352</MetadataToken>
              <Name>System.Void FrostfallSaga.Grid.Cells.CellMouseEventsController::OnDisable()</Name>
              <FileRef uid="41" />
              <SequencePoints>
                <SequencePoint vc="0" uspid="3325" ordinal="0" offset="0" sl="50" sc="0" el="50" ec="0" bec="0" bev="0" fileid="41" />
                <SequencePoint vc="0" uspid="3326" ordinal="0" offset="1" sl="51" sc="0" el="51" ec="0" bec="0" bev="0" fileid="41" />
                <SequencePoint vc="0" uspid="3327" ordinal="0" offset="39" sl="52" sc="0" el="52" ec="0" bec="0" bev="0" fileid="41" />
                <SequencePoint vc="0" uspid="3328" ordinal="0" offset="77" sl="53" sc="0" el="53" ec="0" bec="0" bev="0" fileid="41" />
                <SequencePoint vc="0" uspid="3329" ordinal="0" offset="115" sl="54" sc="0" el="54" ec="0" bec="0" bev="0" fileid="41" />
              </SequencePoints>
              <BranchPoints />
            </Method>
          </Methods>
        </Class>
        <Class>
          <Summary numSequencePoints="11" visitedSequencePoints="0" numBranchPoints="0" visitedBranchPoints="0" sequenceCoverage="0.0" branchCoverage="0.0" maxCyclomaticComplexity="1" minCyclomaticComplexity="1" maxCrapScore="2" minCrapScore="2" visitedClasses="0" numClasses="1" visitedMethods="0" numMethods="5" />
          <FullName>FrostfallSaga.Grid.Cells.CellVisual</FullName>
          <Methods>
            <Method visited="false" cyclomaticComplexity="1" nPathComplexity="0" sequenceCoverage="0.0" branchCoverage="0" crapScore="2" isConstructor="false" isStatic="false" isGetter="true" isSetter="false">
              <Summary numSequencePoints="1" visitedSequencePoints="0" numBranchPoints="0" visitedBranchPoints="0" sequenceCoverage="0.0" branchCoverage="0" maxCyclomaticComplexity="1" minCyclomaticComplexity="1" maxCrapScore="2" minCrapScore="2" visitedClasses="0" numClasses="0" visitedMethods="0" numMethods="1" />
              <MetadataToken>100663354</MetadataToken>
              <Name>UnityEngine.Material FrostfallSaga.Grid.Cells.CellVisual::get_DefaultMaterial()</Name>
              <FileRef uid="42" />
              <SequencePoints>
                <SequencePoint vc="0" uspid="3330" ordinal="0" offset="0" sl="11" sc="0" el="11" ec="0" bec="0" bev="0" fileid="42" />
              </SequencePoints>
              <BranchPoints />
            </Method>
            <Method visited="false" cyclomaticComplexity="1" nPathComplexity="0" sequenceCoverage="0.0" branchCoverage="0" crapScore="2" isConstructor="false" isStatic="false" isGetter="false" isSetter="true">
              <Summary numSequencePoints="1" visitedSequencePoints="0" numBranchPoints="0" visitedBranchPoints="0" sequenceCoverage="0.0" branchCoverage="0" maxCyclomaticComplexity="1" minCyclomaticComplexity="1" maxCrapScore="2" minCrapScore="2" visitedClasses="0" numClasses="0" visitedMethods="0" numMethods="1" />
              <MetadataToken>100663355</MetadataToken>
              <Name>System.Void FrostfallSaga.Grid.Cells.CellVisual::set_DefaultMaterial(UnityEngine.Material)</Name>
              <FileRef uid="42" />
              <SequencePoints>
                <SequencePoint vc="0" uspid="3331" ordinal="0" offset="0" sl="11" sc="0" el="11" ec="0" bec="0" bev="0" fileid="42" />
              </SequencePoints>
              <BranchPoints />
            </Method>
            <Method visited="false" cyclomaticComplexity="1" nPathComplexity="0" sequenceCoverage="0.0" branchCoverage="0" crapScore="2" isConstructor="false" isStatic="false" isGetter="false" isSetter="false">
              <Summary numSequencePoints="3" visitedSequencePoints="0" numBranchPoints="0" visitedBranchPoints="0" sequenceCoverage="0.0" branchCoverage="0" maxCyclomaticComplexity="1" minCyclomaticComplexity="1" maxCrapScore="2" minCrapScore="2" visitedClasses="0" numClasses="0" visitedMethods="0" numMethods="1" />
              <MetadataToken>100663356</MetadataToken>
              <Name>System.Void FrostfallSaga.Grid.Cells.CellVisual::UpdateDefaultMaterial(UnityEngine.Material)</Name>
              <FileRef uid="42" />
              <SequencePoints>
                <SequencePoint vc="0" uspid="3332" ordinal="0" offset="0" sl="19" sc="0" el="19" ec="0" bec="0" bev="0" fileid="42" />
                <SequencePoint vc="0" uspid="3333" ordinal="0" offset="1" sl="20" sc="0" el="20" ec="0" bec="0" bev="0" fileid="42" />
                <SequencePoint vc="0" uspid="3334" ordinal="0" offset="9" sl="21" sc="0" el="21" ec="0" bec="0" bev="0" fileid="42" />
              </SequencePoints>
              <BranchPoints />
            </Method>
            <Method visited="false" cyclomaticComplexity="1" nPathComplexity="0" sequenceCoverage="0.0" branchCoverage="0" crapScore="2" isConstructor="false" isStatic="false" isGetter="false" isSetter="false">
              <Summary numSequencePoints="3" visitedSequencePoints="0" numBranchPoints="0" visitedBranchPoints="0" sequenceCoverage="0.0" branchCoverage="0" maxCyclomaticComplexity="1" minCyclomaticComplexity="1" maxCrapScore="2" minCrapScore="2" visitedClasses="0" numClasses="0" visitedMethods="0" numMethods="1" />
              <MetadataToken>100663357</MetadataToken>
              <Name>System.Void FrostfallSaga.Grid.Cells.CellVisual::Highlight(UnityEngine.Material)</Name>
              <FileRef uid="42" />
              <SequencePoints>
                <SequencePoint vc="0" uspid="3335" ordinal="0" offset="0" sl="28" sc="0" el="28" ec="0" bec="0" bev="0" fileid="42" />
                <SequencePoint vc="0" uspid="3336" ordinal="0" offset="1" sl="29" sc="0" el="29" ec="0" bec="0" bev="0" fileid="42" />
                <SequencePoint vc="0" uspid="3337" ordinal="0" offset="14" sl="30" sc="0" el="30" ec="0" bec="0" bev="0" fileid="42" />
              </SequencePoints>
              <BranchPoints />
            </Method>
            <Method visited="false" cyclomaticComplexity="1" nPathComplexity="0" sequenceCoverage="0.0" branchCoverage="0" crapScore="2" isConstructor="false" isStatic="false" isGetter="false" isSetter="false">
              <Summary numSequencePoints="3" visitedSequencePoints="0" numBranchPoints="0" visitedBranchPoints="0" sequenceCoverage="0.0" branchCoverage="0" maxCyclomaticComplexity="1" minCyclomaticComplexity="1" maxCrapScore="2" minCrapScore="2" visitedClasses="0" numClasses="0" visitedMethods="0" numMethods="1" />
              <MetadataToken>100663358</MetadataToken>
              <Name>System.Void FrostfallSaga.Grid.Cells.CellVisual::ResetMaterial()</Name>
              <FileRef uid="42" />
              <SequencePoints>
                <SequencePoint vc="0" uspid="3338" ordinal="0" offset="0" sl="36" sc="0" el="36" ec="0" bec="0" bev="0" fileid="42" />
                <SequencePoint vc="0" uspid="3339" ordinal="0" offset="1" sl="37" sc="0" el="37" ec="0" bec="0" bev="0" fileid="42" />
                <SequencePoint vc="0" uspid="3340" ordinal="0" offset="19" sl="38" sc="0" el="38" ec="0" bec="0" bev="0" fileid="42" />
              </SequencePoints>
              <BranchPoints />
            </Method>
          </Methods>
        </Class>
        <Class>
          <Summary numSequencePoints="8" visitedSequencePoints="0" numBranchPoints="0" visitedBranchPoints="0" sequenceCoverage="0.0" branchCoverage="0.0" maxCyclomaticComplexity="2" minCyclomaticComplexity="2" maxCrapScore="6" minCrapScore="6" visitedClasses="0" numClasses="1" visitedMethods="0" numMethods="1" />
          <FullName>FrostfallSaga.Grid.Cells.CellEditor</FullName>
          <Methods>
            <Method visited="false" cyclomaticComplexity="2" nPathComplexity="0" sequenceCoverage="0.0" branchCoverage="0" crapScore="6" isConstructor="false" isStatic="false" isGetter="false" isSetter="false">
              <Summary numSequencePoints="8" visitedSequencePoints="0" numBranchPoints="0" visitedBranchPoints="0" sequenceCoverage="0.0" branchCoverage="0" maxCyclomaticComplexity="2" minCyclomaticComplexity="2" maxCrapScore="6" minCrapScore="6" visitedClasses="0" numClasses="0" visitedMethods="0" numMethods="1" />
              <MetadataToken>100663360</MetadataToken>
              <Name>System.Void FrostfallSaga.Grid.Cells.CellEditor::OnInspectorGUI()</Name>
              <FileRef uid="43" />
              <SequencePoints>
                <SequencePoint vc="0" uspid="3341" ordinal="0" offset="0" sl="10" sc="0" el="10" ec="0" bec="0" bev="0" fileid="43" />
                <SequencePoint vc="0" uspid="3342" ordinal="0" offset="1" sl="11" sc="0" el="11" ec="0" bec="0" bev="0" fileid="43" />
                <SequencePoint vc="0" uspid="3343" ordinal="0" offset="8" sl="13" sc="0" el="13" ec="0" bec="0" bev="0" fileid="43" />
                <SequencePoint vc="0" uspid="3344" ordinal="0" offset="20" sl="15" sc="0" el="15" ec="0" bec="0" bev="0" fileid="43" />
                <SequencePoint vc="0" uspid="3345" ordinal="0" offset="39" sl="16" sc="0" el="16" ec="0" bec="0" bev="0" fileid="43" />
                <SequencePoint vc="0" uspid="3346" ordinal="0" offset="40" sl="17" sc="0" el="17" ec="0" bec="0" bev="0" fileid="43" />
                <SequencePoint vc="0" uspid="3347" ordinal="0" offset="53" sl="18" sc="0" el="18" ec="0" bec="0" bev="0" fileid="43" />
                <SequencePoint vc="0" uspid="3348" ordinal="0" offset="54" sl="19" sc="0" el="19" ec="0" bec="0" bev="0" fileid="43" />
              </SequencePoints>
              <BranchPoints />
            </Method>
          </Methods>
        </Class>
      </Classes>
    </Module>
  </Modules>
</CoverageSession>